2025-11-17 15:52:52.030 [info] [main] Log level: Info
2025-11-17 15:52:52.030 [info] [main] Validating found git in: "git"
2025-11-17 15:52:52.030 [info] [main] Using git "2.51.2" from "git"
2025-11-17 15:52:52.030 [info] [Model][doInitialScan] Initial repository scan started
2025-11-17 15:52:52.030 [info] > git rev-parse --show-toplevel [44ms]
2025-11-17 15:52:52.030 [info] > git rev-parse --git-dir --git-common-dir --show-superproject-working-tree [2ms]
2025-11-17 15:52:52.036 [info] [Model][openRepository] Opened repository (path): /home/peaches/mllearn/movie-recc
2025-11-17 15:52:52.036 [info] [Model][openRepository] Opened repository (real path): /home/peaches/mllearn/movie-recc
2025-11-17 15:52:52.036 [info] [Model][openRepository] Opened repository (kind): repository
2025-11-17 15:52:52.047 [info] > git config --get commit.template [6ms]
2025-11-17 15:52:52.048 [info] > git rev-parse --show-toplevel [2ms]
2025-11-17 15:52:52.053 [info] [Git][getRemotes] No remotes found in the git config file
2025-11-17 15:52:52.058 [info] > git for-each-ref --format=%(refname)%00%(upstream:short)%00%(objectname)%00%(upstream:track)%00%(upstream:remotename)%00%(upstream:remoteref) refs/heads/master refs/remotes/master [5ms]
2025-11-17 15:52:52.070 [info] > git status -z -uall [7ms]
2025-11-17 15:52:52.071 [info] > git for-each-ref --sort -committerdate --format %(refname)%00%(objectname)%00%(*objectname) [3ms]
2025-11-17 15:52:52.081 [info] > git rev-parse --show-toplevel [23ms]
2025-11-17 15:52:52.091 [info] > git for-each-ref --format=%(refname)%00%(upstream:short)%00%(objectname)%00%(upstream:track)%00%(upstream:remotename)%00%(upstream:remoteref) refs/heads/master refs/remotes/master [12ms]
2025-11-17 15:52:52.122 [info] > git config --get --local branch.master.vscode-merge-base [27ms]
2025-11-17 15:52:52.123 [warning] [Git][config] git config failed: Failed to execute git
2025-11-17 15:52:52.127 [info] > git rev-parse --show-toplevel [37ms]
2025-11-17 15:52:52.128 [info] [Model][doInitialScan] Initial repository scan completed - repositories (1), closed repositories (0), parent repositories (0), unsafe repositories (0)
2025-11-17 15:52:52.129 [info] > git config --get commit.template [43ms]
2025-11-17 15:52:52.137 [info] > git reflog master --grep-reflog=branch: Created from *. [10ms]
2025-11-17 15:52:52.142 [info] [Git][getRemotes] No remotes found in the git config file
2025-11-17 15:52:52.148 [info] > git for-each-ref --format=%(refname)%00%(upstream:short)%00%(objectname)%00%(upstream:track)%00%(upstream:remotename)%00%(upstream:remoteref) refs/heads/master refs/remotes/master [6ms]
2025-11-17 15:52:52.158 [info] > git status -z -uall [6ms]
2025-11-17 15:52:52.164 [info] > git for-each-ref --sort -committerdate --format %(refname)%00%(objectname)%00%(*objectname) [8ms]
2025-11-17 15:52:53.311 [info] > git check-ignore -v -z --stdin [216ms]
2025-11-17 15:52:55.872 [info] > git config --get commit.template [3ms]
2025-11-17 15:52:55.881 [info] [Git][getRemotes] No remotes found in the git config file
2025-11-17 15:52:55.884 [info] > git for-each-ref --format=%(refname)%00%(upstream:short)%00%(objectname)%00%(upstream:track)%00%(upstream:remotename)%00%(upstream:remoteref) refs/heads/master refs/remotes/master [3ms]
2025-11-17 15:52:55.904 [info] > git status -z -uall [9ms]
2025-11-17 15:52:55.905 [info] > git for-each-ref --sort -committerdate --format %(refname)%00%(objectname)%00%(*objectname) [2ms]
