    OpenRGB v0.9+ (1.0rc2)
    Commit:  from 
    Launched: 20251110_212319
====================================================================================================

52    |Info:    [ResourceManager] Saving detector settings
54    |Info:    [ResourceManager] Initializing HID interfaces: Success
54    |Info:    ------------------------------------------------------
54    |Info:    |               Start device detection               |
54    |Info:    ------------------------------------------------------
57    |Info:    ------------------------------------------------------
57    |Info:    |             Detecting I2C interfaces               |
57    |Info:    ------------------------------------------------------
57    |Info:    [ResourceManager] Registering I2C interface: /dev/i2c-3 Device 1002:15BF Subsystem: 103C:8BCA
57    |Info:    [ResourceManager] Registering I2C interface: /dev/i2c-20 Device 10DE:28A0 Subsystem: 103C:8BCA
57    |Warning: [i2c_smbus_linux] Failed to read i2c device PCI device ID
57    |Info:    [ResourceManager] Registering I2C interface: /dev/i2c-10 Device 0000:0000 Subsystem: 0000:0000
58    |Info:    [ResourceManager] Registering I2C interface: /dev/i2c-1 Device 1002:15BF Subsystem: 103C:8BCA
58    |Info:    [ResourceManager] Registering I2C interface: /dev/i2c-19 Device 10DE:28A0 Subsystem: 103C:8BCA
58    |Info:    [ResourceManager] Registering I2C interface: /dev/i2c-17 Device 1022:790B Subsystem: 103C:8BCA
58    |Warning: [i2c_smbus_linux] Failed to read i2c device PCI device ID
58    |Info:    [ResourceManager] Registering I2C interface: /dev/i2c-8 Device 0000:0000 Subsystem: 0000:0000
58    |Info:    [ResourceManager] Registering I2C interface: /dev/i2c-15 Device 1022:790B Subsystem: 103C:8BCA
58    |Info:    [ResourceManager] Registering I2C interface: /dev/i2c-6 Device 1002:15BF Subsystem: 103C:8BCA
58    |Warning: [i2c_smbus_linux] Failed to read i2c device PCI device ID
58    |Info:    [ResourceManager] Registering I2C interface: /dev/i2c-13 Device 0000:0000 Subsystem: 0000:0000
58    |Info:    [ResourceManager] Registering I2C interface: /dev/i2c-4 Device 1002:15BF Subsystem: 103C:8BCA
58    |Warning: [i2c_smbus_linux] Failed to read i2c device PCI device ID
58    |Info:    [ResourceManager] Registering I2C interface: /dev/i2c-11 Device 0000:0000 Subsystem: 0000:0000
58    |Info:    [ResourceManager] Registering I2C interface: /dev/i2c-2 Device 1002:15BF Subsystem: 103C:8BCA
58    |Info:    [ResourceManager] Registering I2C interface: /dev/i2c-0 Device 0000:0000 Subsystem: 0000:0000
58    |Info:    [ResourceManager] Registering I2C interface: /dev/i2c-18 Device 10DE:28A0 Subsystem: 103C:8BCA
58    |Warning: [i2c_smbus_linux] Failed to read i2c device PCI device ID
58    |Info:    [ResourceManager] Registering I2C interface: /dev/i2c-9 Device 0000:0000 Subsystem: 0000:0000
58    |Info:    [ResourceManager] Registering I2C interface: /dev/i2c-16 Device 1022:790B Subsystem: 103C:8BCA
58    |Info:    [ResourceManager] Registering I2C interface: /dev/i2c-7 Device 1002:15BF Subsystem: 103C:8BCA
58    |Warning: [i2c_smbus_linux] Failed to read i2c device PCI device ID
58    |Info:    [ResourceManager] Registering I2C interface: /dev/i2c-14 Device 0000:0000 Subsystem: 0000:0000
58    |Info:    [ResourceManager] Registering I2C interface: /dev/i2c-5 Device 1002:15BF Subsystem: 103C:8BCA
58    |Info:    [ResourceManager] Registering I2C interface: /dev/i2c-ELAN07C7:00 Device 0000:0000 Subsystem: 0000:0000
59    |Warning: [i2c_smbus_linux] Failed to read i2c device PCI device ID
59    |Info:    [ResourceManager] Registering I2C interface: /dev/i2c-12 Device 0000:0000 Subsystem: 0000:0000
59    |Info:    ------------------------------------------------------
59    |Info:    |               Detecting I2C devices                |
59    |Info:    ------------------------------------------------------
950   |Info:    ------------------------------------------------------
950   |Info:    |            Detecting I2C DIMM modules              |
950   |Info:    ------------------------------------------------------
1727  |Info:    [ResourceManager] Detected occupied slot 1, bus 7, type DDR5
2299  |Info:    [ResourceManager] Detected occupied slot 2, bus 7, type DDR5
2348  |Info:    ------------------------------------------------------
2348  |Info:    |               Detecting I2C PCI devices            |
2348  |Info:    ------------------------------------------------------
2350  |Info:    ------------------------------------------------------
2350  |Info:    |               Detecting HID devices                |
2350  |Info:    ------------------------------------------------------
2350  |Info:    ------------------------------------------------------
2350  |Info:    |            Detecting libusb HID devices            |
2350  |Info:    ------------------------------------------------------
2359  |Info:    ------------------------------------------------------
2359  |Info:    |              Detecting other devices               |
2359  |Info:    ------------------------------------------------------
2376  |Info:    [ResourceManager] Calling Post-detection callbacks
2376  |Info:    ------------------------------------------------------
2376  |Info:    |                Detection completed                 |
2376  |Info:    ------------------------------------------------------
2376  |Dialog:  <h2>Some internal devices may not be detected:</h2><p>One or more I2C or SMBus interfaces failed to initialize.</p><p><b>RGB DRAM modules, some motherboards' onboard RGB lighting, and RGB Graphics Cards, will not be available in OpenRGB</b> without I2C or SMBus.</p><h4>How to fix this:</h4><p>On Linux, this is usually because the i2c-dev module is not loaded.</p><p>You must load the i2c-dev module along with the correct i2c driver for your motherboard. This is usually i2c-piix4 for AMD systems and i2c-i801 for Intel systems.</p><p>See <a href='https://help.openrgb.org/'>help.openrgb.org</a> for additional troubleshooting steps if you keep seeing this message.<br></p><h3>If you are not using internal RGB on a desktop this message is not important to you.</h3>
