Visual Studio Code (1.105.1, undefined, desktop)
Jupyter Extension Version: 2025.9.1.
Python Extension Version: 2025.18.0.
Python Environment Extension Version: 1.12.0.
Pylance Extension Version: 2025.9.1.
Platform: linux (x64).
Home = /home/peaches
Temp Storage folder ~/.config/Code/User/globalStorage/ms-toolsai.jupyter/version-2025.9.1
Workspace folder ~/basic-movie-recommendation
19:05:21.618 [warn] No interpreter with path ~/.local/share/mamba/envs/jupyter/bin/python found in Python API, will convert Uri path to string as Id ~/.local/share/mamba/envs/jupyter/bin/python
19:05:23.051 [warn] Kernel Spec for 'Conda (jupyter)' (~/.local/share/jupyter/kernels/jupyter/kernel.json) hidden, as we cannot find a matching interpreter argv = '~/.local/share/mamba/envs/jupyter/bin/python'. To resolve this, please change '~/.local/share/mamba/envs/jupyter/bin/python' to point to the fully qualified Python executable.
19:05:26.875 [info] Starting Kernel (Python Path: /opt/anaconda/bin/python, Conda, 3.13.5) for '~/basic-movie-recommendation/train.ipynb' (disableUI=true)
19:05:32.592 [info] Process Execution: /opt/anaconda/bin/python -m pip list
19:05:32.628 [info] Process Execution: /opt/anaconda/bin/python -c "import ipykernel; print(ipykernel.__version__); print("5dc3a68c-e34e-4080-9c3e-2a532b2ccb4d"); print(ipykernel.__file__)"
19:05:32.635 [info] Process Execution: /opt/anaconda/bin/python -m ipykernel_launcher --f=/run/user/1000/jupyter/runtime/kernel-v3c12c5ff809b18b4a493f8776c5541f2490db628c.json
    > cwd: ~/basic-movie-recommendation
19:05:34.177 [info] Kernel successfully started
19:05:34.188 [info] Process Execution: /opt/anaconda/bin/python ~/.vscode/extensions/ms-toolsai.jupyter-2025.9.1-linux-x64/pythonFiles/printJupyterDataDir.py
19:05:34.565 [warn] Cell completed with errors [Iu [Error]: name 'similarity' is not defined
	at n.execute (~/.vscode/extensions/ms-toolsai.jupyter-2025.9.1-linux-x64/dist/extension.node.js:302:4958)] {
  ename: 'NameError',
  evalue: "name 'similarity' is not defined",
  traceback: [
    '\x1B[0;31m---------------------------------------------------------------------------\x1B[0m',
    '\x1B[0;31mNameError\x1B[0m                                 Traceback (most recent call last)',
    'Cell \x1B[0;32mIn[1], line 2\x1B[0m\n' +
      '\x1B[1;32m      1\x1B[0m \x1B[38;5;28;01mimport\x1B[39;00m\x1B[38;5;250m \x1B[39m\x1B[38;5;21;01mjoblib\x1B[39;00m \n' +
      '\x1B[0;32m----> 2\x1B[0m joblib\x1B[38;5;241m.\x1B[39mdump(similarity,\x1B[38;5;124m"\x1B[39m\x1B[38;5;124mmodel/recommend_system.joblib\x1B[39m\x1B[38;5;124m"\x1B[39m)\n' +
      '\x1B[1;32m      3\x1B[0m joblib\x1B[38;5;241m.\x1B[39mdump(movies,\x1B[38;5;124m"\x1B[39m\x1B[38;5;124mmodel/movies_data.joblib\x1B[39m\x1B[38;5;124m"\x1B[39m)\n',
    "\x1B[0;31mNameError\x1B[0m: name 'similarity' is not defined"
  ]
}
19:05:34.918 [error] Widget Error: Failed to access CDN https://unpkg.com/ after 0 attempt(s), TypeError: Failed to fetch
19:05:49.752 [warn] Cell completed with errors [Iu [Error]: 'Series' object has no attribute 'genres'
	at n.execute (~/.vscode/extensions/ms-toolsai.jupyter-2025.9.1-linux-x64/dist/extension.node.js:302:4958)] {
  ename: 'AttributeError',
  evalue: "'Series' object has no attribute 'genres'",
  traceback: [
    '\x1B[0;31m---------------------------------------------------------------------------\x1B[0m',
    '\x1B[0;31mAttributeError\x1B[0m                            Traceback (most recent call last)',
    '\x1B[0;32m/tmp/ipykernel_138967/2806659955.py\x1B[0m in \x1B[0;36m?\x1B[0;34m()\x1B[0m\n' +
      '\x1B[0;32m----> 1\x1B[0;31m \x1B[0mrecommend\x1B[0m\x1B[0;34m(\x1B[0m\x1B[0;34m"Cypher"\x1B[0m\x1B[0;34m)\x1B[0m\x1B[0;34m\x1B[0m\x1B[0;34m\x1B[0m\x1B[0m\n' +
      '\x1B[0m',
    '\x1B[0;32m/tmp/ipykernel_138967/2293536923.py\x1B[0m in \x1B[0;36m?\x1B[0;34m(movie)\x1B[0m\n' +
      '\x1B[1;32m      3\x1B[0m     \x1B[0mdistances\x1B[0m \x1B[0;34m=\x1B[0m \x1B[0msimilarity\x1B[0m\x1B[0;34m[\x1B[0m\x1B[0mmovie_index\x1B[0m\x1B[0;34m]\x1B[0m\x1B[0;34m\x1B[0m\x1B[0;34m\x1B[0m\x1B[0m\n' +
      '\x1B[1;32m      4\x1B[0m     \x1B[0mmovie_list\x1B[0m \x1B[0;34m=\x1B[0m \x1B[0msorted\x1B[0m\x1B[0;34m(\x1B[0m\x1B[0mlist\x1B[0m\x1B[0;34m(\x1B[0m\x1B[0menumerate\x1B[0m\x1B[0;34m(\x1B[0m\x1B[0mdistances\x1B[0m\x1B[0;34m)\x1B[0m\x1B[0;34m)\x1B[0m\x1B[0;34m,\x1B[0m \x1B[0mreverse\x1B[0m\x1B[0;34m=\x1B[0m\x1B[0;32mTrue\x1B[0m\x1B[0;34m,\x1B[0m \x1B[0mkey\x1B[0m\x1B[0;34m=\x1B[0m\x1B[0;32mlambda\x1B[0m \x1B[0mx\x1B[0m\x1B[0;34m:\x1B[0m \x1B[0mx\x1B[0m\x1B[0;34m[\x1B[0m\x1B[0;36m1\x1B[0m\x1B[0;34m]\x1B[0m\x1B[0;34m)\x1B[0m\x1B[0;34m\x1B[0m\x1B[0;34m\x1B[0m\x1B[0m\n' +
      '\x1B[1;32m      5\x1B[0m \x1B[0;34m\x1B[0m\x1B[0m\n' +
      '\x1B[1;32m      6\x1B[0m     \x1B[0;31m# Filter only movies in the same main genre\x1B[0m\x1B[0;34m\x1B[0m\x1B[0;34m\x1B[0m\x1B[0m\n' +
      '\x1B[0;32m----> 7\x1B[0;31m     \x1B[0mtarget_genre\x1B[0m \x1B[0;34m=\x1B[0m \x1B[0mmovies\x1B[0m\x1B[0;34m.\x1B[0m\x1B[0miloc\x1B[0m\x1B[0;34m[\x1B[0m\x1B[0mmovie_index\x1B[0m\x1B[0;34m]\x1B[0m\x1B[0;34m.\x1B[0m\x1B[0mgenres\x1B[0m\x1B[0;34m.\x1B[0m\x1B[0msplit\x1B[0m\x1B[0;34m(\x1B[0m\x1B[0;34m)\x1B[0m\x1B[0;34m[\x1B[0m\x1B[0;36m0\x1B[0m\x1B[0;34m]\x1B[0m\x1B[0;34m\x1B[0m\x1B[0;34m\x1B[0m\x1B[0m\n' +
      '\x1B[0m\x1B[1;32m      8\x1B[0m     recommendations = [\n' +
      '\x1B[1;32m      9\x1B[0m         \x1B[0mmovies\x1B[0m\x1B[0;34m.\x1B[0m\x1B[0miloc\x1B[0m\x1B[0;34m[\x1B[0m\x1B[0mi\x1B[0m\x1B[0;34m[\x1B[0m\x1B[0;36m0\x1B[0m\x1B[0;34m]\x1B[0m\x1B[0;34m]\x1B[0m\x1B[0;34m.\x1B[0m\x1B[0mtitle\x1B[0m\x1B[0;34m\x1B[0m\x1B[0;34m\x1B[0m\x1B[0m\n' +
      '\x1B[1;32m     10\x1B[0m         \x1B[0;32mfor\x1B[0m \x1B[0mi\x1B[0m \x1B[0;32min\x1B[0m \x1B[0mmovie_list\x1B[0m\x1B[0;34m\x1B[0m\x1B[0;34m\x1B[0m\x1B[0m\n',
    '\x1B[0;32m/opt/anaconda/lib/python3.13/site-packages/pandas/core/generic.py\x1B[0m in \x1B[0;36m?\x1B[0;34m(self, name)\x1B[0m\n' +
      '\x1B[1;32m   6295\x1B[0m             \x1B[0;32mand\x1B[0m \x1B[0mname\x1B[0m \x1B[0;32mnot\x1B[0m \x1B[0;32min\x1B[0m \x1B[0mself\x1B[0m\x1B[0;34m.\x1B[0m\x1B[0m_accessors\x1B[0m\x1B[0;34m\x1B[0m\x1B[0;34m\x1B[0m\x1B[0m\n' +
      '\x1B[1;32m   6296\x1B[0m             \x1B[0;32mand\x1B[0m \x1B[0mself\x1B[0m\x1B[0;34m.\x1B[0m\x1B[0m_info_axis\x1B[0m\x1B[0;34m.\x1B[0m\x1B[0m_can_hold_identifiers_and_holds_name\x1B[0m\x1B[0;34m(\x1B[0m\x1B[0mname\x1B[0m\x1B[0;34m)\x1B[0m\x1B[0;34m\x1B[0m\x1B[0;34m\x1B[0m\x1B[0m\n' +
      '\x1B[1;32m   6297\x1B[0m         \x1B[0;34m)\x1B[0m\x1B[0;34m:\x1B[0m\x1B[0;34m\x1B[0m\x1B[0;34m\x1B[0m\x1B[0m\n' +
      '\x1B[1;32m   6298\x1B[0m             \x1B[0;32mreturn\x1B[0m \x1B[0mself\x1B[0m\x1B[0;34m[\x1B[0m\x1B[0mname\x1B[0m\x1B[0;34m]\x1B[0m\x1B[0;34m\x1B[0m\x1B[0;34m\x1B[0m\x1B[0m\n' +
      '\x1B[0;32m-> 6299\x1B[0;31m         \x1B[0;32mreturn\x1B[0m \x1B[0mobject\x1B[0m\x1B[0;34m.\x1B[0m\x1B[0m__getattribute__\x1B[0m\x1B[0;34m(\x1B[0m\x1B[0mself\x1B[0m\x1B[0;34m,\x1B[0m \x1B[0mname\x1B[0m\x1B[0;34m)\x1B[0m\x1B[0;34m\x1B[0m\x1B[0;34m\x1B[0m\x1B[0m\n' +
      '\x1B[0m',
    "\x1B[0;31mAttributeError\x1B[0m: 'Series' object has no attribute 'genres'"
  ]
}
19:05:49.754 [warn] Cancel all remaining cells due to cancellation or failure in execution
19:05:57.008 [warn] Disposing old controller startUsingPythonInterpreter:'.jvsc74a57bd0586ad1ed5c97141e2437e681efbf1ec0adcd17d830cf5af2ca3d2819e743e158./opt/anaconda/python./opt/anaconda/python.-m#ipykernel_launcher (Interactive)' for view = 'interactive'
19:05:57.008 [warn] Deleting controller .jvsc74a57bd0586ad1ed5c97141e2437e681efbf1ec0adcd17d830cf5af2ca3d2819e743e158./opt/anaconda/python./opt/anaconda/python.-m#ipykernel_launcher as it is associated with a connection that has been deleted startUsingPythonInterpreter:.jvsc74a57bd0586ad1ed5c97141e2437e681efbf1ec0adcd17d830cf5af2ca3d2819e743e158./opt/anaconda/python./opt/anaconda/python.-m#ipykernel_launcher
19:05:57.010 [warn] The following kernels use interpreters that are no longer valid or not recognized by Python extension, Kernels startUsingPythonInterpreter:'id=.jvsc74a57bd0586ad1ed5c97141e2437e681efbf1ec0adcd17d830cf5af2ca3d2819e743e158./opt/anaconda/python./opt/anaconda/python.-m#ipykernel_launcher'(interpreterId='/opt/anaconda/bin/python') and valid interpreter ids include ~/basic-movie-recommendation/.venv/bin/python, ~/.venvs/ml/bin/python, /usr/bin/python, /bin/python, ~/.local/bin/python3.13, ~/anaconda3/bin/python, /usr/sbin/python, /sbin/python, /usr/sbin/python3, /sbin/python3, /usr/sbin/python3.13, /sbin/python3.13
19:16:36.159 [info] Disposing request as the cell (-1) was deleted ~/basic-movie-recommendation/train.ipynb
19:16:36.278 [info] Switch kernel did not change kernel.
19:16:40.605 [info] Process Execution: /opt/anaconda/bin/python -m pip list
19:33:03.919 [info] Dispose Kernel '~/basic-movie-recommendation/train.ipynb' associated with '~/basic-movie-recommendation/train.ipynb'
19:33:03.957 [warn] Failed to delete connection file file:///run/user/1000/jupyter/runtime/kernel-v3c12c5ff809b18b4a493f8776c5541f2490db628c.json for pid 138967 [Canceled (FileSystemError): Canceled
	at ws.e (file:///opt/visual-studio-code/resources/app/out/vs/workbench/api/node/extensionHostProcess.js:114:18860)
	at Object.stat (file:///opt/visual-studio-code/resources/app/out/vs/workbench/api/node/extensionHostProcess.js:114:16011)
	at async ou.delete (~/.vscode/extensions/ms-toolsai.jupyter-2025.9.1-linux-x64/dist/extension.node.js:236:16320)
	at async ~/.vscode/extensions/ms-toolsai.jupyter-2025.9.1-linux-x64/dist/extension.node.js:308:469] {
  code: 'Unknown'
}
