2025-11-17 12:19:37.277 [info] [main] Log level: Info
2025-11-17 12:19:37.277 [info] [main] Validating found git in: "git"
2025-11-17 12:19:37.277 [info] [main] Using git "2.51.2" from "git"
2025-11-17 12:19:37.277 [info] [Model][doInitialScan] Initial repository scan started
2025-11-17 12:19:37.277 [info] > git rev-parse --show-toplevel [4ms]
2025-11-17 12:19:37.277 [info] fatal: not a git repository (or any of the parent directories): .git
2025-11-17 12:19:37.277 [info] [Model][doInitialScan] Initial repository scan completed - repositories (0), closed repositories (0), parent repositories (0), unsafe repositories (0)
2025-11-17 12:19:38.264 [info] > git rev-parse --show-toplevel [167ms]
2025-11-17 12:19:38.264 [info] fatal: not a git repository (or any of the parent directories): .git
2025-11-17 12:19:38.531 [info] > git rev-parse --show-toplevel [215ms]
2025-11-17 12:19:38.531 [info] fatal: not a git repository (or any of the parent directories): .git
2025-11-17 12:19:39.885 [info] > git rev-parse --show-toplevel [12ms]
2025-11-17 12:19:39.885 [info] fatal: not a git repository (or any of the parent directories): .git
2025-11-17 12:19:39.899 [info] > git rev-parse --show-toplevel [1ms]
2025-11-17 12:19:39.899 [info] fatal: not a git repository (or any of the parent directories): .git
2025-11-17 12:19:41.412 [info] > git rev-parse --show-toplevel [2ms]
2025-11-17 12:19:41.412 [info] fatal: not a git repository (or any of the parent directories): .git
2025-11-17 12:21:34.401 [info] > git rev-parse --show-toplevel [6ms]
2025-11-17 12:21:34.401 [info] fatal: not a git repository (or any of the parent directories): .git
2025-11-17 12:21:35.626 [info] > git rev-parse --show-toplevel [4ms]
2025-11-17 12:21:35.626 [info] fatal: not a git repository (or any of the parent directories): .git
