2025-11-11 17:30:12.497 [info] [main] Log level: Info
2025-11-11 17:30:12.497 [info] [main] Validating found git in: "git"
2025-11-11 17:30:12.497 [info] [main] Using git "2.51.2" from "git"
2025-11-11 17:30:12.497 [info] [Model][doInitialScan] Initial repository scan started
2025-11-11 17:30:12.497 [info] > git rev-parse --show-toplevel [5ms]
2025-11-11 17:30:12.497 [info] fatal: not a git repository (or any of the parent directories): .git
2025-11-11 17:30:12.497 [info] > git rev-parse --show-toplevel [1ms]
2025-11-11 17:30:12.497 [info] fatal: not a git repository (or any of the parent directories): .git
2025-11-11 17:30:12.497 [info] > git rev-parse --show-toplevel [1ms]
2025-11-11 17:30:12.497 [info] fatal: not a git repository (or any of the parent directories): .git
2025-11-11 17:30:12.497 [info] > git rev-parse --show-toplevel [1ms]
2025-11-11 17:30:12.497 [info] fatal: not a git repository (or any of the parent directories): .git
2025-11-11 17:30:12.497 [info] > git rev-parse --show-toplevel [1ms]
2025-11-11 17:30:12.497 [info] fatal: not a git repository (or any of the parent directories): .git
2025-11-11 17:30:12.497 [info] [Model][doInitialScan] Initial repository scan completed - repositories (0), closed repositories (0), parent repositories (0), unsafe repositories (0)
2025-11-11 17:30:12.541 [info] > git rev-parse --show-toplevel [1ms]
2025-11-11 17:30:12.541 [info] fatal: not a git repository (or any of the parent directories): .git
2025-11-11 17:30:12.565 [info] > git rev-parse --show-toplevel [1ms]
2025-11-11 17:30:12.565 [info] fatal: not a git repository (or any of the parent directories): .git
2025-11-11 17:30:12.591 [info] > git rev-parse --show-toplevel [1ms]
2025-11-11 17:30:12.591 [info] fatal: not a git repository (or any of the parent directories): .git
2025-11-11 17:30:14.525 [info] > git rev-parse --show-toplevel [1ms]
2025-11-11 17:30:14.525 [info] fatal: not a git repository (or any of the parent directories): .git
2025-11-11 17:30:18.962 [info] > git rev-parse --show-toplevel [1ms]
2025-11-11 17:30:18.962 [info] fatal: not a git repository (or any of the parent directories): .git
