2025-11-16 17:48:14.733 [info] Reading sessions from keychain...
2025-11-16 17:48:14.733 [info] Getting sessions for all scopes...
2025-11-16 17:48:14.733 [info] Got 0 sessions for ...
2025-11-16 17:48:14.733 [info] Getting sessions for all scopes...
2025-11-16 17:48:14.733 [info] Got 0 sessions for ...
2025-11-16 17:48:14.733 [info] Getting sessions for all scopes...
2025-11-16 17:48:14.733 [info] Got 0 sessions for ...
2025-11-16 17:48:14.733 [info] Getting sessions for all scopes...
2025-11-16 17:48:14.733 [info] Got 0 sessions for ...
2025-11-16 17:48:14.733 [info] Getting sessions for all scopes...
2025-11-16 17:48:14.734 [info] Got 0 sessions for ...
2025-11-16 17:48:14.734 [info] Getting sessions for all scopes...
2025-11-16 17:48:14.734 [info] Got 0 sessions for ...
2025-11-16 17:48:14.734 [info] Getting sessions for all scopes...
2025-11-16 17:48:14.734 [info] Got 0 sessions for ...
2025-11-16 17:48:14.734 [info] Getting sessions for all scopes...
2025-11-16 17:48:14.734 [info] Got 0 sessions for ...
2025-11-16 17:48:14.734 [info] Getting sessions for all scopes...
2025-11-16 17:48:14.734 [info] Got 0 sessions for ...
2025-11-16 17:48:14.734 [info] Getting sessions for all scopes...
2025-11-16 17:48:14.734 [info] Got 0 sessions for ...
2025-11-16 17:48:14.734 [info] Getting sessions for all scopes...
2025-11-16 17:48:14.734 [info] Got 0 sessions for ...
2025-11-16 17:48:14.734 [info] Getting sessions for all scopes...
2025-11-16 17:48:14.734 [info] Got 0 sessions for ...
2025-11-16 17:48:14.734 [info] Getting sessions for all scopes...
2025-11-16 17:48:14.734 [info] Got 0 sessions for ...
2025-11-16 17:48:14.734 [info] Getting sessions for all scopes...
2025-11-16 17:48:14.734 [info] Got 0 sessions for ...
2025-11-16 17:48:14.734 [info] Getting sessions for all scopes...
2025-11-16 17:48:14.734 [info] Got 0 sessions for ...
2025-11-16 17:48:14.734 [info] Getting sessions for all scopes...
2025-11-16 17:48:14.734 [info] Got 0 sessions for ...
2025-11-16 17:48:14.735 [info] Getting sessions for all scopes...
2025-11-16 17:48:14.735 [info] Got 0 sessions for ...
2025-11-16 17:48:14.735 [info] Getting sessions for all scopes...
2025-11-16 17:48:14.735 [info] Got 0 sessions for ...
2025-11-16 17:48:15.733 [info] Getting sessions for user:email...
2025-11-16 17:48:15.733 [info] Got 0 sessions for user:email...
2025-11-16 17:48:15.733 [info] Getting sessions for read:user,repo,user:email,workflow...
2025-11-16 17:48:15.733 [info] Got 0 sessions for read:user,repo,user:email,workflow...
2025-11-16 17:48:16.158 [info] Getting sessions for all scopes...
2025-11-16 17:48:16.158 [info] Got 0 sessions for ...
2025-11-16 17:48:17.470 [info] Getting sessions for all scopes...
2025-11-16 17:48:17.470 [info] Got 0 sessions for ...
2025-11-16 17:48:17.472 [info] Getting sessions for all scopes...
2025-11-16 17:48:17.472 [info] Got 0 sessions for ...
2025-11-16 17:48:17.761 [info] Getting sessions for all scopes...
2025-11-16 17:48:17.761 [info] Got 0 sessions for ...
2025-11-16 17:48:17.762 [info] Getting sessions for all scopes...
2025-11-16 17:48:17.762 [info] Got 0 sessions for ...
2025-11-16 17:48:17.805 [info] Getting sessions for all scopes...
2025-11-16 17:48:17.805 [info] Got 0 sessions for ...
2025-11-16 17:48:17.907 [info] Getting sessions for user:email...
2025-11-16 17:48:17.907 [info] Got 0 sessions for user:email...
2025-11-16 17:48:19.218 [info] Getting sessions for all scopes...
2025-11-16 17:48:19.218 [info] Got 0 sessions for ...
2025-11-16 17:48:19.219 [info] Getting sessions for all scopes...
2025-11-16 17:48:19.219 [info] Got 0 sessions for ...
2025-11-16 17:48:19.329 [info] Getting sessions for all scopes...
2025-11-16 17:48:19.329 [info] Got 0 sessions for ...
2025-11-16 17:48:19.330 [info] Getting sessions for read:user,repo,user:email,workflow...
2025-11-16 17:48:19.330 [info] Got 0 sessions for read:user,repo,user:email,workflow...
2025-11-16 17:48:19.618 [info] Getting sessions for user:email...
2025-11-16 17:48:19.618 [info] Got 0 sessions for user:email...
2025-11-16 17:48:19.689 [info] Getting sessions for read:user...
2025-11-16 17:48:19.689 [info] Got 0 sessions for read:user...
2025-11-16 17:48:19.755 [info] Getting sessions for all scopes...
2025-11-16 17:48:19.755 [info] Got 0 sessions for ...
2025-11-16 17:48:19.790 [info] Getting sessions for user:email...
2025-11-16 17:48:19.790 [info] Got 0 sessions for user:email...
2025-11-16 17:48:19.871 [info] Getting sessions for user:email...
2025-11-16 17:48:19.871 [info] Got 0 sessions for user:email...
2025-11-16 17:48:19.871 [info] Getting sessions for read:user,repo,user:email,workflow...
2025-11-16 17:48:19.871 [info] Got 0 sessions for read:user,repo,user:email,workflow...
2025-11-16 17:48:19.881 [info] Getting sessions for all scopes...
2025-11-16 17:48:19.881 [info] Got 0 sessions for ...
2025-11-16 17:48:19.951 [info] Getting sessions for all scopes...
2025-11-16 17:48:19.951 [info] Got 0 sessions for ...
2025-11-16 17:48:19.951 [info] Getting sessions for all scopes...
2025-11-16 17:48:19.951 [info] Got 0 sessions for ...
2025-11-16 17:48:19.953 [info] Getting sessions for user:email...
2025-11-16 17:48:19.953 [info] Got 0 sessions for user:email...
2025-11-16 17:48:20.129 [info] Getting sessions for all scopes...
2025-11-16 17:48:20.129 [info] Got 0 sessions for ...
2025-11-16 17:48:21.052 [info] Getting sessions for all scopes...
2025-11-16 17:48:21.052 [info] Got 0 sessions for ...
