2025-11-11 19:42:38.013 [info] [main] Log level: Info
2025-11-11 19:42:38.013 [info] [main] Validating found git in: "git"
2025-11-11 19:42:38.013 [info] [main] Using git "2.51.2" from "git"
2025-11-11 19:42:38.013 [info] [Model][doInitialScan] Initial repository scan started
2025-11-11 19:42:38.013 [info] > git rev-parse --show-toplevel [3ms]
2025-11-11 19:42:38.013 [info] fatal: not a git repository (or any of the parent directories): .git
2025-11-11 19:42:38.013 [info] > git rev-parse --show-toplevel [2ms]
2025-11-11 19:42:38.013 [info] fatal: not a git repository (or any of the parent directories): .git
2025-11-11 19:42:38.013 [info] > git rev-parse --show-toplevel [0ms]
2025-11-11 19:42:38.013 [info] fatal: not a git repository (or any of the parent directories): .git
2025-11-11 19:42:38.013 [info] > git rev-parse --show-toplevel [1ms]
2025-11-11 19:42:38.013 [info] fatal: not a git repository (or any of the parent directories): .git
2025-11-11 19:42:38.013 [info] [Model][doInitialScan] Initial repository scan completed - repositories (0), closed repositories (0), parent repositories (0), unsafe repositories (0)
2025-11-11 19:42:38.041 [info] > git rev-parse --show-toplevel [13ms]
2025-11-11 19:42:38.041 [info] fatal: not a git repository (or any of the parent directories): .git
2025-11-11 19:42:38.058 [info] > git rev-parse --show-toplevel [1ms]
2025-11-11 19:42:38.058 [info] fatal: not a git repository (or any of the parent directories): .git
2025-11-11 19:42:38.080 [info] > git rev-parse --show-toplevel [1ms]
2025-11-11 19:42:38.080 [info] fatal: not a git repository (or any of the parent directories): .git
2025-11-11 19:42:38.108 [info] > git rev-parse --show-toplevel [1ms]
2025-11-11 19:42:38.108 [info] fatal: not a git repository (or any of the parent directories): .git
2025-11-11 19:42:40.046 [info] > git rev-parse --show-toplevel [0ms]
2025-11-11 19:42:40.046 [info] fatal: not a git repository (or any of the parent directories): .git
2025-11-11 20:52:25.309 [info] [main] Log level: Info
2025-11-11 20:52:25.309 [info] [main] Validating found git in: "git"
2025-11-11 20:52:25.309 [info] [main] Using git "2.51.2" from "git"
2025-11-11 20:52:25.309 [info] [Model][doInitialScan] Initial repository scan started
2025-11-11 20:52:25.309 [info] > git rev-parse --show-toplevel [1ms]
2025-11-11 20:52:25.309 [info] fatal: not a git repository (or any of the parent directories): .git
2025-11-11 20:52:25.309 [info] [Model][doInitialScan] Initial repository scan completed - repositories (0), closed repositories (0), parent repositories (0), unsafe repositories (0)
2025-11-11 20:52:25.350 [info] > git rev-parse --show-toplevel [1ms]
2025-11-11 20:52:25.350 [info] fatal: not a git repository (or any of the parent directories): .git
2025-11-11 20:52:25.831 [info] > git rev-parse --show-toplevel [1ms]
2025-11-11 20:52:25.831 [info] fatal: not a git repository (or any of the parent directories): .git
2025-11-11 20:52:25.837 [info] > git rev-parse --show-toplevel [0ms]
2025-11-11 20:52:25.837 [info] fatal: not a git repository (or any of the parent directories): .git
2025-11-11 20:52:26.347 [info] > git rev-parse --show-toplevel [0ms]
2025-11-11 20:52:26.347 [info] fatal: not a git repository (or any of the parent directories): .git
2025-11-11 20:52:27.337 [info] > git rev-parse --show-toplevel [0ms]
2025-11-11 20:52:27.337 [info] fatal: not a git repository (or any of the parent directories): .git
