[1763363433638] INFO  (ext): SQLTools is starting
[1763363433639] INFO  (ext): initializing language client...
[1763363433640] INFO  (ext): Registering client for languages [{"scheme":"sqltools"},{"language":"sql","scheme":"untitled"},{"language":"sql","scheme":"file"},{"language":"sql","scheme":"sqltools"}]
    ns: "lc"
[1763363433644] INFO  (ext): loading plugins...
[1763363433644] INFO  (ext): registering Formatter Plugin.
    plugin: {
      "name": "Formatter Plugin"
    }
[1763363433644] INFO  (ext): registering Connection Manager Plugin.
    plugin: {
      "name": "Connection Manager Plugin"
    }
[1763363433644] INFO  (ext): registering CodeLens Plugin.
    plugin: {
      "name": "CodeLens Plugin",
      "registeredLanguages": []
    }
[1763363433645] INFO  (ext): registering Dependency Manager Plugin.
    plugin: {
      "name": "Dependency Manager Plugin",
      "installingDrivers": []
    }
[1763363433646] INFO  (ext): Connection explorer changed. Will be updated.
    ns: "conn-man:explorer"
[1763363433647] INFO  (ext): registering History Manager Plugin.
    plugin: {
      "name": "History Manager Plugin"
    }
[1763363433647] INFO  (ext): registering Bookmarks Manager Plugin.
    plugin: {
      "name": "Bookmarks Manager Plugin"
    }
[1763363433647] INFO  (ext): registering Authentication Provider Plugin.
    plugin: {
      "name": "Authentication Provider Plugin",
      "isRegistered": false
    }
[1763363433647] INFO  (ext): registering Object Drop-in Provider (plugin).
    plugin: {
      "type": "plugin",
      "name": "Object Drop-in Provider",
      "isRegistered": false
    }
[1763363433648] INFO  (ext): SQLTools activation completed. 9.933188 ms
[1763363433648] INFO  (ext): Formatter Plugin registered!
[1763363433648] INFO  (ext): CodeLens Plugin registered!
[1763363433648] INFO  (ext): Dependency Manager Plugin registered!
[1763363433648] INFO  (ext): Connection Manager Plugin registered!
[1763363433648] INFO  (ext): History Manager Plugin registered!
[1763363433648] INFO  (ext): Bookmarks Manager Plugin registered!
[1763363433648] INFO  (ext): Authentication Provider Plugin registered!
[1763363433648] INFO  (ext): Object Drop-in Provider (plugin) registered!
[1763363433717] INFO  (ext): Connection explorer changed. Will be updated.
    ns: "conn-man:explorer"
[1763363433718] INFO  (ext): Connection explorer changed. Will be updated.
    ns: "conn-man:explorer"
[1763363433718] INFO  (ext): Connection explorer changed. Will be updated.
    ns: "conn-man:explorer"
[1763363433718] INFO  (ext): Connection explorer changed. Will be updated.
    ns: "conn-man:explorer"
[1763363433718] INFO  (ext): Connection explorer changed. Will be updated.
    ns: "conn-man:explorer"
[1763363433718] INFO  (ext): Connection explorer changed. Will be updated.
    ns: "conn-man:explorer"
[1763363433718] INFO  (ext): Connection explorer changed. Will be updated.
    ns: "conn-man:explorer"
[1763363433718] INFO  (ext): Connection explorer changed. Will be updated.
    ns: "conn-man:explorer"
[1763363433719] INFO  (ext): Connection explorer changed. Will be updated.
    ns: "conn-man:explorer"
[1763363433719] INFO  (ext): Connection explorer changed. Will be updated.
    ns: "conn-man:explorer"
[1763363433719] INFO  (ext): Connection explorer changed. Will be updated.
    ns: "conn-man:explorer"
[1763363433782] INFO  (ls): SQLTools Server started!
===============================
Using node runtime?: no
ExecPath: /opt/visual-studio-code/code 
===============================
[1763363433790] INFO  (ext): LanguageClient ready
    ns: "lc"
[1763363433788] INFO  (ls): Initialized with node version:v22.19.0
[1763363433940] INFO  (ext): registering MySQL/MariaDB/TiDB Plugin (driver).
    plugin: {
      "extensionId": "mtxr.sqltools-driver-mysql",
      "name": "MySQL/MariaDB/TiDB Plugin",
      "type": "driver"
    }
[1763363433941] INFO  (ext): registering PostgreSQL/Cockroach Plugin (driver).
    plugin: {
      "extensionId": "mtxr.sqltools-driver-pg",
      "name": "PostgreSQL/Cockroach Plugin",
      "type": "driver"
    }
[1763363433940] INFO  (ls): REQUEST RECEIVED => ls/RegisterPlugin
[1763363433941] INFO  (ls): request to register plugin: "/home/peaches/.vscode/extensions/mtxr.sqltools-driver-mysql-0.6.6/out/ls/plugin.js"
[1763363434053] INFO  (ls): Driver mysql registered!
    place: "driver-map"
    ns: "ls-context"
[1763363434053] INFO  (ls): Driver mariadb registered!
    place: "driver-map"
    ns: "ls-context"
[1763363434053] INFO  (ls): Driver tidb registered!
    place: "driver-map"
    ns: "ls-context"
[1763363434054] INFO  (ls): REQUEST RECEIVED => ls/RegisterPlugin
[1763363434054] INFO  (ls): request to register plugin: "/home/peaches/.vscode/extensions/mtxr.sqltools-driver-pg-0.5.7/out/ls/plugin.js"
[1763363434093] INFO  (ls): Driver postgresql registered!
    place: "driver-map"
    ns: "ls-context"
[1763363434094] INFO  (ls): Driver aws redshift registered!
    place: "driver-map"
    ns: "ls-context"
[1763363434094] INFO  (ls): Driver cockroachdb registered!
    place: "driver-map"
    ns: "ls-context"
[1763363437659] INFO  (ext): MySQL/MariaDB/TiDB Plugin (driver) registered!
[1763363437659] INFO  (ext): Connection explorer changed. Will be updated.
    ns: "conn-man:explorer"
[1763363437935] INFO  (ext): PostgreSQL/Cockroach Plugin (driver) registered!
[1763363439197] INFO  (ext): EXECUTING COMMAND => sqltools.refreshTree
[1763363439201] INFO  (ext): Connection explorer changed. Will be updated.
    ns: "conn-man:explorer"
[1763363449559] INFO  (ext): Connection explorer changed. Will be updated.
    ns: "conn-man:explorer"
[1763363516219] INFO  (ext): Connection explorer changed. Will be updated.
    ns: "conn-man:explorer"
[1763363523805] INFO  (ext): Connection explorer changed. Will be updated.
    ns: "conn-man:explorer"
[1763363612249] INFO  (ext): Connection explorer changed. Will be updated.
    ns: "conn-man:explorer"
[1763363645081] INFO  (ext): Connection explorer changed. Will be updated.
    ns: "conn-man:explorer"
[1763363691501] INFO  (ext): Connection explorer changed. Will be updated.
    ns: "conn-man:explorer"
[1763363942893] INFO  (ext): Connection explorer changed. Will be updated.
    ns: "conn-man:explorer"
[1763363968472] INFO  (ext): Connection explorer changed. Will be updated.
    ns: "conn-man:explorer"
[1763364588296] INFO  (ext): Connection explorer changed. Will be updated.
    ns: "conn-man:explorer"
[1763364773240] INFO  (ext): Connection explorer changed. Will be updated.
    ns: "conn-man:explorer"
[1763364867764] INFO  (ext): Connection explorer changed. Will be updated.
    ns: "conn-man:explorer"
[1763364934653] INFO  (ext): Connection explorer changed. Will be updated.
    ns: "conn-man:explorer"
