(VSCode) 2025-11-17 12:40:48.170 [INFO]: No proxy settings found
(VSCode) 2025-11-17 12:40:50.273 [INFO]: Checking network connection...
(VSCode) 2025-11-17 12:40:50.315 [INFO]: Creating manager directory: /tmp/2ac4260b-1822-4ae3-8c06-ac26aabe503a/codeium/manager
(VSCode) 2025-11-17 12:40:50.787 [INFO]: Using cached LS with valid crc32: /home/peaches/.vscode/extensions/codeium.codeium-1.48.2/dist/e03af6ebc40b844314d448f947c80b636d093049/language_server_linux_x64
(VSCode) 2025-11-17 12:40:50.798 [INFO]: Language server started
2025/11/17 12:40:50 maxprocs: Leaving GOMAXPROCS=16: CPU quota undefined
I1117 12:40:51.011920 15520 main.go:604] [Language Server Manager] Setting GOMAXPROCS to 4
I1117 12:40:51.012032 15520 main.go:750] [Language Server Manager] Release 1.48.2 (e03af6ebc40b844314d448f947c80b636d093049)
I1117 12:40:51.012055 15520 main.go:829] [Language Server Manager] Starting language server manager with pid 15520
I1117 12:40:51.012153 15520 main.go:138] [Language Server Manager] Manager acquired its lock file /tmp/2ac4260b-1822-4ae3-8c06-ac26aabe503a/codeium/manager/locks/manager.lock
I1117 12:40:51.012606 15520 main.go:283] [Language Server Manager] Waiting for random port file in /tmp/2ac4260b-1822-4ae3-8c06-ac26aabe503a/codeium/manager/child_random_port_1763363451012234143_1440117236509317846 to be created
2025/11/17 12:40:51 maxprocs: Leaving GOMAXPROCS=16: CPU quota undefined
I1117 12:40:51.207164 15536 main.go:604] Setting GOMAXPROCS to 4
I1117 12:40:51.207276 15536 main.go:823] Starting language server process with pid 15536
I1117 12:40:51.207295 15536 server.go:296] Language server will attempt to listen on host 127.0.0.1
I1117 12:40:51.207427 15536 server.go:303] Language server listening on random port at 45117
(VSCode) 2025-11-17 12:40:51.242 [INFO]: No Network Issue connecting to https://server.codeium.com/healthz
I1117 12:40:53.092305 15536 web_server.go:256] Chat Web Server listening at ws://127.0.0.1:44237
I1117 12:40:53.256312 15536 server.go:955] Local search is enabled, will index local files.
I1117 12:40:53.256328 15536 server.go:959] Using 4 indexer workers
I1117 12:40:54.185501 15536 server.go:1196] Child process attempting to acquire lock file /tmp/2ac4260b-1822-4ae3-8c06-ac26aabe503a/codeium/manager/locks/child_lock_1763363451012263379_1754674123186610939
I1117 12:40:54.185557 15536 server.go:1204] Child process acquired lock file /tmp/2ac4260b-1822-4ae3-8c06-ac26aabe503a/codeium/manager/locks/child_lock_1763363451012263379_1754674123186610939
36147
I1117 12:40:54.220785 15520 main.go:319] [Language Server Manager] Found random server port 45117
I1117 12:40:54.220810 15520 main.go:320] [Language Server Manager] Found random lsp port 36147
I1117 12:40:54.220827 15520 main.go:327] [Language Server Manager] Attempting to connect to language server at 127.0.0.1:45117
I1117 12:40:54.232488 15520 main.go:192] [Language Server Manager] Fixing language server port at 45117
I1117 12:40:54.232514 15520 main.go:381] [Language Server Manager] Successfully connected to new language server at 127.0.0.1:45117
(VSCode) 2025-11-17 12:40:54.323 [INFO]: Found language server running on port 45117
BEWARE: your OS is not officially supported by Playwright; downloading fallback build for ubuntu20.04-x64.
(VSCode) 2025-11-17 12:40:54.538 [ERROR]: Invalid LSP port: BEWARE: your OS is not officially supported by Playwright; downloading fallback build for ubuntu20.04-x64.

BEWARE: your OS is not officially supported by Playwright; downloading fallback build for ubuntu20.04-x64.
BEWARE: your OS is not officially supported by Playwright; downloading fallback build for ubuntu20.04-x64.
(VSCode) 2025-11-17 12:40:54.538 [ERROR]: Invalid LSP port: BEWARE: your OS is not officially supported by Playwright; downloading fallback build for ubuntu20.04-x64.
BEWARE: your OS is not officially supported by Playwright; downloading fallback build for ubuntu20.04-x64.

(VSCode) 2025-11-17 12:40:54.576 [INFO]: openAllTextDocuments took 2.3962630000023637ms
(VSCode) 2025-11-17 12:40:54.704 [WARN]: User not logged in
(VSCode) 2025-11-17 12:40:54.870 [WARN]: User not logged in
(VSCode) 2025-11-17 12:40:56.293 [WARN]: User not logged in
(VSCode) 2025-11-17 12:40:56.976 [WARN]: User not logged in
(VSCode) 2025-11-17 12:40:57.473 [WARN]: User not logged in
(VSCode) 2025-11-17 12:40:57.671 [WARN]: User not logged in
(VSCode) 2025-11-17 12:41:00.567 [WARN]: User not logged in
(VSCode) 2025-11-17 12:41:01.566 [WARN]: User not logged in
(VSCode) 2025-11-17 12:41:01.627 [WARN]: User not logged in
(VSCode) 2025-11-17 12:41:03.810 [WARN]: User not logged in
(VSCode) 2025-11-17 12:41:03.969 [WARN]: User not logged in
(VSCode) 2025-11-17 12:41:04.619 [WARN]: User not logged in
(VSCode) 2025-11-17 12:41:04.728 [WARN]: User not logged in
(VSCode) 2025-11-17 12:41:05.412 [WARN]: User not logged in
(VSCode) 2025-11-17 12:41:05.781 [WARN]: User not logged in
(VSCode) 2025-11-17 12:41:06.497 [WARN]: User not logged in
(VSCode) 2025-11-17 12:41:06.606 [WARN]: User not logged in
(VSCode) 2025-11-17 12:41:06.693 [WARN]: User not logged in
(VSCode) 2025-11-17 12:41:06.895 [WARN]: User not logged in
(VSCode) 2025-11-17 12:41:06.995 [WARN]: User not logged in
(VSCode) 2025-11-17 12:41:07.426 [WARN]: User not logged in
(VSCode) 2025-11-17 12:41:07.527 [WARN]: User not logged in
(VSCode) 2025-11-17 12:41:07.661 [WARN]: User not logged in
(VSCode) 2025-11-17 12:41:09.500 [WARN]: User not logged in
(VSCode) 2025-11-17 12:41:09.768 [WARN]: User not logged in
(VSCode) 2025-11-17 12:41:09.886 [WARN]: User not logged in
(VSCode) 2025-11-17 12:41:10.768 [WARN]: User not logged in
(VSCode) 2025-11-17 12:41:11.266 [WARN]: User not logged in
(VSCode) 2025-11-17 12:41:11.597 [WARN]: User not logged in
(VSCode) 2025-11-17 12:41:14.006 [WARN]: User not logged in
(VSCode) 2025-11-17 12:41:24.818 [WARN]: User not logged in
(VSCode) 2025-11-17 12:41:24.886 [WARN]: User not logged in
(VSCode) 2025-11-17 12:41:25.038 [WARN]: User not logged in
(VSCode) 2025-11-17 12:41:25.198 [WARN]: User not logged in
(VSCode) 2025-11-17 12:41:25.466 [WARN]: User not logged in
(VSCode) 2025-11-17 12:41:25.635 [WARN]: User not logged in
(VSCode) 2025-11-17 12:41:26.553 [WARN]: User not logged in
(VSCode) 2025-11-17 12:41:26.641 [WARN]: User not logged in
(VSCode) 2025-11-17 12:41:26.959 [WARN]: User not logged in
(VSCode) 2025-11-17 12:41:28.135 [WARN]: User not logged in
(VSCode) 2025-11-17 12:41:28.410 [WARN]: User not logged in
(VSCode) 2025-11-17 12:41:31.122 [WARN]: User not logged in
(VSCode) 2025-11-17 12:41:31.182 [WARN]: User not logged in
(VSCode) 2025-11-17 12:41:31.831 [WARN]: User not logged in
(VSCode) 2025-11-17 12:41:32.910 [WARN]: User not logged in
(VSCode) 2025-11-17 12:41:33.279 [WARN]: User not logged in
(VSCode) 2025-11-17 12:41:34.013 [WARN]: User not logged in
(VSCode) 2025-11-17 12:41:34.084 [WARN]: User not logged in
(VSCode) 2025-11-17 12:41:34.222 [WARN]: User not logged in
(VSCode) 2025-11-17 12:41:34.417 [WARN]: User not logged in
(VSCode) 2025-11-17 12:41:34.536 [WARN]: User not logged in
(VSCode) 2025-11-17 12:41:34.841 [WARN]: User not logged in
(VSCode) 2025-11-17 12:41:34.916 [WARN]: User not logged in
(VSCode) 2025-11-17 12:41:35.187 [WARN]: User not logged in
(VSCode) 2025-11-17 12:41:39.063 [WARN]: User not logged in
(VSCode) 2025-11-17 12:41:39.221 [WARN]: User not logged in
(VSCode) 2025-11-17 12:41:39.364 [WARN]: User not logged in
(VSCode) 2025-11-17 12:41:39.499 [WARN]: User not logged in
(VSCode) 2025-11-17 12:41:39.617 [WARN]: User not logged in
(VSCode) 2025-11-17 12:41:39.717 [WARN]: User not logged in
(VSCode) 2025-11-17 12:41:39.775 [WARN]: User not logged in
(VSCode) 2025-11-17 12:41:39.845 [WARN]: User not logged in
(VSCode) 2025-11-17 12:41:40.115 [WARN]: User not logged in
(VSCode) 2025-11-17 12:41:40.999 [WARN]: User not logged in
(VSCode) 2025-11-17 12:41:41.058 [WARN]: User not logged in
(VSCode) 2025-11-17 12:41:41.520 [WARN]: User not logged in
(VSCode) 2025-11-17 12:41:41.613 [WARN]: User not logged in
(VSCode) 2025-11-17 12:41:43.594 [WARN]: User not logged in
(VSCode) 2025-11-17 12:41:43.945 [WARN]: User not logged in
(VSCode) 2025-11-17 12:41:44.405 [WARN]: User not logged in
(VSCode) 2025-11-17 12:41:45.121 [WARN]: User not logged in
(VSCode) 2025-11-17 12:41:45.193 [WARN]: User not logged in
(VSCode) 2025-11-17 12:41:45.274 [WARN]: User not logged in
(VSCode) 2025-11-17 12:41:45.467 [WARN]: User not logged in
(VSCode) 2025-11-17 12:41:45.561 [WARN]: User not logged in
(VSCode) 2025-11-17 12:41:45.956 [WARN]: User not logged in
(VSCode) 2025-11-17 12:41:46.058 [WARN]: User not logged in
(VSCode) 2025-11-17 12:41:46.134 [WARN]: User not logged in
(VSCode) 2025-11-17 12:41:46.605 [WARN]: User not logged in
(VSCode) 2025-11-17 12:41:49.588 [WARN]: User not logged in
(VSCode) 2025-11-17 12:41:49.654 [WARN]: User not logged in
(VSCode) 2025-11-17 12:41:50.026 [WARN]: User not logged in
(VSCode) 2025-11-17 12:41:50.918 [WARN]: User not logged in
(VSCode) 2025-11-17 12:41:51.264 [WARN]: User not logged in
(VSCode) 2025-11-17 12:41:51.608 [WARN]: User not logged in
(VSCode) 2025-11-17 12:41:52.249 [WARN]: User not logged in
(VSCode) 2025-11-17 12:41:52.469 [WARN]: User not logged in
(VSCode) 2025-11-17 12:41:53.007 [WARN]: User not logged in
(VSCode) 2025-11-17 12:41:53.399 [WARN]: User not logged in
(VSCode) 2025-11-17 12:42:06.927 [WARN]: User not logged in
(VSCode) 2025-11-17 12:42:06.999 [WARN]: User not logged in
(VSCode) 2025-11-17 12:42:07.357 [WARN]: User not logged in
(VSCode) 2025-11-17 12:42:08.443 [WARN]: User not logged in
(VSCode) 2025-11-17 12:42:08.500 [WARN]: User not logged in
(VSCode) 2025-11-17 12:42:08.601 [WARN]: User not logged in
(VSCode) 2025-11-17 12:42:09.791 [WARN]: User not logged in
(VSCode) 2025-11-17 12:42:09.864 [WARN]: User not logged in
(VSCode) 2025-11-17 12:42:09.970 [WARN]: User not logged in
(VSCode) 2025-11-17 12:42:10.639 [WARN]: User not logged in
(VSCode) 2025-11-17 12:42:12.220 [WARN]: User not logged in
(VSCode) 2025-11-17 12:42:12.472 [WARN]: User not logged in
(VSCode) 2025-11-17 12:42:13.888 [WARN]: User not logged in
(VSCode) 2025-11-17 12:42:14.115 [WARN]: User not logged in
(VSCode) 2025-11-17 12:42:14.990 [WARN]: User not logged in
(VSCode) 2025-11-17 12:42:15.606 [WARN]: User not logged in
(VSCode) 2025-11-17 12:42:15.708 [WARN]: User not logged in
(VSCode) 2025-11-17 12:42:15.893 [WARN]: User not logged in
(VSCode) 2025-11-17 12:42:16.769 [WARN]: User not logged in
(VSCode) 2025-11-17 12:42:16.894 [WARN]: User not logged in
(VSCode) 2025-11-17 12:42:20.295 [WARN]: User not logged in
(VSCode) 2025-11-17 12:42:20.362 [WARN]: User not logged in
(VSCode) 2025-11-17 12:42:20.874 [WARN]: User not logged in
(VSCode) 2025-11-17 12:42:21.366 [WARN]: User not logged in
(VSCode) 2025-11-17 12:42:23.331 [WARN]: User not logged in
(VSCode) 2025-11-17 12:42:24.315 [WARN]: User not logged in
(VSCode) 2025-11-17 12:42:24.386 [WARN]: User not logged in
(VSCode) 2025-11-17 12:42:24.474 [WARN]: User not logged in
(VSCode) 2025-11-17 12:42:24.753 [WARN]: User not logged in
(VSCode) 2025-11-17 12:42:25.518 [WARN]: User not logged in
(VSCode) 2025-11-17 12:42:25.670 [WARN]: User not logged in
(VSCode) 2025-11-17 12:42:25.969 [WARN]: User not logged in
(VSCode) 2025-11-17 12:42:29.307 [WARN]: User not logged in
(VSCode) 2025-11-17 12:42:30.015 [WARN]: User not logged in
(VSCode) 2025-11-17 12:42:30.148 [WARN]: User not logged in
(VSCode) 2025-11-17 12:42:31.397 [WARN]: User not logged in
(VSCode) 2025-11-17 12:42:34.196 [WARN]: User not logged in
(VSCode) 2025-11-17 12:42:36.732 [WARN]: User not logged in
(VSCode) 2025-11-17 12:42:36.803 [WARN]: User not logged in
(VSCode) 2025-11-17 12:42:37.200 [WARN]: User not logged in
(VSCode) 2025-11-17 12:42:37.452 [WARN]: User not logged in
(VSCode) 2025-11-17 12:42:37.543 [WARN]: User not logged in
(VSCode) 2025-11-17 12:42:38.574 [WARN]: User not logged in
(VSCode) 2025-11-17 12:42:40.032 [WARN]: User not logged in
(VSCode) 2025-11-17 12:42:40.100 [WARN]: User not logged in
(VSCode) 2025-11-17 12:42:40.771 [WARN]: User not logged in
(VSCode) 2025-11-17 12:42:41.430 [WARN]: User not logged in
(VSCode) 2025-11-17 12:42:41.492 [WARN]: User not logged in
(VSCode) 2025-11-17 12:42:41.826 [WARN]: User not logged in
(VSCode) 2025-11-17 12:42:42.214 [WARN]: User not logged in
(VSCode) 2025-11-17 12:42:43.993 [WARN]: User not logged in
(VSCode) 2025-11-17 12:42:44.219 [WARN]: User not logged in
(VSCode) 2025-11-17 12:42:44.437 [WARN]: User not logged in
(VSCode) 2025-11-17 12:42:44.928 [WARN]: User not logged in
(VSCode) 2025-11-17 12:42:46.183 [WARN]: User not logged in
(VSCode) 2025-11-17 12:42:49.207 [WARN]: User not logged in
(VSCode) 2025-11-17 12:42:51.160 [WARN]: User not logged in
(VSCode) 2025-11-17 12:42:51.228 [WARN]: User not logged in
(VSCode) 2025-11-17 12:42:51.505 [WARN]: User not logged in
(VSCode) 2025-11-17 12:42:51.797 [WARN]: User not logged in
(VSCode) 2025-11-17 12:42:53.094 [WARN]: User not logged in
(VSCode) 2025-11-17 12:42:53.558 [WARN]: User not logged in
(VSCode) 2025-11-17 12:42:53.777 [WARN]: User not logged in
(VSCode) 2025-11-17 12:42:54.326 [WARN]: User not logged in
(VSCode) 2025-11-17 12:42:54.510 [WARN]: User not logged in
(VSCode) 2025-11-17 12:42:55.243 [WARN]: User not logged in
(VSCode) 2025-11-17 12:42:55.352 [WARN]: User not logged in
(VSCode) 2025-11-17 12:42:57.933 [WARN]: User not logged in
(VSCode) 2025-11-17 12:42:58.004 [WARN]: User not logged in
(VSCode) 2025-11-17 12:42:58.842 [WARN]: User not logged in
(VSCode) 2025-11-17 12:42:59.246 [WARN]: User not logged in
(VSCode) 2025-11-17 12:42:59.854 [WARN]: User not logged in
(VSCode) 2025-11-17 12:43:02.071 [WARN]: User not logged in
(VSCode) 2025-11-17 12:43:02.171 [WARN]: User not logged in
(VSCode) 2025-11-17 12:43:02.323 [WARN]: User not logged in
(VSCode) 2025-11-17 12:43:02.382 [WARN]: User not logged in
(VSCode) 2025-11-17 12:43:02.635 [WARN]: User not logged in
(VSCode) 2025-11-17 12:43:02.938 [WARN]: User not logged in
(VSCode) 2025-11-17 12:43:03.771 [WARN]: User not logged in
(VSCode) 2025-11-17 12:43:04.113 [WARN]: User not logged in
(VSCode) 2025-11-17 12:43:06.312 [WARN]: User not logged in
(VSCode) 2025-11-17 12:43:07.247 [WARN]: User not logged in
(VSCode) 2025-11-17 12:43:07.319 [WARN]: User not logged in
(VSCode) 2025-11-17 12:43:07.444 [WARN]: User not logged in
(VSCode) 2025-11-17 12:43:07.816 [WARN]: User not logged in
(VSCode) 2025-11-17 12:43:10.342 [WARN]: User not logged in
(VSCode) 2025-11-17 12:43:11.398 [WARN]: User not logged in
(VSCode) 2025-11-17 12:43:12.552 [WARN]: User not logged in
(VSCode) 2025-11-17 12:43:12.610 [WARN]: User not logged in
(VSCode) 2025-11-17 12:43:13.708 [WARN]: User not logged in
(VSCode) 2025-11-17 12:43:13.839 [WARN]: User not logged in
(VSCode) 2025-11-17 12:43:15.332 [WARN]: User not logged in
(VSCode) 2025-11-17 12:43:15.440 [WARN]: User not logged in
(VSCode) 2025-11-17 12:43:22.532 [WARN]: User not logged in
(VSCode) 2025-11-17 12:43:22.595 [WARN]: User not logged in
(VSCode) 2025-11-17 12:43:23.002 [WARN]: User not logged in
(VSCode) 2025-11-17 12:43:23.058 [WARN]: User not logged in
(VSCode) 2025-11-17 12:43:23.112 [WARN]: User not logged in
(VSCode) 2025-11-17 12:43:23.165 [WARN]: User not logged in
(VSCode) 2025-11-17 12:43:26.527 [WARN]: User not logged in
(VSCode) 2025-11-17 12:43:26.989 [WARN]: User not logged in
(VSCode) 2025-11-17 12:43:27.139 [WARN]: User not logged in
(VSCode) 2025-11-17 12:43:29.746 [WARN]: User not logged in
(VSCode) 2025-11-17 12:43:30.243 [WARN]: User not logged in
(VSCode) 2025-11-17 12:43:31.475 [WARN]: User not logged in
(VSCode) 2025-11-17 12:44:01.271 [WARN]: User not logged in
(VSCode) 2025-11-17 12:44:01.438 [WARN]: User not logged in
(VSCode) 2025-11-17 12:44:01.513 [WARN]: User not logged in
(VSCode) 2025-11-17 12:44:01.615 [WARN]: User not logged in
(VSCode) 2025-11-17 12:44:02.606 [WARN]: User not logged in
(VSCode) 2025-11-17 12:44:02.662 [WARN]: User not logged in
(VSCode) 2025-11-17 12:44:02.723 [WARN]: User not logged in
(VSCode) 2025-11-17 12:44:02.829 [WARN]: User not logged in
(VSCode) 2025-11-17 12:44:06.531 [WARN]: User not logged in
(VSCode) 2025-11-17 12:44:06.674 [WARN]: User not logged in
(VSCode) 2025-11-17 12:44:07.222 [WARN]: User not logged in
(VSCode) 2025-11-17 12:44:07.424 [WARN]: User not logged in
(VSCode) 2025-11-17 12:44:09.627 [WARN]: User not logged in
(VSCode) 2025-11-17 12:44:11.296 [WARN]: User not logged in
(VSCode) 2025-11-17 12:44:11.750 [WARN]: User not logged in
(VSCode) 2025-11-17 12:44:12.053 [WARN]: User not logged in
(VSCode) 2025-11-17 12:44:12.433 [WARN]: User not logged in
(VSCode) 2025-11-17 12:44:12.645 [WARN]: User not logged in
(VSCode) 2025-11-17 12:44:14.358 [WARN]: User not logged in
(VSCode) 2025-11-17 12:44:15.233 [WARN]: User not logged in
(VSCode) 2025-11-17 12:44:15.580 [WARN]: User not logged in
(VSCode) 2025-11-17 12:44:15.840 [WARN]: User not logged in
(VSCode) 2025-11-17 12:44:16.809 [WARN]: User not logged in
(VSCode) 2025-11-17 12:44:17.071 [WARN]: User not logged in
(VSCode) 2025-11-17 12:44:18.113 [WARN]: User not logged in
(VSCode) 2025-11-17 12:44:26.428 [WARN]: User not logged in
(VSCode) 2025-11-17 12:44:27.220 [WARN]: User not logged in
(VSCode) 2025-11-17 12:44:27.404 [WARN]: User not logged in
(VSCode) 2025-11-17 12:44:27.783 [WARN]: User not logged in
(VSCode) 2025-11-17 12:44:27.850 [WARN]: User not logged in
(VSCode) 2025-11-17 12:44:28.256 [WARN]: User not logged in
(VSCode) 2025-11-17 12:44:28.718 [WARN]: User not logged in
(VSCode) 2025-11-17 12:44:28.912 [WARN]: User not logged in
(VSCode) 2025-11-17 12:44:29.646 [WARN]: User not logged in
(VSCode) 2025-11-17 12:44:29.868 [WARN]: User not logged in
(VSCode) 2025-11-17 12:44:33.691 [WARN]: User not logged in
(VSCode) 2025-11-17 12:44:34.314 [WARN]: User not logged in
(VSCode) 2025-11-17 12:44:37.374 [WARN]: User not logged in
(VSCode) 2025-11-17 12:44:37.456 [WARN]: User not logged in
(VSCode) 2025-11-17 12:44:37.560 [WARN]: User not logged in
(VSCode) 2025-11-17 12:44:37.754 [WARN]: User not logged in
(VSCode) 2025-11-17 12:44:38.049 [WARN]: User not logged in
(VSCode) 2025-11-17 12:44:38.915 [WARN]: User not logged in
(VSCode) 2025-11-17 12:44:39.091 [WARN]: User not logged in
(VSCode) 2025-11-17 12:44:39.613 [WARN]: User not logged in
(VSCode) 2025-11-17 12:44:39.951 [WARN]: User not logged in
(VSCode) 2025-11-17 12:44:40.279 [WARN]: User not logged in
(VSCode) 2025-11-17 12:44:40.701 [WARN]: User not logged in
(VSCode) 2025-11-17 12:44:41.349 [WARN]: User not logged in
(VSCode) 2025-11-17 12:44:41.423 [WARN]: User not logged in
(VSCode) 2025-11-17 12:44:41.500 [WARN]: User not logged in
(VSCode) 2025-11-17 12:44:42.251 [WARN]: User not logged in
(VSCode) 2025-11-17 12:44:42.352 [WARN]: User not logged in
(VSCode) 2025-11-17 12:44:44.328 [WARN]: User not logged in
(VSCode) 2025-11-17 12:44:44.395 [WARN]: User not logged in
(VSCode) 2025-11-17 12:44:44.604 [WARN]: User not logged in
(VSCode) 2025-11-17 12:44:45.034 [WARN]: User not logged in
(VSCode) 2025-11-17 12:44:47.353 [WARN]: User not logged in
(VSCode) 2025-11-17 12:44:48.308 [WARN]: User not logged in
(VSCode) 2025-11-17 12:44:48.377 [WARN]: User not logged in
(VSCode) 2025-11-17 12:44:48.486 [WARN]: User not logged in
(VSCode) 2025-11-17 12:44:49.201 [WARN]: User not logged in
(VSCode) 2025-11-17 12:44:49.516 [WARN]: User not logged in
(VSCode) 2025-11-17 12:45:02.937 [WARN]: User not logged in
(VSCode) 2025-11-17 12:45:03.079 [WARN]: User not logged in
(VSCode) 2025-11-17 12:45:03.137 [WARN]: User not logged in
(VSCode) 2025-11-17 12:45:03.508 [WARN]: User not logged in
(VSCode) 2025-11-17 12:45:03.652 [WARN]: User not logged in
(VSCode) 2025-11-17 12:45:04.571 [WARN]: User not logged in
(VSCode) 2025-11-17 12:45:04.655 [WARN]: User not logged in
(VSCode) 2025-11-17 12:45:05.750 [WARN]: User not logged in
(VSCode) 2025-11-17 12:45:06.019 [WARN]: User not logged in
(VSCode) 2025-11-17 12:45:06.322 [WARN]: User not logged in
(VSCode) 2025-11-17 12:45:06.474 [WARN]: User not logged in
(VSCode) 2025-11-17 12:45:07.343 [WARN]: User not logged in
(VSCode) 2025-11-17 12:45:07.763 [WARN]: User not logged in
(VSCode) 2025-11-17 12:45:07.998 [WARN]: User not logged in
(VSCode) 2025-11-17 12:45:08.237 [WARN]: User not logged in
(VSCode) 2025-11-17 12:45:09.432 [WARN]: User not logged in
(VSCode) 2025-11-17 12:45:10.215 [WARN]: User not logged in
(VSCode) 2025-11-17 12:45:12.760 [WARN]: User not logged in
(VSCode) 2025-11-17 12:45:12.882 [WARN]: User not logged in
(VSCode) 2025-11-17 12:45:13.417 [WARN]: User not logged in
(VSCode) 2025-11-17 12:45:13.948 [WARN]: User not logged in
(VSCode) 2025-11-17 12:45:14.209 [WARN]: User not logged in
(VSCode) 2025-11-17 12:45:14.732 [WARN]: User not logged in
(VSCode) 2025-11-17 12:45:15.985 [WARN]: User not logged in
(VSCode) 2025-11-17 12:45:16.846 [WARN]: User not logged in
(VSCode) 2025-11-17 12:45:17.061 [WARN]: User not logged in
(VSCode) 2025-11-17 12:45:19.635 [WARN]: User not logged in
(VSCode) 2025-11-17 12:45:19.705 [WARN]: User not logged in
(VSCode) 2025-11-17 12:45:19.805 [WARN]: User not logged in
(VSCode) 2025-11-17 12:45:20.309 [WARN]: User not logged in
(VSCode) 2025-11-17 12:45:20.925 [WARN]: User not logged in
(VSCode) 2025-11-17 12:45:21.202 [WARN]: User not logged in
(VSCode) 2025-11-17 12:45:24.296 [WARN]: User not logged in
(VSCode) 2025-11-17 12:45:24.800 [WARN]: User not logged in
(VSCode) 2025-11-17 12:45:24.968 [WARN]: User not logged in
(VSCode) 2025-11-17 12:45:25.567 [WARN]: User not logged in
(VSCode) 2025-11-17 12:45:25.795 [WARN]: User not logged in
(VSCode) 2025-11-17 12:45:26.081 [WARN]: User not logged in
(VSCode) 2025-11-17 12:45:26.343 [WARN]: User not logged in
(VSCode) 2025-11-17 12:45:26.890 [WARN]: User not logged in
(VSCode) 2025-11-17 12:45:26.982 [WARN]: User not logged in
(VSCode) 2025-11-17 12:45:29.183 [WARN]: User not logged in
(VSCode) 2025-11-17 12:45:29.252 [WARN]: User not logged in
(VSCode) 2025-11-17 12:45:29.377 [WARN]: User not logged in
(VSCode) 2025-11-17 12:45:30.107 [WARN]: User not logged in
(VSCode) 2025-11-17 12:45:30.294 [WARN]: User not logged in
(VSCode) 2025-11-17 12:45:30.649 [WARN]: User not logged in
(VSCode) 2025-11-17 12:45:30.825 [WARN]: User not logged in
(VSCode) 2025-11-17 12:45:31.381 [WARN]: User not logged in
(VSCode) 2025-11-17 12:45:34.210 [WARN]: User not logged in
(VSCode) 2025-11-17 12:45:35.173 [WARN]: User not logged in
(VSCode) 2025-11-17 12:45:36.340 [WARN]: User not logged in
(VSCode) 2025-11-17 12:45:39.220 [WARN]: User not logged in
(VSCode) 2025-11-17 12:45:39.840 [WARN]: User not logged in
(VSCode) 2025-11-17 12:45:39.909 [WARN]: User not logged in
(VSCode) 2025-11-17 12:45:40.374 [WARN]: User not logged in
(VSCode) 2025-11-17 12:45:40.505 [WARN]: User not logged in
(VSCode) 2025-11-17 12:45:41.190 [WARN]: User not logged in
(VSCode) 2025-11-17 12:45:41.251 [WARN]: User not logged in
(VSCode) 2025-11-17 12:45:41.341 [WARN]: User not logged in
(VSCode) 2025-11-17 12:45:41.403 [WARN]: User not logged in
(VSCode) 2025-11-17 12:45:41.459 [WARN]: User not logged in
(VSCode) 2025-11-17 12:45:41.770 [WARN]: User not logged in
(VSCode) 2025-11-17 12:45:42.698 [WARN]: User not logged in
(VSCode) 2025-11-17 12:45:42.758 [WARN]: User not logged in
(VSCode) 2025-11-17 12:45:43.900 [WARN]: User not logged in
(VSCode) 2025-11-17 12:45:44.060 [WARN]: User not logged in
(VSCode) 2025-11-17 12:45:44.195 [WARN]: User not logged in
(VSCode) 2025-11-17 12:45:44.330 [WARN]: User not logged in
(VSCode) 2025-11-17 12:45:44.490 [WARN]: User not logged in
(VSCode) 2025-11-17 12:45:44.840 [WARN]: User not logged in
(VSCode) 2025-11-17 12:45:48.715 [WARN]: User not logged in
(VSCode) 2025-11-17 12:45:49.028 [WARN]: User not logged in
(VSCode) 2025-11-17 12:45:49.299 [WARN]: User not logged in
(VSCode) 2025-11-17 12:45:49.523 [WARN]: User not logged in
(VSCode) 2025-11-17 12:45:51.243 [WARN]: User not logged in
(VSCode) 2025-11-17 12:45:51.316 [WARN]: User not logged in
(VSCode) 2025-11-17 12:45:51.445 [WARN]: User not logged in
(VSCode) 2025-11-17 12:45:51.870 [WARN]: User not logged in
(VSCode) 2025-11-17 12:45:52.061 [WARN]: User not logged in
(VSCode) 2025-11-17 12:45:52.406 [WARN]: User not logged in
(VSCode) 2025-11-17 12:45:53.977 [WARN]: User not logged in
(VSCode) 2025-11-17 12:45:55.490 [WARN]: User not logged in
(VSCode) 2025-11-17 12:45:55.891 [WARN]: User not logged in
(VSCode) 2025-11-17 12:46:02.197 [WARN]: User not logged in
(VSCode) 2025-11-17 12:46:02.373 [WARN]: User not logged in
(VSCode) 2025-11-17 12:46:02.539 [WARN]: User not logged in
(VSCode) 2025-11-17 12:46:02.608 [WARN]: User not logged in
(VSCode) 2025-11-17 12:46:02.819 [WARN]: User not logged in
(VSCode) 2025-11-17 12:46:03.181 [WARN]: User not logged in
(VSCode) 2025-11-17 12:46:04.125 [WARN]: User not logged in
(VSCode) 2025-11-17 12:46:04.574 [WARN]: User not logged in
(VSCode) 2025-11-17 12:46:06.130 [WARN]: User not logged in
(VSCode) 2025-11-17 12:46:07.432 [WARN]: User not logged in
(VSCode) 2025-11-17 12:46:08.272 [WARN]: User not logged in
(VSCode) 2025-11-17 12:46:08.342 [WARN]: User not logged in
(VSCode) 2025-11-17 12:46:08.489 [WARN]: User not logged in
(VSCode) 2025-11-17 12:46:08.691 [WARN]: User not logged in
(VSCode) 2025-11-17 12:46:09.138 [WARN]: User not logged in
(VSCode) 2025-11-17 12:46:09.307 [WARN]: User not logged in
(VSCode) 2025-11-17 12:46:09.651 [WARN]: User not logged in
(VSCode) 2025-11-17 12:46:10.157 [WARN]: User not logged in
(VSCode) 2025-11-17 12:46:10.282 [WARN]: User not logged in
(VSCode) 2025-11-17 12:46:10.399 [WARN]: User not logged in
(VSCode) 2025-11-17 12:46:11.808 [WARN]: User not logged in
(VSCode) 2025-11-17 12:46:11.884 [WARN]: User not logged in
(VSCode) 2025-11-17 12:46:14.057 [WARN]: User not logged in
(VSCode) 2025-11-17 12:46:14.128 [WARN]: User not logged in
(VSCode) 2025-11-17 12:46:14.377 [WARN]: User not logged in
(VSCode) 2025-11-17 12:46:14.589 [WARN]: User not logged in
(VSCode) 2025-11-17 12:46:14.992 [WARN]: User not logged in
(VSCode) 2025-11-17 12:46:15.482 [WARN]: User not logged in
(VSCode) 2025-11-17 12:46:18.461 [WARN]: User not logged in
(VSCode) 2025-11-17 12:46:19.526 [WARN]: User not logged in
(VSCode) 2025-11-17 12:46:19.592 [WARN]: User not logged in
(VSCode) 2025-11-17 12:46:20.626 [WARN]: User not logged in
(VSCode) 2025-11-17 12:46:21.241 [WARN]: User not logged in
(VSCode) 2025-11-17 12:46:21.557 [WARN]: User not logged in
(VSCode) 2025-11-17 12:46:23.390 [WARN]: User not logged in
(VSCode) 2025-11-17 12:46:24.201 [WARN]: User not logged in
(VSCode) 2025-11-17 12:46:24.269 [WARN]: User not logged in
(VSCode) 2025-11-17 12:46:24.400 [WARN]: User not logged in
(VSCode) 2025-11-17 12:46:24.767 [WARN]: User not logged in
(VSCode) 2025-11-17 12:46:25.415 [WARN]: User not logged in
(VSCode) 2025-11-17 12:46:25.658 [WARN]: User not logged in
(VSCode) 2025-11-17 12:46:25.801 [WARN]: User not logged in
(VSCode) 2025-11-17 12:46:25.902 [WARN]: User not logged in
(VSCode) 2025-11-17 12:46:26.028 [WARN]: User not logged in
(VSCode) 2025-11-17 12:46:26.138 [WARN]: User not logged in
(VSCode) 2025-11-17 12:46:26.906 [WARN]: User not logged in
(VSCode) 2025-11-17 12:46:27.301 [WARN]: User not logged in
(VSCode) 2025-11-17 12:46:27.521 [WARN]: User not logged in
(VSCode) 2025-11-17 12:46:27.882 [WARN]: User not logged in
(VSCode) 2025-11-17 12:46:28.202 [WARN]: User not logged in
(VSCode) 2025-11-17 12:46:28.776 [WARN]: User not logged in
(VSCode) 2025-11-17 12:46:28.858 [WARN]: User not logged in
(VSCode) 2025-11-17 12:46:31.012 [WARN]: User not logged in
(VSCode) 2025-11-17 12:46:31.087 [WARN]: User not logged in
(VSCode) 2025-11-17 12:46:31.248 [WARN]: User not logged in
(VSCode) 2025-11-17 12:46:31.590 [WARN]: User not logged in
(VSCode) 2025-11-17 12:46:31.794 [WARN]: User not logged in
(VSCode) 2025-11-17 12:46:32.292 [WARN]: User not logged in
(VSCode) 2025-11-17 12:46:34.500 [WARN]: User not logged in
(VSCode) 2025-11-17 12:46:35.678 [WARN]: User not logged in
(VSCode) 2025-11-17 12:46:35.748 [WARN]: User not logged in
(VSCode) 2025-11-17 12:46:35.959 [WARN]: User not logged in
(VSCode) 2025-11-17 12:46:36.221 [WARN]: User not logged in
(VSCode) 2025-11-17 12:46:36.604 [WARN]: User not logged in
(VSCode) 2025-11-17 12:46:37.270 [WARN]: User not logged in
(VSCode) 2025-11-17 12:46:40.918 [WARN]: User not logged in
(VSCode) 2025-11-17 12:46:42.105 [WARN]: User not logged in
(VSCode) 2025-11-17 12:46:42.174 [WARN]: User not logged in
(VSCode) 2025-11-17 12:46:42.598 [WARN]: User not logged in
(VSCode) 2025-11-17 12:46:42.881 [WARN]: User not logged in
(VSCode) 2025-11-17 12:46:43.361 [WARN]: User not logged in
(VSCode) 2025-11-17 12:46:45.433 [WARN]: User not logged in
(VSCode) 2025-11-17 12:46:46.382 [WARN]: User not logged in
(VSCode) 2025-11-17 12:46:46.452 [WARN]: User not logged in
(VSCode) 2025-11-17 12:46:46.666 [WARN]: User not logged in
(VSCode) 2025-11-17 12:46:46.895 [WARN]: User not logged in
(VSCode) 2025-11-17 12:46:48.252 [WARN]: User not logged in
(VSCode) 2025-11-17 12:46:48.420 [WARN]: User not logged in
(VSCode) 2025-11-17 12:46:48.554 [WARN]: User not logged in
(VSCode) 2025-11-17 12:46:48.682 [WARN]: User not logged in
(VSCode) 2025-11-17 12:46:48.808 [WARN]: User not logged in
(VSCode) 2025-11-17 12:46:48.917 [WARN]: User not logged in
(VSCode) 2025-11-17 12:46:49.043 [WARN]: User not logged in
(VSCode) 2025-11-17 12:46:49.170 [WARN]: User not logged in
(VSCode) 2025-11-17 12:46:49.289 [WARN]: User not logged in
(VSCode) 2025-11-17 12:46:49.430 [WARN]: User not logged in
(VSCode) 2025-11-17 12:46:49.565 [WARN]: User not logged in
(VSCode) 2025-11-17 12:46:50.003 [WARN]: User not logged in
(VSCode) 2025-11-17 12:46:56.194 [WARN]: User not logged in
(VSCode) 2025-11-17 12:46:56.256 [WARN]: User not logged in
(VSCode) 2025-11-17 12:46:56.799 [WARN]: User not logged in
(VSCode) 2025-11-17 12:46:56.892 [WARN]: User not logged in
(VSCode) 2025-11-17 12:46:56.948 [WARN]: User not logged in
(VSCode) 2025-11-17 12:46:57.767 [WARN]: User not logged in
(VSCode) 2025-11-17 12:46:58.058 [WARN]: User not logged in
(VSCode) 2025-11-17 12:47:00.338 [WARN]: User not logged in
(VSCode) 2025-11-17 12:47:00.861 [WARN]: User not logged in
(VSCode) 2025-11-17 12:47:00.929 [WARN]: User not logged in
(VSCode) 2025-11-17 12:47:01.018 [WARN]: User not logged in
(VSCode) 2025-11-17 12:47:01.156 [WARN]: User not logged in
(VSCode) 2025-11-17 12:47:02.041 [WARN]: User not logged in
(VSCode) 2025-11-17 12:47:02.098 [WARN]: User not logged in
(VSCode) 2025-11-17 12:47:03.176 [WARN]: User not logged in
(VSCode) 2025-11-17 12:47:03.515 [WARN]: User not logged in
(VSCode) 2025-11-17 12:47:37.206 [WARN]: User not logged in
(VSCode) 2025-11-17 12:47:41.718 [WARN]: User not logged in
(VSCode) 2025-11-17 12:47:42.330 [WARN]: User not logged in
(VSCode) 2025-11-17 12:47:51.158 [WARN]: User not logged in
(VSCode) 2025-11-17 12:47:51.226 [WARN]: User not logged in
(VSCode) 2025-11-17 12:47:51.327 [WARN]: User not logged in
(VSCode) 2025-11-17 12:47:51.674 [WARN]: User not logged in
(VSCode) 2025-11-17 12:47:52.295 [WARN]: User not logged in
(VSCode) 2025-11-17 12:47:53.196 [WARN]: User not logged in
(VSCode) 2025-11-17 12:47:53.265 [WARN]: User not logged in
(VSCode) 2025-11-17 12:47:53.384 [WARN]: User not logged in
(VSCode) 2025-11-17 12:47:53.614 [WARN]: User not logged in
(VSCode) 2025-11-17 12:47:53.955 [WARN]: User not logged in
(VSCode) 2025-11-17 12:47:56.838 [WARN]: User not logged in
(VSCode) 2025-11-17 12:47:57.688 [WARN]: User not logged in
(VSCode) 2025-11-17 12:47:57.759 [WARN]: User not logged in
(VSCode) 2025-11-17 12:47:58.543 [WARN]: User not logged in
(VSCode) 2025-11-17 12:47:58.734 [WARN]: User not logged in
(VSCode) 2025-11-17 12:48:02.063 [WARN]: User not logged in
(VSCode) 2025-11-17 12:48:02.135 [WARN]: User not logged in
(VSCode) 2025-11-17 12:48:03.355 [WARN]: User not logged in
(VSCode) 2025-11-17 12:48:03.733 [WARN]: User not logged in
(VSCode) 2025-11-17 12:48:08.261 [WARN]: User not logged in
(VSCode) 2025-11-17 12:48:09.870 [WARN]: User not logged in
(VSCode) 2025-11-17 12:48:10.400 [WARN]: User not logged in
(VSCode) 2025-11-17 12:48:12.002 [WARN]: User not logged in
(VSCode) 2025-11-17 12:48:14.338 [WARN]: User not logged in
(VSCode) 2025-11-17 12:48:22.073 [WARN]: User not logged in
(VSCode) 2025-11-17 12:48:22.144 [WARN]: User not logged in
(VSCode) 2025-11-17 12:48:22.665 [WARN]: User not logged in
(VSCode) 2025-11-17 12:48:23.626 [WARN]: User not logged in
(VSCode) 2025-11-17 12:48:23.875 [WARN]: User not logged in
(VSCode) 2025-11-17 12:48:24.085 [WARN]: User not logged in
(VSCode) 2025-11-17 12:48:24.660 [WARN]: User not logged in
(VSCode) 2025-11-17 12:48:25.014 [WARN]: User not logged in
(VSCode) 2025-11-17 12:48:27.825 [WARN]: User not logged in
(VSCode) 2025-11-17 12:48:28.315 [WARN]: User not logged in
(VSCode) 2025-11-17 12:48:28.386 [WARN]: User not logged in
(VSCode) 2025-11-17 12:48:28.521 [WARN]: User not logged in
(VSCode) 2025-11-17 12:48:28.941 [WARN]: User not logged in
(VSCode) 2025-11-17 12:48:29.557 [WARN]: User not logged in
(VSCode) 2025-11-17 12:48:29.698 [WARN]: User not logged in
(VSCode) 2025-11-17 12:48:30.187 [WARN]: User not logged in
(VSCode) 2025-11-17 12:48:30.313 [WARN]: User not logged in
(VSCode) 2025-11-17 12:48:30.439 [WARN]: User not logged in
(VSCode) 2025-11-17 12:48:31.473 [WARN]: User not logged in
(VSCode) 2025-11-17 12:48:31.536 [WARN]: User not logged in
(VSCode) 2025-11-17 12:48:32.823 [WARN]: User not logged in
(VSCode) 2025-11-17 12:48:32.966 [WARN]: User not logged in
(VSCode) 2025-11-17 12:48:33.110 [WARN]: User not logged in
(VSCode) 2025-11-17 12:48:33.488 [WARN]: User not logged in
(VSCode) 2025-11-17 12:48:36.562 [WARN]: User not logged in
(VSCode) 2025-11-17 12:48:36.727 [WARN]: User not logged in
(VSCode) 2025-11-17 12:48:37.032 [WARN]: User not logged in
(VSCode) 2025-11-17 12:48:37.131 [WARN]: User not logged in
(VSCode) 2025-11-17 12:48:37.233 [WARN]: User not logged in
(VSCode) 2025-11-17 12:48:37.330 [WARN]: User not logged in
(VSCode) 2025-11-17 12:48:37.503 [WARN]: User not logged in
(VSCode) 2025-11-17 12:48:37.927 [WARN]: User not logged in
(VSCode) 2025-11-17 12:48:41.184 [WARN]: User not logged in
(VSCode) 2025-11-17 12:48:44.070 [WARN]: User not logged in
(VSCode) 2025-11-17 12:48:46.859 [WARN]: User not logged in
(VSCode) 2025-11-17 12:48:46.986 [WARN]: User not logged in
(VSCode) 2025-11-17 12:48:47.381 [WARN]: User not logged in
(VSCode) 2025-11-17 12:48:47.532 [WARN]: User not logged in
(VSCode) 2025-11-17 12:48:47.659 [WARN]: User not logged in
(VSCode) 2025-11-17 12:48:49.859 [WARN]: User not logged in
(VSCode) 2025-11-17 12:48:49.985 [WARN]: User not logged in
(VSCode) 2025-11-17 12:48:51.646 [WARN]: User not logged in
(VSCode) 2025-11-17 12:48:52.277 [WARN]: User not logged in
(VSCode) 2025-11-17 12:48:52.354 [WARN]: User not logged in
(VSCode) 2025-11-17 12:48:52.543 [WARN]: User not logged in
(VSCode) 2025-11-17 12:48:52.696 [WARN]: User not logged in
(VSCode) 2025-11-17 12:48:52.765 [WARN]: User not logged in
(VSCode) 2025-11-17 12:48:52.824 [WARN]: User not logged in
(VSCode) 2025-11-17 12:48:53.665 [WARN]: User not logged in
(VSCode) 2025-11-17 12:48:53.836 [WARN]: User not logged in
(VSCode) 2025-11-17 12:48:54.828 [WARN]: User not logged in
(VSCode) 2025-11-17 12:48:54.899 [WARN]: User not logged in
(VSCode) 2025-11-17 12:48:55.401 [WARN]: User not logged in
(VSCode) 2025-11-17 12:48:55.740 [WARN]: User not logged in
(VSCode) 2025-11-17 12:48:56.060 [WARN]: User not logged in
(VSCode) 2025-11-17 12:48:56.640 [WARN]: User not logged in
(VSCode) 2025-11-17 12:48:56.790 [WARN]: User not logged in
(VSCode) 2025-11-17 12:48:57.381 [WARN]: User not logged in
(VSCode) 2025-11-17 12:48:57.450 [WARN]: User not logged in
(VSCode) 2025-11-17 12:48:57.542 [WARN]: User not logged in
(VSCode) 2025-11-17 12:48:58.433 [WARN]: User not logged in
(VSCode) 2025-11-17 12:48:58.497 [WARN]: User not logged in
(VSCode) 2025-11-17 12:48:58.628 [WARN]: User not logged in
(VSCode) 2025-11-17 12:48:59.476 [WARN]: User not logged in
(VSCode) 2025-11-17 12:48:59.600 [WARN]: User not logged in
(VSCode) 2025-11-17 12:49:00.262 [WARN]: User not logged in
(VSCode) 2025-11-17 12:49:00.414 [WARN]: User not logged in
(VSCode) 2025-11-17 12:49:00.549 [WARN]: User not logged in
(VSCode) 2025-11-17 12:49:01.440 [WARN]: User not logged in
(VSCode) 2025-11-17 12:49:05.280 [WARN]: User not logged in
(VSCode) 2025-11-17 12:49:05.388 [WARN]: User not logged in
(VSCode) 2025-11-17 12:49:05.468 [WARN]: User not logged in
(VSCode) 2025-11-17 12:49:06.315 [WARN]: User not logged in
(VSCode) 2025-11-17 12:49:06.587 [WARN]: User not logged in
(VSCode) 2025-11-17 12:49:10.054 [WARN]: User not logged in
(VSCode) 2025-11-17 12:49:11.171 [WARN]: User not logged in
(VSCode) 2025-11-17 12:49:11.236 [WARN]: User not logged in
(VSCode) 2025-11-17 12:49:17.881 [WARN]: User not logged in
(VSCode) 2025-11-17 12:49:18.098 [WARN]: User not logged in
(VSCode) 2025-11-17 12:49:18.469 [WARN]: User not logged in
(VSCode) 2025-11-17 12:49:18.915 [WARN]: User not logged in
(VSCode) 2025-11-17 12:49:19.015 [WARN]: User not logged in
(VSCode) 2025-11-17 12:49:21.906 [WARN]: User not logged in
(VSCode) 2025-11-17 12:49:24.520 [WARN]: User not logged in
(VSCode) 2025-11-17 12:49:24.756 [WARN]: User not logged in
(VSCode) 2025-11-17 12:49:25.100 [WARN]: User not logged in
(VSCode) 2025-11-17 12:49:25.244 [WARN]: User not logged in
(VSCode) 2025-11-17 12:49:25.386 [WARN]: User not logged in
(VSCode) 2025-11-17 12:49:27.896 [WARN]: User not logged in
(VSCode) 2025-11-17 12:49:57.351 [WARN]: User not logged in
(VSCode) 2025-11-17 12:49:58.188 [WARN]: User not logged in
(VSCode) 2025-11-17 12:49:58.333 [WARN]: User not logged in
(VSCode) 2025-11-17 12:49:58.477 [WARN]: User not logged in
(VSCode) 2025-11-17 12:49:58.586 [WARN]: User not logged in
(VSCode) 2025-11-17 12:49:58.848 [WARN]: User not logged in
(VSCode) 2025-11-17 12:49:59.237 [WARN]: User not logged in
(VSCode) 2025-11-17 12:50:00.175 [WARN]: User not logged in
(VSCode) 2025-11-17 12:50:02.134 [WARN]: User not logged in
(VSCode) 2025-11-17 12:50:02.328 [WARN]: User not logged in
(VSCode) 2025-11-17 12:50:02.687 [WARN]: User not logged in
(VSCode) 2025-11-17 12:50:57.974 [WARN]: User not logged in
(VSCode) 2025-11-17 12:50:58.798 [WARN]: User not logged in
(VSCode) 2025-11-17 12:51:08.505 [WARN]: User not logged in
(VSCode) 2025-11-17 12:51:08.946 [WARN]: User not logged in
(VSCode) 2025-11-17 12:51:15.555 [WARN]: User not logged in
(VSCode) 2025-11-17 12:51:17.308 [WARN]: User not logged in
(VSCode) 2025-11-17 12:51:19.259 [WARN]: User not logged in
(VSCode) 2025-11-17 12:51:58.074 [WARN]: User not logged in
(VSCode) 2025-11-17 12:51:59.023 [WARN]: User not logged in
(VSCode) 2025-11-17 12:52:09.941 [WARN]: User not logged in
(VSCode) 2025-11-17 12:52:10.438 [WARN]: User not logged in
(VSCode) 2025-11-17 12:52:16.270 [WARN]: User not logged in
(VSCode) 2025-11-17 12:52:16.711 [WARN]: User not logged in
(VSCode) 2025-11-17 12:52:16.779 [WARN]: User not logged in
(VSCode) 2025-11-17 12:52:16.921 [WARN]: User not logged in
(VSCode) 2025-11-17 12:52:17.314 [WARN]: User not logged in
(VSCode) 2025-11-17 12:52:17.580 [WARN]: User not logged in
(VSCode) 2025-11-17 12:52:19.271 [WARN]: User not logged in
(VSCode) 2025-11-17 12:52:19.455 [WARN]: User not logged in
(VSCode) 2025-11-17 12:52:21.566 [WARN]: User not logged in
(VSCode) 2025-11-17 12:52:22.212 [WARN]: User not logged in
(VSCode) 2025-11-17 12:52:22.929 [WARN]: User not logged in
(VSCode) 2025-11-17 12:52:23.239 [WARN]: User not logged in
(VSCode) 2025-11-17 12:52:23.500 [WARN]: User not logged in
(VSCode) 2025-11-17 12:52:23.576 [WARN]: User not logged in
(VSCode) 2025-11-17 12:52:23.729 [WARN]: User not logged in
(VSCode) 2025-11-17 12:52:24.125 [WARN]: User not logged in
(VSCode) 2025-11-17 12:52:24.775 [WARN]: User not logged in
(VSCode) 2025-11-17 12:52:26.012 [WARN]: User not logged in
(VSCode) 2025-11-17 12:52:27.178 [WARN]: User not logged in
(VSCode) 2025-11-17 12:52:27.242 [WARN]: User not logged in
(VSCode) 2025-11-17 12:52:28.371 [WARN]: User not logged in
(VSCode) 2025-11-17 12:52:31.698 [WARN]: User not logged in
(VSCode) 2025-11-17 12:52:31.857 [WARN]: User not logged in
(VSCode) 2025-11-17 12:52:31.984 [WARN]: User not logged in
(VSCode) 2025-11-17 12:52:32.119 [WARN]: User not logged in
(VSCode) 2025-11-17 12:52:32.472 [WARN]: User not logged in
(VSCode) 2025-11-17 12:52:34.968 [WARN]: User not logged in
(VSCode) 2025-11-17 12:52:37.883 [WARN]: User not logged in
(VSCode) 2025-11-17 12:52:38.489 [WARN]: User not logged in
(VSCode) 2025-11-17 12:52:38.555 [WARN]: User not logged in
(VSCode) 2025-11-17 12:52:38.702 [WARN]: User not logged in
(VSCode) 2025-11-17 12:52:38.845 [WARN]: User not logged in
(VSCode) 2025-11-17 12:52:39.458 [WARN]: User not logged in
(VSCode) 2025-11-17 12:52:41.309 [WARN]: User not logged in
(VSCode) 2025-11-17 12:52:41.377 [WARN]: User not logged in
(VSCode) 2025-11-17 12:52:41.538 [WARN]: User not logged in
(VSCode) 2025-11-17 12:52:41.891 [WARN]: User not logged in
(VSCode) 2025-11-17 12:52:42.768 [WARN]: User not logged in
(VSCode) 2025-11-17 12:52:43.686 [WARN]: User not logged in
(VSCode) 2025-11-17 12:52:43.745 [WARN]: User not logged in
(VSCode) 2025-11-17 12:52:44.576 [WARN]: User not logged in
(VSCode) 2025-11-17 12:52:46.085 [WARN]: User not logged in
(VSCode) 2025-11-17 12:52:46.362 [WARN]: User not logged in
(VSCode) 2025-11-17 12:52:46.616 [WARN]: User not logged in
(VSCode) 2025-11-17 12:52:46.843 [WARN]: User not logged in
(VSCode) 2025-11-17 12:52:47.146 [WARN]: User not logged in
(VSCode) 2025-11-17 12:52:47.340 [WARN]: User not logged in
(VSCode) 2025-11-17 12:52:47.492 [WARN]: User not logged in
(VSCode) 2025-11-17 12:52:47.660 [WARN]: User not logged in
(VSCode) 2025-11-17 12:52:48.273 [WARN]: User not logged in
(VSCode) 2025-11-17 12:52:50.048 [WARN]: User not logged in
(VSCode) 2025-11-17 12:53:10.932 [WARN]: User not logged in
(VSCode) 2025-11-17 12:53:11.600 [WARN]: User not logged in
(VSCode) 2025-11-17 12:53:27.275 [WARN]: User not logged in
(VSCode) 2025-11-17 12:54:09.500 [WARN]: User not logged in
(VSCode) 2025-11-17 12:54:11.753 [WARN]: User not logged in
(VSCode) 2025-11-17 12:54:14.387 [WARN]: User not logged in
(VSCode) 2025-11-17 12:54:14.472 [WARN]: User not logged in
(VSCode) 2025-11-17 12:54:14.912 [WARN]: User not logged in
(VSCode) 2025-11-17 12:54:15.149 [WARN]: User not logged in
(VSCode) 2025-11-17 12:54:16.209 [WARN]: User not logged in
(VSCode) 2025-11-17 12:54:16.264 [WARN]: User not logged in
(VSCode) 2025-11-17 12:54:17.871 [WARN]: User not logged in
(VSCode) 2025-11-17 12:54:19.967 [WARN]: User not logged in
(VSCode) 2025-11-17 12:54:20.125 [WARN]: User not logged in
(VSCode) 2025-11-17 12:54:20.478 [WARN]: User not logged in
(VSCode) 2025-11-17 12:54:20.632 [WARN]: User not logged in
(VSCode) 2025-11-17 12:54:20.756 [WARN]: User not logged in
(VSCode) 2025-11-17 12:54:20.883 [WARN]: User not logged in
(VSCode) 2025-11-17 12:54:21.085 [WARN]: User not logged in
(VSCode) 2025-11-17 12:54:21.912 [WARN]: User not logged in
(VSCode) 2025-11-17 12:54:21.979 [WARN]: User not logged in
(VSCode) 2025-11-17 12:54:22.090 [WARN]: User not logged in
(VSCode) 2025-11-17 12:54:22.336 [WARN]: User not logged in
(VSCode) 2025-11-17 12:54:22.573 [WARN]: User not logged in
(VSCode) 2025-11-17 12:54:22.728 [WARN]: User not logged in
(VSCode) 2025-11-17 12:54:22.864 [WARN]: User not logged in
(VSCode) 2025-11-17 12:54:24.179 [WARN]: User not logged in
(VSCode) 2025-11-17 12:54:25.053 [WARN]: User not logged in
(VSCode) 2025-11-17 12:54:25.214 [WARN]: User not logged in
(VSCode) 2025-11-17 12:54:25.444 [WARN]: User not logged in
(VSCode) 2025-11-17 12:54:26.302 [WARN]: User not logged in
(VSCode) 2025-11-17 12:54:26.453 [WARN]: User not logged in
(VSCode) 2025-11-17 12:54:26.717 [WARN]: User not logged in
(VSCode) 2025-11-17 12:54:27.093 [WARN]: User not logged in
(VSCode) 2025-11-17 12:54:27.278 [WARN]: User not logged in
(VSCode) 2025-11-17 12:54:27.404 [WARN]: User not logged in
(VSCode) 2025-11-17 12:54:29.379 [WARN]: User not logged in
(VSCode) 2025-11-17 12:54:29.446 [WARN]: User not logged in
(VSCode) 2025-11-17 12:54:29.572 [WARN]: User not logged in
(VSCode) 2025-11-17 12:54:29.884 [WARN]: User not logged in
(VSCode) 2025-11-17 12:54:30.305 [WARN]: User not logged in
(VSCode) 2025-11-17 12:54:30.361 [WARN]: User not logged in
(VSCode) 2025-11-17 12:54:30.484 [WARN]: User not logged in
(VSCode) 2025-11-17 12:54:31.897 [WARN]: User not logged in
(VSCode) 2025-11-17 12:55:22.573 [WARN]: User not logged in
(VSCode) 2025-11-17 12:55:25.607 [WARN]: User not logged in
(VSCode) 2025-11-17 12:55:25.801 [WARN]: User not logged in
(VSCode) 2025-11-17 12:55:25.986 [WARN]: User not logged in
(VSCode) 2025-11-17 12:55:26.336 [WARN]: User not logged in
(VSCode) 2025-11-17 12:55:27.319 [WARN]: User not logged in
(VSCode) 2025-11-17 12:55:27.469 [WARN]: User not logged in
(VSCode) 2025-11-17 12:55:28.177 [WARN]: User not logged in
(VSCode) 2025-11-17 12:55:28.283 [WARN]: User not logged in
(VSCode) 2025-11-17 12:55:28.379 [WARN]: User not logged in
(VSCode) 2025-11-17 12:55:28.479 [WARN]: User not logged in
(VSCode) 2025-11-17 12:55:28.786 [WARN]: User not logged in
(VSCode) 2025-11-17 12:55:29.823 [WARN]: User not logged in
(VSCode) 2025-11-17 12:55:29.965 [WARN]: User not logged in
(VSCode) 2025-11-17 12:55:30.091 [WARN]: User not logged in
(VSCode) 2025-11-17 12:55:30.833 [WARN]: User not logged in
(VSCode) 2025-11-17 12:55:30.984 [WARN]: User not logged in
(VSCode) 2025-11-17 12:55:31.085 [WARN]: User not logged in
(VSCode) 2025-11-17 12:55:31.160 [WARN]: User not logged in
(VSCode) 2025-11-17 12:55:31.583 [WARN]: User not logged in
(VSCode) 2025-11-17 12:55:34.007 [WARN]: User not logged in
(VSCode) 2025-11-17 12:55:34.511 [WARN]: User not logged in
(VSCode) 2025-11-17 12:55:34.712 [WARN]: User not logged in
(VSCode) 2025-11-17 12:55:35.031 [WARN]: User not logged in
(VSCode) 2025-11-17 12:55:35.719 [WARN]: User not logged in
(VSCode) 2025-11-17 12:55:35.896 [WARN]: User not logged in
(VSCode) 2025-11-17 12:55:36.065 [WARN]: User not logged in
(VSCode) 2025-11-17 12:55:36.375 [WARN]: User not logged in
(VSCode) 2025-11-17 12:55:36.664 [WARN]: User not logged in
(VSCode) 2025-11-17 12:55:40.120 [WARN]: User not logged in
(VSCode) 2025-11-17 12:55:40.319 [WARN]: User not logged in
(VSCode) 2025-11-17 12:55:40.717 [WARN]: User not logged in
(VSCode) 2025-11-17 12:55:40.869 [WARN]: User not logged in
(VSCode) 2025-11-17 12:55:40.999 [WARN]: User not logged in
(VSCode) 2025-11-17 12:55:42.379 [WARN]: User not logged in
(VSCode) 2025-11-17 12:55:48.101 [WARN]: User not logged in
(VSCode) 2025-11-17 12:55:48.336 [WARN]: User not logged in
(VSCode) 2025-11-17 12:55:48.699 [WARN]: User not logged in
(VSCode) 2025-11-17 12:55:49.709 [WARN]: User not logged in
(VSCode) 2025-11-17 12:55:49.882 [WARN]: User not logged in
(VSCode) 2025-11-17 12:55:50.722 [WARN]: User not logged in
(VSCode) 2025-11-17 12:55:50.854 [WARN]: User not logged in
(VSCode) 2025-11-17 12:55:51.151 [WARN]: User not logged in
(VSCode) 2025-11-17 12:55:51.272 [WARN]: User not logged in
(VSCode) 2025-11-17 12:55:51.379 [WARN]: User not logged in
(VSCode) 2025-11-17 12:55:51.903 [WARN]: User not logged in
(VSCode) 2025-11-17 12:55:54.468 [WARN]: User not logged in
(VSCode) 2025-11-17 12:55:56.279 [WARN]: User not logged in
(VSCode) 2025-11-17 12:55:56.730 [WARN]: User not logged in
(VSCode) 2025-11-17 12:55:58.158 [WARN]: User not logged in
(VSCode) 2025-11-17 12:56:04.744 [WARN]: User not logged in
(VSCode) 2025-11-17 12:56:07.340 [WARN]: User not logged in
(VSCode) 2025-11-17 12:56:09.790 [WARN]: User not logged in
(VSCode) 2025-11-17 12:56:09.855 [WARN]: User not logged in
(VSCode) 2025-11-17 12:56:10.535 [WARN]: User not logged in
(VSCode) 2025-11-17 12:56:10.753 [WARN]: User not logged in
(VSCode) 2025-11-17 12:56:10.881 [WARN]: User not logged in
(VSCode) 2025-11-17 12:56:12.909 [WARN]: User not logged in
(VSCode) 2025-11-17 12:56:13.265 [WARN]: User not logged in
(VSCode) 2025-11-17 12:56:13.619 [WARN]: User not logged in
(VSCode) 2025-11-17 12:56:13.763 [WARN]: User not logged in
(VSCode) 2025-11-17 12:56:15.111 [WARN]: User not logged in
(VSCode) 2025-11-17 12:56:15.296 [WARN]: User not logged in
(VSCode) 2025-11-17 12:56:15.565 [WARN]: User not logged in
(VSCode) 2025-11-17 12:56:15.868 [WARN]: User not logged in
(VSCode) 2025-11-17 12:56:16.340 [WARN]: User not logged in
(VSCode) 2025-11-17 12:56:16.612 [WARN]: User not logged in
(VSCode) 2025-11-17 12:56:16.787 [WARN]: User not logged in
(VSCode) 2025-11-17 12:56:17.056 [WARN]: User not logged in
(VSCode) 2025-11-17 12:56:17.958 [WARN]: User not logged in
(VSCode) 2025-11-17 12:56:19.703 [WARN]: User not logged in
(VSCode) 2025-11-17 12:56:20.495 [WARN]: User not logged in
(VSCode) 2025-11-17 12:56:20.773 [WARN]: User not logged in
(VSCode) 2025-11-17 12:56:21.481 [WARN]: User not logged in
(VSCode) 2025-11-17 12:56:21.632 [WARN]: User not logged in
(VSCode) 2025-11-17 12:56:24.044 [WARN]: User not logged in
(VSCode) 2025-11-17 12:56:25.472 [WARN]: User not logged in
(VSCode) 2025-11-17 12:56:27.945 [WARN]: User not logged in
(VSCode) 2025-11-17 12:56:28.017 [WARN]: User not logged in
(VSCode) 2025-11-17 12:56:28.148 [WARN]: User not logged in
(VSCode) 2025-11-17 12:56:28.610 [WARN]: User not logged in
(VSCode) 2025-11-17 12:56:28.963 [WARN]: User not logged in
(VSCode) 2025-11-17 12:56:29.199 [WARN]: User not logged in
(VSCode) 2025-11-17 12:56:31.850 [WARN]: User not logged in
(VSCode) 2025-11-17 12:56:32.010 [WARN]: User not logged in
(VSCode) 2025-11-17 12:56:32.171 [WARN]: User not logged in
(VSCode) 2025-11-17 12:56:32.469 [WARN]: User not logged in
(VSCode) 2025-11-17 12:56:33.664 [WARN]: User not logged in
(VSCode) 2025-11-17 12:56:33.811 [WARN]: User not logged in
(VSCode) 2025-11-17 12:56:37.995 [WARN]: User not logged in
(VSCode) 2025-11-17 12:56:38.083 [WARN]: User not logged in
(VSCode) 2025-11-17 12:56:38.323 [WARN]: User not logged in
(VSCode) 2025-11-17 12:56:38.418 [WARN]: User not logged in
(VSCode) 2025-11-17 12:56:38.551 [WARN]: User not logged in
(VSCode) 2025-11-17 12:56:38.948 [WARN]: User not logged in
(VSCode) 2025-11-17 12:56:39.838 [WARN]: User not logged in
(VSCode) 2025-11-17 12:56:40.217 [WARN]: User not logged in
(VSCode) 2025-11-17 12:56:46.535 [WARN]: User not logged in
(VSCode) 2025-11-17 12:56:46.946 [WARN]: User not logged in
(VSCode) 2025-11-17 12:56:48.785 [WARN]: User not logged in
(VSCode) 2025-11-17 12:56:50.142 [WARN]: User not logged in
(VSCode) 2025-11-17 12:56:52.452 [WARN]: User not logged in
(VSCode) 2025-11-17 12:56:52.525 [WARN]: User not logged in
(VSCode) 2025-11-17 12:56:57.088 [WARN]: User not logged in
(VSCode) 2025-11-17 12:56:58.602 [WARN]: User not logged in
(VSCode) 2025-11-17 12:56:59.006 [WARN]: User not logged in
(VSCode) 2025-11-17 12:57:00.712 [WARN]: User not logged in
(VSCode) 2025-11-17 12:57:00.894 [WARN]: User not logged in
(VSCode) 2025-11-17 12:57:01.290 [WARN]: User not logged in
(VSCode) 2025-11-17 12:57:01.457 [WARN]: User not logged in
(VSCode) 2025-11-17 12:57:01.620 [WARN]: User not logged in
(VSCode) 2025-11-17 12:57:02.083 [WARN]: User not logged in
(VSCode) 2025-11-17 12:57:02.368 [WARN]: User not logged in
(VSCode) 2025-11-17 12:57:04.043 [WARN]: User not logged in
(VSCode) 2025-11-17 12:57:04.110 [WARN]: User not logged in
(VSCode) 2025-11-17 12:57:04.248 [WARN]: User not logged in
(VSCode) 2025-11-17 12:57:04.406 [WARN]: User not logged in
(VSCode) 2025-11-17 12:57:04.473 [WARN]: User not logged in
(VSCode) 2025-11-17 12:57:04.568 [WARN]: User not logged in
(VSCode) 2025-11-17 12:57:05.730 [WARN]: User not logged in
(VSCode) 2025-11-17 12:57:05.940 [WARN]: User not logged in
(VSCode) 2025-11-17 12:57:06.378 [WARN]: User not logged in
(VSCode) 2025-11-17 12:57:06.445 [WARN]: User not logged in
(VSCode) 2025-11-17 12:57:06.634 [WARN]: User not logged in
(VSCode) 2025-11-17 12:57:06.809 [WARN]: User not logged in
(VSCode) 2025-11-17 12:57:08.040 [WARN]: User not logged in
(VSCode) 2025-11-17 12:57:08.112 [WARN]: User not logged in
(VSCode) 2025-11-17 12:57:08.214 [WARN]: User not logged in
(VSCode) 2025-11-17 12:57:09.230 [WARN]: User not logged in
(VSCode) 2025-11-17 12:57:09.422 [WARN]: User not logged in
(VSCode) 2025-11-17 12:57:10.386 [WARN]: User not logged in
(VSCode) 2025-11-17 12:57:10.547 [WARN]: User not logged in
(VSCode) 2025-11-17 12:57:10.699 [WARN]: User not logged in
(VSCode) 2025-11-17 12:57:11.093 [WARN]: User not logged in
(VSCode) 2025-11-17 12:57:13.894 [WARN]: User not logged in
(VSCode) 2025-11-17 12:57:15.133 [WARN]: User not logged in
(VSCode) 2025-11-17 12:57:15.251 [WARN]: User not logged in
(VSCode) 2025-11-17 12:57:15.352 [WARN]: User not logged in
(VSCode) 2025-11-17 12:57:16.581 [WARN]: User not logged in
(VSCode) 2025-11-17 12:57:16.652 [WARN]: User not logged in
(VSCode) 2025-11-17 12:57:16.739 [WARN]: User not logged in
(VSCode) 2025-11-17 12:57:17.485 [WARN]: User not logged in
(VSCode) 2025-11-17 12:57:17.550 [WARN]: User not logged in
(VSCode) 2025-11-17 12:57:17.777 [WARN]: User not logged in
(VSCode) 2025-11-17 12:57:17.916 [WARN]: User not logged in
(VSCode) 2025-11-17 12:57:18.014 [WARN]: User not logged in
(VSCode) 2025-11-17 12:57:18.113 [WARN]: User not logged in
(VSCode) 2025-11-17 12:57:18.418 [WARN]: User not logged in
(VSCode) 2025-11-17 12:57:18.973 [WARN]: User not logged in
(VSCode) 2025-11-17 12:57:20.010 [WARN]: User not logged in
(VSCode) 2025-11-17 12:57:20.128 [WARN]: User not logged in
(VSCode) 2025-11-17 12:57:20.237 [WARN]: User not logged in
(VSCode) 2025-11-17 12:57:21.096 [WARN]: User not logged in
(VSCode) 2025-11-17 12:57:21.237 [WARN]: User not logged in
(VSCode) 2025-11-17 12:57:21.485 [WARN]: User not logged in
(VSCode) 2025-11-17 12:57:24.149 [WARN]: User not logged in
(VSCode) 2025-11-17 12:57:24.980 [WARN]: User not logged in
(VSCode) 2025-11-17 12:57:25.729 [WARN]: User not logged in
(VSCode) 2025-11-17 12:57:25.802 [WARN]: User not logged in
(VSCode) 2025-11-17 12:57:25.916 [WARN]: User not logged in
(VSCode) 2025-11-17 12:57:26.092 [WARN]: User not logged in
(VSCode) 2025-11-17 12:57:27.937 [WARN]: User not logged in
(VSCode) 2025-11-17 12:57:28.010 [WARN]: User not logged in
(VSCode) 2025-11-17 12:57:28.133 [WARN]: User not logged in
(VSCode) 2025-11-17 12:57:28.201 [WARN]: User not logged in
(VSCode) 2025-11-17 12:57:28.821 [WARN]: User not logged in
(VSCode) 2025-11-17 12:57:28.930 [WARN]: User not logged in
(VSCode) 2025-11-17 12:57:29.663 [WARN]: User not logged in
(VSCode) 2025-11-17 12:57:29.789 [WARN]: User not logged in
(VSCode) 2025-11-17 12:57:30.211 [WARN]: User not logged in
(VSCode) 2025-11-17 12:57:31.212 [WARN]: User not logged in
(VSCode) 2025-11-17 12:57:31.282 [WARN]: User not logged in
(VSCode) 2025-11-17 12:57:32.484 [WARN]: User not logged in
(VSCode) 2025-11-17 12:57:32.831 [WARN]: User not logged in
(VSCode) 2025-11-17 12:57:33.293 [WARN]: User not logged in
(VSCode) 2025-11-17 12:57:34.671 [WARN]: User not logged in
(VSCode) 2025-11-17 12:57:36.009 [WARN]: User not logged in
(VSCode) 2025-11-17 12:57:36.167 [WARN]: User not logged in
(VSCode) 2025-11-17 12:57:36.515 [WARN]: User not logged in
(VSCode) 2025-11-17 12:57:36.604 [WARN]: User not logged in
(VSCode) 2025-11-17 12:57:36.690 [WARN]: User not logged in
(VSCode) 2025-11-17 12:57:36.777 [WARN]: User not logged in
(VSCode) 2025-11-17 12:57:36.901 [WARN]: User not logged in
(VSCode) 2025-11-17 12:57:37.137 [WARN]: User not logged in
(VSCode) 2025-11-17 12:57:37.710 [WARN]: User not logged in
(VSCode) 2025-11-17 12:57:39.946 [WARN]: User not logged in
(VSCode) 2025-11-17 12:57:40.416 [WARN]: User not logged in
(VSCode) 2025-11-17 12:57:41.003 [WARN]: User not logged in
(VSCode) 2025-11-17 12:57:41.997 [WARN]: User not logged in
(VSCode) 2025-11-17 12:57:42.875 [WARN]: User not logged in
(VSCode) 2025-11-17 12:57:44.277 [WARN]: User not logged in
(VSCode) 2025-11-17 12:57:44.402 [WARN]: User not logged in
(VSCode) 2025-11-17 12:57:44.899 [WARN]: User not logged in
(VSCode) 2025-11-17 12:57:45.059 [WARN]: User not logged in
(VSCode) 2025-11-17 12:57:45.173 [WARN]: User not logged in
(VSCode) 2025-11-17 12:57:46.722 [WARN]: User not logged in
(VSCode) 2025-11-17 12:57:46.906 [WARN]: User not logged in
(VSCode) 2025-11-17 12:57:47.209 [WARN]: User not logged in
(VSCode) 2025-11-17 12:57:48.710 [WARN]: User not logged in
(VSCode) 2025-11-17 12:58:05.029 [WARN]: User not logged in
(VSCode) 2025-11-17 12:58:06.339 [WARN]: User not logged in
(VSCode) 2025-11-17 12:58:07.771 [WARN]: User not logged in
(VSCode) 2025-11-17 12:58:10.807 [WARN]: User not logged in
(VSCode) 2025-11-17 12:58:11.849 [WARN]: User not logged in
(VSCode) 2025-11-17 12:58:11.964 [WARN]: User not logged in
(VSCode) 2025-11-17 12:58:12.736 [WARN]: User not logged in
(VSCode) 2025-11-17 12:58:13.627 [WARN]: User not logged in
(VSCode) 2025-11-17 12:58:13.880 [WARN]: User not logged in
(VSCode) 2025-11-17 12:58:13.982 [WARN]: User not logged in
(VSCode) 2025-11-17 12:58:14.587 [WARN]: User not logged in
(VSCode) 2025-11-17 12:58:14.722 [WARN]: User not logged in
(VSCode) 2025-11-17 12:58:15.087 [WARN]: User not logged in
(VSCode) 2025-11-17 12:59:02.153 [WARN]: User not logged in
(VSCode) 2025-11-17 12:59:02.902 [WARN]: User not logged in
(VSCode) 2025-11-17 12:59:03.601 [WARN]: User not logged in
(VSCode) 2025-11-17 12:59:05.576 [WARN]: User not logged in
(VSCode) 2025-11-17 12:59:07.009 [WARN]: User not logged in
(VSCode) 2025-11-17 12:59:07.177 [WARN]: User not logged in
(VSCode) 2025-11-17 12:59:07.270 [WARN]: User not logged in
(VSCode) 2025-11-17 12:59:08.298 [WARN]: User not logged in
(VSCode) 2025-11-17 12:59:08.434 [WARN]: User not logged in
(VSCode) 2025-11-17 12:59:08.558 [WARN]: User not logged in
(VSCode) 2025-11-17 12:59:11.410 [WARN]: User not logged in
(VSCode) 2025-11-17 12:59:11.678 [WARN]: User not logged in
(VSCode) 2025-11-17 12:59:12.227 [WARN]: User not logged in
(VSCode) 2025-11-17 12:59:12.706 [WARN]: User not logged in
(VSCode) 2025-11-17 12:59:13.931 [WARN]: User not logged in
(VSCode) 2025-11-17 12:59:14.889 [WARN]: User not logged in
(VSCode) 2025-11-17 12:59:16.094 [WARN]: User not logged in
(VSCode) 2025-11-17 12:59:16.490 [WARN]: User not logged in
(VSCode) 2025-11-17 12:59:50.506 [WARN]: User not logged in
(VSCode) 2025-11-17 13:01:25.651 [WARN]: User not logged in
(VSCode) 2025-11-17 13:01:27.581 [WARN]: User not logged in
(VSCode) 2025-11-17 13:01:27.656 [WARN]: User not logged in
(VSCode) 2025-11-17 13:01:28.130 [WARN]: User not logged in
(VSCode) 2025-11-17 13:01:28.540 [WARN]: User not logged in
(VSCode) 2025-11-17 13:01:48.243 [WARN]: User not logged in
(VSCode) 2025-11-17 13:01:53.574 [WARN]: User not logged in
(VSCode) 2025-11-17 13:01:53.823 [WARN]: User not logged in
(VSCode) 2025-11-17 13:02:03.191 [WARN]: User not logged in
(VSCode) 2025-11-17 13:02:03.949 [WARN]: User not logged in
(VSCode) 2025-11-17 13:02:12.829 [WARN]: User not logged in
(VSCode) 2025-11-17 13:02:35.445 [WARN]: User not logged in
(VSCode) 2025-11-17 13:02:36.744 [WARN]: User not logged in
(VSCode) 2025-11-17 13:02:37.694 [WARN]: User not logged in
(VSCode) 2025-11-17 13:02:48.070 [WARN]: User not logged in
(VSCode) 2025-11-17 13:02:48.227 [WARN]: User not logged in
(VSCode) 2025-11-17 13:02:48.301 [WARN]: User not logged in
(VSCode) 2025-11-17 13:02:48.458 [WARN]: User not logged in
(VSCode) 2025-11-17 13:02:48.576 [WARN]: User not logged in
(VSCode) 2025-11-17 13:02:49.063 [WARN]: User not logged in
(VSCode) 2025-11-17 13:02:49.240 [WARN]: User not logged in
(VSCode) 2025-11-17 13:02:51.009 [WARN]: User not logged in
(VSCode) 2025-11-17 13:02:51.107 [WARN]: User not logged in
(VSCode) 2025-11-17 13:02:51.220 [WARN]: User not logged in
(VSCode) 2025-11-17 13:02:51.978 [WARN]: User not logged in
(VSCode) 2025-11-17 13:02:52.425 [WARN]: User not logged in
(VSCode) 2025-11-17 13:02:58.969 [WARN]: User not logged in
(VSCode) 2025-11-17 13:02:59.255 [WARN]: User not logged in
(VSCode) 2025-11-17 13:02:59.329 [WARN]: User not logged in
(VSCode) 2025-11-17 13:02:59.821 [WARN]: User not logged in
(VSCode) 2025-11-17 13:03:00.983 [WARN]: User not logged in
(VSCode) 2025-11-17 13:03:01.110 [WARN]: User not logged in
(VSCode) 2025-11-17 13:03:02.371 [WARN]: User not logged in
(VSCode) 2025-11-17 13:03:02.927 [WARN]: User not logged in
(VSCode) 2025-11-17 13:03:03.519 [WARN]: User not logged in
(VSCode) 2025-11-17 13:03:09.058 [WARN]: User not logged in
(VSCode) 2025-11-17 13:03:09.324 [WARN]: User not logged in
(VSCode) 2025-11-17 13:03:10.875 [WARN]: User not logged in
(VSCode) 2025-11-17 13:03:13.158 [WARN]: User not logged in
(VSCode) 2025-11-17 13:03:13.229 [WARN]: User not logged in
(VSCode) 2025-11-17 13:03:13.461 [WARN]: User not logged in
(VSCode) 2025-11-17 13:03:14.030 [WARN]: User not logged in
(VSCode) 2025-11-17 13:03:14.406 [WARN]: User not logged in
(VSCode) 2025-11-17 13:03:16.091 [WARN]: User not logged in
(VSCode) 2025-11-17 13:03:18.958 [WARN]: User not logged in
(VSCode) 2025-11-17 13:03:19.019 [WARN]: User not logged in
(VSCode) 2025-11-17 13:03:20.390 [WARN]: User not logged in
(VSCode) 2025-11-17 13:03:20.583 [WARN]: User not logged in
(VSCode) 2025-11-17 13:03:20.869 [WARN]: User not logged in
(VSCode) 2025-11-17 13:03:21.241 [WARN]: User not logged in
(VSCode) 2025-11-17 13:03:31.678 [WARN]: User not logged in
(VSCode) 2025-11-17 13:03:33.742 [WARN]: User not logged in
(VSCode) 2025-11-17 13:03:33.842 [WARN]: User not logged in
(VSCode) 2025-11-17 13:03:34.677 [WARN]: User not logged in
(VSCode) 2025-11-17 13:03:34.955 [WARN]: User not logged in
(VSCode) 2025-11-17 13:03:35.477 [WARN]: User not logged in
(VSCode) 2025-11-17 13:03:35.619 [WARN]: User not logged in
(VSCode) 2025-11-17 13:03:43.483 [WARN]: User not logged in
(VSCode) 2025-11-17 13:03:43.668 [WARN]: User not logged in
(VSCode) 2025-11-17 13:03:43.885 [WARN]: User not logged in
(VSCode) 2025-11-17 13:03:46.018 [WARN]: User not logged in
(VSCode) 2025-11-17 13:03:46.456 [WARN]: User not logged in
(VSCode) 2025-11-17 13:03:46.624 [WARN]: User not logged in
(VSCode) 2025-11-17 13:03:46.898 [WARN]: User not logged in
(VSCode) 2025-11-17 13:03:47.139 [WARN]: User not logged in
(VSCode) 2025-11-17 13:03:48.622 [WARN]: User not logged in
(VSCode) 2025-11-17 13:03:51.336 [WARN]: User not logged in
(VSCode) 2025-11-17 13:03:51.530 [WARN]: User not logged in
(VSCode) 2025-11-17 13:03:53.528 [WARN]: User not logged in
(VSCode) 2025-11-17 13:03:54.212 [WARN]: User not logged in
(VSCode) 2025-11-17 13:03:54.497 [WARN]: User not logged in
(VSCode) 2025-11-17 13:03:55.526 [WARN]: User not logged in
(VSCode) 2025-11-17 13:03:58.842 [WARN]: User not logged in
(VSCode) 2025-11-17 13:03:59.850 [WARN]: User not logged in
(VSCode) 2025-11-17 13:03:59.918 [WARN]: User not logged in
(VSCode) 2025-11-17 13:04:00.073 [WARN]: User not logged in
(VSCode) 2025-11-17 13:04:00.430 [WARN]: User not logged in
(VSCode) 2025-11-17 13:04:00.678 [WARN]: User not logged in
(VSCode) 2025-11-17 13:04:03.469 [WARN]: User not logged in
(VSCode) 2025-11-17 13:04:05.685 [WARN]: User not logged in
(VSCode) 2025-11-17 13:04:07.559 [WARN]: User not logged in
(VSCode) 2025-11-17 13:04:07.625 [WARN]: User not logged in
(VSCode) 2025-11-17 13:04:07.805 [WARN]: User not logged in
(VSCode) 2025-11-17 13:04:08.123 [WARN]: User not logged in
(VSCode) 2025-11-17 13:04:08.177 [WARN]: User not logged in
(VSCode) 2025-11-17 13:04:08.355 [WARN]: User not logged in
(VSCode) 2025-11-17 13:04:08.988 [WARN]: User not logged in
(VSCode) 2025-11-17 13:04:09.046 [WARN]: User not logged in
(VSCode) 2025-11-17 13:04:10.025 [WARN]: User not logged in
(VSCode) 2025-11-17 13:04:10.086 [WARN]: User not logged in
(VSCode) 2025-11-17 13:04:10.191 [WARN]: User not logged in
(VSCode) 2025-11-17 13:04:10.249 [WARN]: User not logged in
(VSCode) 2025-11-17 13:04:10.331 [WARN]: User not logged in
(VSCode) 2025-11-17 13:04:10.437 [WARN]: User not logged in
(VSCode) 2025-11-17 13:04:10.497 [WARN]: User not logged in
(VSCode) 2025-11-17 13:04:10.580 [WARN]: User not logged in
(VSCode) 2025-11-17 13:04:10.641 [WARN]: User not logged in
(VSCode) 2025-11-17 13:04:10.811 [WARN]: User not logged in
(VSCode) 2025-11-17 13:04:11.566 [WARN]: User not logged in
(VSCode) 2025-11-17 13:04:11.627 [WARN]: User not logged in
(VSCode) 2025-11-17 13:04:12.593 [WARN]: User not logged in
(VSCode) 2025-11-17 13:04:13.309 [WARN]: User not logged in
(VSCode) 2025-11-17 13:04:13.958 [WARN]: User not logged in
(VSCode) 2025-11-17 13:04:14.109 [WARN]: User not logged in
(VSCode) 2025-11-17 13:04:15.221 [WARN]: User not logged in
(VSCode) 2025-11-17 13:04:15.287 [WARN]: User not logged in
(VSCode) 2025-11-17 13:04:15.666 [WARN]: User not logged in
(VSCode) 2025-11-17 13:04:17.099 [WARN]: User not logged in
(VSCode) 2025-11-17 13:04:19.218 [WARN]: User not logged in
(VSCode) 2025-11-17 13:04:19.441 [WARN]: User not logged in
(VSCode) 2025-11-17 13:04:19.760 [WARN]: User not logged in
(VSCode) 2025-11-17 13:04:20.014 [WARN]: User not logged in
(VSCode) 2025-11-17 13:04:20.426 [WARN]: User not logged in
(VSCode) 2025-11-17 13:04:20.621 [WARN]: User not logged in
(VSCode) 2025-11-17 13:04:21.733 [WARN]: User not logged in
(VSCode) 2025-11-17 13:04:22.340 [WARN]: User not logged in
(VSCode) 2025-11-17 13:04:22.515 [WARN]: User not logged in
(VSCode) 2025-11-17 13:04:22.701 [WARN]: User not logged in
(VSCode) 2025-11-17 13:04:22.819 [WARN]: User not logged in
(VSCode) 2025-11-17 13:04:23.816 [WARN]: User not logged in
(VSCode) 2025-11-17 13:04:24.529 [WARN]: User not logged in
(VSCode) 2025-11-17 13:04:24.707 [WARN]: User not logged in
(VSCode) 2025-11-17 13:04:25.287 [WARN]: User not logged in
(VSCode) 2025-11-17 13:04:25.498 [WARN]: User not logged in
(VSCode) 2025-11-17 13:04:25.828 [WARN]: User not logged in
(VSCode) 2025-11-17 13:04:26.746 [WARN]: User not logged in
(VSCode) 2025-11-17 13:23:48.770 [INFO]: Disposing language server process
(VSCode) 2025-11-17 13:23:48.770 [INFO]: Deleting manager directory: /tmp/2ac4260b-1822-4ae3-8c06-ac26aabe503a/codeium/manager
(VSCode) 2025-11-17 13:23:48.770 [INFO]: Successfully disposed language server
W1117 13:23:48.770379 15520 main.go:142] [Language Server Manager] Got signal terminated, shutting down
I1117 13:23:48.839441 15536 server.go:1422] Exit requested on language server process 15536
I1117 13:23:48.839494 15536 server.go:1395] Language server shutting down
(VSCode) 2025-11-17 13:23:48.850 [INFO]: Language server exited with code 0
(VSCode) 2025-11-17 13:23:48.980 [ERROR]: connect ECONNREFUSED 127.0.0.1:44237
(VSCode) 2025-11-17 13:23:48.989 [ERROR]: [unavailable] connect ECONNREFUSED 127.0.0.1:45117
(VSCode) 2025-11-17 13:23:48.995 [ERROR]: connect ECONNREFUSED 127.0.0.1:44237
(VSCode) 2025-11-17 13:23:49.490 [ERROR]: [unavailable] connect ECONNREFUSED 127.0.0.1:45117
(VSCode) 2025-11-17 13:23:49.849 [ERROR]: connect ECONNREFUSED 127.0.0.1:44237
(VSCode) 2025-11-17 13:23:49.850 [ERROR]: connect ECONNREFUSED 127.0.0.1:44237
(VSCode) 2025-11-17 13:23:49.989 [ERROR]: [unavailable] connect ECONNREFUSED 127.0.0.1:45117
(VSCode) 2025-11-17 13:23:50.492 [ERROR]: [unavailable] connect ECONNREFUSED 127.0.0.1:45117
