2025-11-12 09:56:16.427 [info] Extension host with pid 11230 started
2025-11-12 09:56:16.427 [info] Skipping acquiring lock for /home/peaches/.config/Code/User/workspaceStorage/6d8783d92d5fd6fc96e4927592ac18bb.
2025-11-12 09:56:16.475 [info] ExtensionService#_doActivateExtension vscode.github-authentication, startup: false, activationEvent: 'onAuthenticationRequest:github'
2025-11-12 09:56:16.493 [info] ExtensionService#_doActivateExtension vscode.emmet, startup: false, activationEvent: 'onLanguage'
2025-11-12 09:56:16.548 [info] ExtensionService#_doActivateExtension vscode.git-base, startup: true, activationEvent: '*', root cause: vscode.git
2025-11-12 09:56:16.584 [info] ExtensionService#_doActivateExtension vscode.git, startup: true, activationEvent: '*'
2025-11-12 09:56:16.614 [info] ExtensionService#_doActivateExtension vscode.github, startup: true, activationEvent: '*'
2025-11-12 09:56:16.693 [info] Eager extensions activated
2025-11-12 09:56:16.702 [info] ExtensionService#_doActivateExtension vscode.debug-auto-launch, startup: false, activationEvent: 'onStartupFinished'
2025-11-12 09:56:16.704 [info] ExtensionService#_doActivateExtension vscode.merge-conflict, startup: false, activationEvent: 'onStartupFinished'
2025-11-12 09:56:16.714 [info] ExtensionService#_doActivateExtension esbenp.prettier-vscode, startup: false, activationEvent: 'onStartupFinished'
2025-11-12 09:56:16.801 [info] ExtensionService#_doActivateExtension vscode.microsoft-authentication, startup: false, activationEvent: 'onAuthenticationRequest:microsoft'
2025-11-12 09:56:21.384 [info] ExtensionService#_doActivateExtension vscode.configuration-editing, startup: false, activationEvent: 'onLanguage:jsonc'
2025-11-12 09:56:21.388 [info] ExtensionService#_doActivateExtension vscode.json-language-features, startup: false, activationEvent: 'onLanguage:jsonc'
2025-11-12 09:56:21.420 [info] ExtensionService#_doActivateExtension vscode.typescript-language-features, startup: false, activationEvent: 'onLanguage:jsonc'
2025-11-12 09:56:42.631 [info] Extension host terminating: renderer closed the MessagePort
2025-11-12 09:56:42.643 [info] Extension host with pid 11230 exiting with code 0
2025-11-12 09:56:43.249 [info] Extension host with pid 17297 started
2025-11-12 09:56:43.249 [info] Skipping acquiring lock for /home/peaches/.config/Code/User/workspaceStorage/449aeecebd5c47ea2e93d70a2aa7a0ed.
2025-11-12 09:56:43.270 [info] ExtensionService#_doActivateExtension vscode.github-authentication, startup: false, activationEvent: 'onAuthenticationRequest:github'
2025-11-12 09:56:43.286 [info] ExtensionService#_doActivateExtension vscode.emmet, startup: false, activationEvent: 'onLanguage'
2025-11-12 09:56:43.333 [info] ExtensionService#_doActivateExtension vscode.git-base, startup: true, activationEvent: '*', root cause: vscode.git
2025-11-12 09:56:43.346 [info] ExtensionService#_doActivateExtension vscode.git, startup: true, activationEvent: '*'
2025-11-12 09:56:43.376 [info] ExtensionService#_doActivateExtension vscode.github, startup: true, activationEvent: '*'
2025-11-12 09:56:43.452 [info] Eager extensions activated
2025-11-12 09:56:43.455 [info] ExtensionService#_doActivateExtension vscode.microsoft-authentication, startup: false, activationEvent: 'onAuthenticationRequest:microsoft'
2025-11-12 09:56:43.482 [info] ExtensionService#_doActivateExtension vscode.debug-auto-launch, startup: false, activationEvent: 'onStartupFinished'
2025-11-12 09:56:43.483 [info] ExtensionService#_doActivateExtension vscode.merge-conflict, startup: false, activationEvent: 'onStartupFinished'
2025-11-12 09:56:43.494 [info] ExtensionService#_doActivateExtension esbenp.prettier-vscode, startup: false, activationEvent: 'onStartupFinished'
2025-11-12 09:56:46.836 [info] ExtensionService#_doActivateExtension vscode.css-language-features, startup: false, activationEvent: 'onLanguage:css'
2025-11-12 09:56:52.843 [info] ExtensionService#_doActivateExtension vscode.configuration-editing, startup: false, activationEvent: 'onLanguage:jsonc'
2025-11-12 09:56:52.847 [info] ExtensionService#_doActivateExtension vscode.json-language-features, startup: false, activationEvent: 'onLanguage:jsonc'
2025-11-12 09:56:52.876 [info] ExtensionService#_doActivateExtension vscode.typescript-language-features, startup: false, activationEvent: 'onLanguage:jsonc'
2025-11-12 09:57:54.350 [error] Error: spawn git ENOENT
	at ChildProcess.<anonymous> (/opt/visual-studio-code/resources/app/extensions/git/dist/main.js:2:27868)
	at Object.onceWrapper (node:events:634:26)
	at ChildProcess.emit (node:events:519:28)
	at ChildProcess._handle.onexit (node:internal/child_process:291:12)
	at onErrorNT (node:internal/child_process:483:16)
	at process.processTicksAndRejections (node:internal/process/task_queues:90:21)
2025-11-12 09:58:37.734 [info] Extension host terminating: renderer closed the MessagePort
2025-11-12 09:58:37.750 [info] Extension host with pid 17297 exiting with code 0
