2025-11-16 17:24:48.585 [info] Getting Manifest... ms-python.debugpy
2025-11-16 17:24:48.586 [info] Getting Manifest... ms-python.python
2025-11-16 17:24:48.586 [info] Getting Manifest... ms-python.vscode-python-envs
2025-11-16 17:24:48.877 [info] Installing extension: ms-python.python {"productVersion":{"version":"1.105.1","date":"2025-10-14T22:33:36.618Z"},"pinned":false,"operation":3,"isApplicationScoped":false,"profileLocation":{"$mid":1,"external":"vscode-userdata:/home/peaches/.vscode/extensions/extensions.json","path":"/home/peaches/.vscode/extensions/extensions.json","scheme":"vscode-userdata"}}
2025-11-16 17:24:48.877 [info] Installing extension: ms-python.debugpy {"productVersion":{"version":"1.105.1","date":"2025-10-14T22:33:36.618Z"},"pinned":false,"operation":3,"isApplicationScoped":false,"profileLocation":{"$mid":1,"external":"vscode-userdata:/home/peaches/.vscode/extensions/extensions.json","path":"/home/peaches/.vscode/extensions/extensions.json","scheme":"vscode-userdata"}}
2025-11-16 17:24:48.907 [info] Installing extension: ms-python.vscode-python-envs {"productVersion":{"version":"1.105.1","date":"2025-10-14T22:33:36.618Z"},"pinned":false,"operation":3,"isApplicationScoped":false,"profileLocation":{"$mid":1,"external":"vscode-userdata:/home/peaches/.vscode/extensions/extensions.json","path":"/home/peaches/.vscode/extensions/extensions.json","scheme":"vscode-userdata"}}
2025-11-16 17:24:49.145 [info] Getting Manifest... ms-python.python
2025-11-16 17:24:53.281 [info] Extension signature verification result for ms-python.vscode-python-envs: Success. Internal Code: 0. Executed: true. Duration: 385ms.
2025-11-16 17:24:53.364 [info] Extracted extension to file:///home/peaches/.vscode/extensions/ms-python.vscode-python-envs-1.12.0-linux-x64: ms-python.vscode-python-envs
2025-11-16 17:24:53.367 [info] Renamed to /home/peaches/.vscode/extensions/ms-python.vscode-python-envs-1.12.0-linux-x64
2025-11-16 17:24:53.375 [info] Marked extension as removed ms-python.vscode-python-envs-1.10.0-linux-x64
2025-11-16 17:24:53.379 [info] Extension installed successfully: ms-python.vscode-python-envs vscode-userdata:/home/peaches/.vscode/extensions/extensions.json
2025-11-16 17:24:55.177 [info] Extension signature verification result for ms-python.debugpy: Success. Internal Code: 0. Executed: true. Duration: 378ms.
2025-11-16 17:24:55.379 [info] Extracted extension to file:///home/peaches/.vscode/extensions/ms-python.debugpy-2025.16.0-linux-x64: ms-python.debugpy
2025-11-16 17:24:55.397 [info] Renamed to /home/peaches/.vscode/extensions/ms-python.debugpy-2025.16.0-linux-x64
2025-11-16 17:24:55.409 [info] Marked extension as removed ms-python.debugpy-2025.14.1-linux-x64
2025-11-16 17:24:55.410 [info] Extension installed successfully: ms-python.debugpy vscode-userdata:/home/peaches/.vscode/extensions/extensions.json
2025-11-16 17:24:56.092 [info] Extension signature verification result for ms-python.python: Success. Internal Code: 0. Executed: true. Duration: 387ms.
2025-11-16 17:24:56.690 [info] Extracted extension to file:///home/peaches/.vscode/extensions/ms-python.python-2025.18.0-linux-x64: ms-python.python
2025-11-16 17:24:56.735 [info] Renamed to /home/peaches/.vscode/extensions/ms-python.python-2025.18.0-linux-x64
2025-11-16 17:24:56.744 [info] Marked extension as removed ms-python.python-2025.16.0-linux-x64
2025-11-16 17:24:56.748 [info] Extension installed successfully: ms-python.python vscode-userdata:/home/peaches/.vscode/extensions/extensions.json
2025-11-16 17:34:53.697 [info] Getting Manifest... ms-toolsai.datawrangler
2025-11-16 17:34:53.904 [info] Installing extension: ms-toolsai.datawrangler {"isMachineScoped":false,"installPreReleaseVersion":false,"pinned":false,"profileLocation":{"$mid":1,"external":"vscode-userdata:/home/peaches/.vscode/extensions/extensions.json","path":"/home/peaches/.vscode/extensions/extensions.json","scheme":"vscode-userdata"},"isApplicationScoped":false,"productVersion":{"version":"1.105.1","date":"2025-10-14T22:33:36.618Z"}}
2025-11-16 17:34:58.441 [info] Extension signature verification result for ms-toolsai.datawrangler: Success. Internal Code: 0. Executed: true. Duration: 403ms.
2025-11-16 17:34:58.682 [info] Extracted extension to file:///home/peaches/.vscode/extensions/ms-toolsai.datawrangler-1.22.0: ms-toolsai.datawrangler
2025-11-16 17:34:58.690 [info] Renamed to /home/peaches/.vscode/extensions/ms-toolsai.datawrangler-1.22.0
2025-11-16 17:34:58.703 [info] Extension installed successfully: ms-toolsai.datawrangler vscode-userdata:/home/peaches/.vscode/extensions/extensions.json
2025-11-16 17:35:05.803 [info] Getting Manifest... ritwickdey.liveserver
2025-11-16 17:35:06.025 [info] Installing extension: ritwickdey.liveserver {"isMachineScoped":false,"installPreReleaseVersion":false,"pinned":false,"profileLocation":{"$mid":1,"external":"vscode-userdata:/home/peaches/.vscode/extensions/extensions.json","path":"/home/peaches/.vscode/extensions/extensions.json","scheme":"vscode-userdata"},"isApplicationScoped":false,"productVersion":{"version":"1.105.1","date":"2025-10-14T22:33:36.618Z"}}
2025-11-16 17:35:07.661 [info] Extension signature verification result for ritwickdey.liveserver: Success. Internal Code: 0. Executed: true. Duration: 401ms.
2025-11-16 17:35:08.688 [info] Extracted extension to file:///home/peaches/.vscode/extensions/ritwickdey.liveserver-5.7.9: ritwickdey.liveserver
2025-11-16 17:35:08.779 [info] Renamed to /home/peaches/.vscode/extensions/ritwickdey.liveserver-5.7.9
2025-11-16 17:35:08.790 [info] Extension installed successfully: ritwickdey.liveserver vscode-userdata:/home/peaches/.vscode/extensions/extensions.json
2025-11-16 17:43:11.377 [info] Uninstalling extension from the profile: ms-toolsai.datawrangler@1.22.0 vscode-userdata:/home/peaches/.vscode/extensions/extensions.json
2025-11-16 17:43:11.392 [info] Marked extension as removed ms-toolsai.datawrangler-1.22.0
2025-11-16 17:43:11.888 [info] Successfully uninstalled extension from the profile ms-toolsai.datawrangler@1.22.0 vscode-userdata:/home/peaches/.vscode/extensions/extensions.json
2025-11-16 17:43:13.588 [info] Uninstalling extension from the profile: ms-toolsai.jupyter@2025.9.1 vscode-userdata:/home/peaches/.vscode/extensions/extensions.json
2025-11-16 17:43:13.588 [info] Uninstalling extension from the profile: ms-toolsai.jupyter-keymap@1.1.2 vscode-userdata:/home/peaches/.vscode/extensions/extensions.json
2025-11-16 17:43:13.588 [info] Uninstalling extension from the profile: ms-toolsai.jupyter-renderers@1.3.0 vscode-userdata:/home/peaches/.vscode/extensions/extensions.json
2025-11-16 17:43:13.588 [info] Uninstalling extension from the profile: ms-toolsai.vscode-jupyter-cell-tags@0.1.9 vscode-userdata:/home/peaches/.vscode/extensions/extensions.json
2025-11-16 17:43:13.588 [info] Uninstalling extension from the profile: ms-toolsai.vscode-jupyter-slideshow@0.1.6 vscode-userdata:/home/peaches/.vscode/extensions/extensions.json
2025-11-16 17:43:13.596 [info] Extensions is already requested to uninstall ms-toolsai.jupyter-keymap
2025-11-16 17:43:13.596 [info] Extensions is already requested to uninstall ms-toolsai.jupyter-renderers
2025-11-16 17:43:13.596 [info] Extensions is already requested to uninstall ms-toolsai.vscode-jupyter-cell-tags
2025-11-16 17:43:13.596 [info] Extensions is already requested to uninstall ms-toolsai.vscode-jupyter-slideshow
2025-11-16 17:43:13.619 [info] Marked extension as removed ms-toolsai.jupyter-2025.9.1-linux-x64
2025-11-16 17:43:13.620 [info] Marked extension as removed ms-toolsai.jupyter-keymap-1.1.2
2025-11-16 17:43:13.623 [info] Marked extension as removed ms-toolsai.jupyter-renderers-1.3.0
2025-11-16 17:43:13.625 [info] Marked extension as removed ms-toolsai.vscode-jupyter-cell-tags-0.1.9
2025-11-16 17:43:13.628 [info] Marked extension as removed ms-toolsai.vscode-jupyter-slideshow-0.1.6
2025-11-16 17:43:14.030 [info] Successfully uninstalled extension from the profile ms-toolsai.jupyter@2025.9.1 vscode-userdata:/home/peaches/.vscode/extensions/extensions.json
2025-11-16 17:43:14.030 [info] Successfully uninstalled extension from the profile ms-toolsai.jupyter-keymap@1.1.2 vscode-userdata:/home/peaches/.vscode/extensions/extensions.json
2025-11-16 17:43:14.030 [info] Successfully uninstalled extension from the profile ms-toolsai.jupyter-renderers@1.3.0 vscode-userdata:/home/peaches/.vscode/extensions/extensions.json
2025-11-16 17:43:14.031 [info] Successfully uninstalled extension from the profile ms-toolsai.vscode-jupyter-cell-tags@0.1.9 vscode-userdata:/home/peaches/.vscode/extensions/extensions.json
2025-11-16 17:43:14.031 [info] Successfully uninstalled extension from the profile ms-toolsai.vscode-jupyter-slideshow@0.1.6 vscode-userdata:/home/peaches/.vscode/extensions/extensions.json
2025-11-16 17:43:17.854 [info] Uninstalling extension from the profile: ritwickdey.liveserver@5.7.9 vscode-userdata:/home/peaches/.vscode/extensions/extensions.json
2025-11-16 17:43:17.871 [info] Marked extension as removed ritwickdey.liveserver-5.7.9
2025-11-16 17:43:18.158 [info] Successfully uninstalled extension from the profile ritwickdey.liveserver@5.7.9 vscode-userdata:/home/peaches/.vscode/extensions/extensions.json
2025-11-16 17:43:19.624 [info] Uninstalling extension from the profile: esbenp.prettier-vscode@11.0.0 vscode-userdata:/home/peaches/.vscode/extensions/extensions.json
2025-11-16 17:43:19.644 [info] Marked extension as removed esbenp.prettier-vscode-11.0.0
2025-11-16 17:43:19.939 [info] Successfully uninstalled extension from the profile esbenp.prettier-vscode@11.0.0 vscode-userdata:/home/peaches/.vscode/extensions/extensions.json
2025-11-16 17:43:21.352 [info] Uninstalling extension from the profile: ms-python.vscode-pylance@2025.9.1 vscode-userdata:/home/peaches/.vscode/extensions/extensions.json
2025-11-16 17:43:21.365 [info] Marked extension as removed ms-python.vscode-pylance-2025.9.1
2025-11-16 17:43:21.652 [info] Successfully uninstalled extension from the profile ms-python.vscode-pylance@2025.9.1 vscode-userdata:/home/peaches/.vscode/extensions/extensions.json
2025-11-16 17:43:23.145 [info] Uninstalling extension from the profile: ms-python.python@2025.18.0 vscode-userdata:/home/peaches/.vscode/extensions/extensions.json
2025-11-16 17:43:23.145 [info] Uninstalling extension from the profile: ms-python.debugpy@2025.16.0 vscode-userdata:/home/peaches/.vscode/extensions/extensions.json
2025-11-16 17:43:23.145 [info] Uninstalling extension from the profile: ms-python.vscode-python-envs@1.12.0 vscode-userdata:/home/peaches/.vscode/extensions/extensions.json
2025-11-16 17:43:23.150 [info] Extensions is already requested to uninstall ms-python.debugpy
2025-11-16 17:43:23.150 [info] Extensions is already requested to uninstall ms-python.vscode-python-envs
2025-11-16 17:43:23.167 [info] Marked extension as removed ms-python.python-2025.18.0-linux-x64
2025-11-16 17:43:23.169 [info] Marked extension as removed ms-python.debugpy-2025.16.0-linux-x64
2025-11-16 17:43:23.171 [info] Marked extension as removed ms-python.vscode-python-envs-1.12.0-linux-x64
2025-11-16 17:43:23.568 [info] Successfully uninstalled extension from the profile ms-python.python@2025.18.0 vscode-userdata:/home/peaches/.vscode/extensions/extensions.json
2025-11-16 17:43:23.568 [info] Successfully uninstalled extension from the profile ms-python.debugpy@2025.16.0 vscode-userdata:/home/peaches/.vscode/extensions/extensions.json
2025-11-16 17:43:23.568 [info] Successfully uninstalled extension from the profile ms-python.vscode-python-envs@1.12.0 vscode-userdata:/home/peaches/.vscode/extensions/extensions.json
