2025-11-11 19:42:37.868 [info] Reading sessions from keychain...
2025-11-11 19:42:37.868 [info] Getting sessions for all scopes...
2025-11-11 19:42:37.873 [info] Got 0 sessions for ...
2025-11-11 19:42:37.873 [info] Getting sessions for all scopes...
2025-11-11 19:42:37.873 [info] Got 0 sessions for ...
2025-11-11 19:42:37.873 [info] Getting sessions for all scopes...
2025-11-11 19:42:37.873 [info] Got 0 sessions for ...
2025-11-11 19:42:37.873 [info] Getting sessions for all scopes...
2025-11-11 19:42:37.873 [info] Got 0 sessions for ...
2025-11-11 19:42:37.873 [info] Getting sessions for all scopes...
2025-11-11 19:42:37.873 [info] Got 0 sessions for ...
2025-11-11 19:42:37.873 [info] Getting sessions for all scopes...
2025-11-11 19:42:37.873 [info] Got 0 sessions for ...
2025-11-11 19:42:37.873 [info] Getting sessions for all scopes...
2025-11-11 19:42:37.873 [info] Got 0 sessions for ...
2025-11-11 19:42:37.894 [info] Getting sessions for all scopes...
2025-11-11 19:42:37.894 [info] Got 0 sessions for ...
2025-11-11 19:42:37.896 [info] Getting sessions for all scopes...
2025-11-11 19:42:37.896 [info] Got 0 sessions for ...
2025-11-11 19:42:37.896 [info] Getting sessions for all scopes...
2025-11-11 19:42:37.896 [info] Got 0 sessions for ...
2025-11-11 19:42:37.896 [info] Getting sessions for all scopes...
2025-11-11 19:42:37.896 [info] Got 0 sessions for ...
2025-11-11 19:42:37.896 [info] Getting sessions for all scopes...
2025-11-11 19:42:37.896 [info] Got 0 sessions for ...
2025-11-11 19:42:37.897 [info] Getting sessions for all scopes...
2025-11-11 19:42:37.897 [info] Got 0 sessions for ...
2025-11-11 19:42:37.991 [info] Getting sessions for all scopes...
2025-11-11 19:42:37.991 [info] Got 0 sessions for ...
2025-11-11 19:42:38.098 [info] Getting sessions for all scopes...
2025-11-11 19:42:38.098 [info] Got 0 sessions for ...
2025-11-11 19:42:40.064 [info] Getting sessions for all scopes...
2025-11-11 19:42:40.064 [info] Got 0 sessions for ...
2025-11-11 19:42:40.064 [info] Getting sessions for all scopes...
2025-11-11 19:42:40.064 [info] Got 0 sessions for ...
2025-11-11 19:42:40.064 [info] Getting sessions for all scopes...
2025-11-11 19:42:40.064 [info] Got 0 sessions for ...
2025-11-11 19:42:45.639 [info] Getting sessions for user:email...
2025-11-11 19:42:45.639 [info] Got 0 sessions for user:email...
2025-11-11 19:42:45.690 [info] Getting sessions for all scopes...
2025-11-11 19:42:45.690 [info] Got 0 sessions for ...
2025-11-11 20:52:25.199 [info] Reading sessions from keychain...
2025-11-11 20:52:25.199 [info] Getting sessions for all scopes...
2025-11-11 20:52:25.199 [info] Got 0 sessions for ...
2025-11-11 20:52:25.199 [info] Getting sessions for all scopes...
2025-11-11 20:52:25.199 [info] Got 0 sessions for ...
2025-11-11 20:52:25.199 [info] Getting sessions for all scopes...
2025-11-11 20:52:25.199 [info] Got 0 sessions for ...
2025-11-11 20:52:25.199 [info] Getting sessions for all scopes...
2025-11-11 20:52:25.199 [info] Got 0 sessions for ...
2025-11-11 20:52:25.199 [info] Getting sessions for all scopes...
2025-11-11 20:52:25.199 [info] Got 0 sessions for ...
2025-11-11 20:52:25.199 [info] Getting sessions for all scopes...
2025-11-11 20:52:25.199 [info] Got 0 sessions for ...
2025-11-11 20:52:25.200 [info] Getting sessions for all scopes...
2025-11-11 20:52:25.200 [info] Got 0 sessions for ...
2025-11-11 20:52:25.200 [info] Getting sessions for all scopes...
2025-11-11 20:52:25.200 [info] Got 0 sessions for ...
2025-11-11 20:52:25.200 [info] Getting sessions for all scopes...
2025-11-11 20:52:25.200 [info] Got 0 sessions for ...
2025-11-11 20:52:25.214 [info] Getting sessions for all scopes...
2025-11-11 20:52:25.214 [info] Got 0 sessions for ...
2025-11-11 20:52:25.215 [info] Getting sessions for all scopes...
2025-11-11 20:52:25.215 [info] Got 0 sessions for ...
2025-11-11 20:52:25.215 [info] Getting sessions for all scopes...
2025-11-11 20:52:25.215 [info] Got 0 sessions for ...
2025-11-11 20:52:25.215 [info] Getting sessions for all scopes...
2025-11-11 20:52:25.215 [info] Got 0 sessions for ...
2025-11-11 20:52:25.215 [info] Getting sessions for all scopes...
2025-11-11 20:52:25.215 [info] Got 0 sessions for ...
2025-11-11 20:52:25.215 [info] Getting sessions for all scopes...
2025-11-11 20:52:25.215 [info] Got 0 sessions for ...
2025-11-11 20:52:25.344 [info] Getting sessions for all scopes...
2025-11-11 20:52:25.344 [info] Got 0 sessions for ...
2025-11-11 20:52:27.340 [info] Getting sessions for all scopes...
2025-11-11 20:52:27.340 [info] Got 0 sessions for ...
2025-11-11 20:52:27.341 [info] Getting sessions for all scopes...
2025-11-11 20:52:27.341 [info] Got 0 sessions for ...
2025-11-11 20:52:27.343 [info] Getting sessions for all scopes...
2025-11-11 20:52:27.343 [info] Got 0 sessions for ...
