2025-11-16 17:44:52.572 [info] Starting Python Locator /home/peaches/.vscode/extensions/ms-python.python-2025.18.0-linux-x64/python-env-tools/bin/pet server
2025-11-16 17:44:52.599 [info] Discovered env: /home/peaches/.venvs/ml/bin/python
2025-11-16 17:44:52.600 [info] Discovered env: /home/peaches/basic-movie-recommendation/.venv/bin/python
2025-11-16 17:44:52.602 [info] Discovered env: /bin/python
2025-11-16 17:44:52.606 [info] Discovered env: /usr/bin/python
2025-11-16 17:44:52.607 [info] Env ("/usr/sbin/python") in Path resolved as ResolvedPythonEnv { executable: "/usr/sbin/python", prefix: "/usr", version: "3.13.7.final.0", is64_bit: true, symlinks: Some(["/usr/sbin/python"]) } and reported as Some(GlobalPaths)
2025-11-16 17:44:52.607 [info] Discovered env: /usr/sbin/python
2025-11-16 17:44:52.662 [info] Discovered manager: (Conda) /opt/anaconda/bin/conda
2025-11-16 17:44:52.668 [info] Discovered env: /opt/anaconda/bin/python
2025-11-16 17:44:52.669 [info] Discovered manager: (Conda) /home/peaches/anaconda3/bin/conda
2025-11-16 17:44:52.670 [info] Discovered env: /home/peaches/anaconda3/bin/python
2025-11-16 17:44:52.670 [info] Env ("/sbin/python") in Path resolved as ResolvedPythonEnv { executable: "/sbin/python", prefix: "/usr", version: "3.13.7.final.0", is64_bit: true, symlinks: Some(["/sbin/python"]) } and reported as Some(GlobalPaths)
2025-11-16 17:44:52.670 [info] Discovered env: /sbin/python
2025-11-16 17:44:52.671 [info] Resolved Python Environment /home/peaches/basic-movie-recommendation/.venv/bin/python
2025-11-16 17:44:52.695 [info] Env ("/usr/sbin/python3") in Path resolved as ResolvedPythonEnv { executable: "/usr/sbin/python3", prefix: "/usr", version: "3.13.7.final.0", is64_bit: true, symlinks: Some(["/usr/sbin/python3"]) } and reported as Some(GlobalPaths)
2025-11-16 17:44:52.695 [info] Env ("/home/peaches/.local/bin/python3.13") in Path resolved as ResolvedPythonEnv { executable: "/home/peaches/.local/bin/python3.13", prefix: "/home/peaches/.local/share/uv/python/cpython-3.13.5-linux-x86_64-gnu", version: "3.13.5.final.0", is64_bit: true, symlinks: Some(["/home/peaches/.local/bin/python3.13"]) } and reported as Some(GlobalPaths)
2025-11-16 17:44:52.695 [info] Discovered env: /usr/sbin/python3
2025-11-16 17:44:52.696 [info] Env ("/home/peaches/.local/bin/python3.13") in Path resolved as ResolvedPythonEnv { executable: "/home/peaches/.local/bin/python3.13", prefix: "/home/peaches/.local/share/uv/python/cpython-3.13.5-linux-x86_64-gnu", version: "3.13.5.final.0", is64_bit: true, symlinks: Some(["/home/peaches/.local/bin/python3.13"]) } and reported as Some(GlobalPaths)
2025-11-16 17:44:52.696 [info] Discovered env: /home/peaches/.local/bin/python3.13
2025-11-16 17:44:52.696 [info] Env ("/sbin/python3") in Path resolved as ResolvedPythonEnv { executable: "/sbin/python3", prefix: "/usr", version: "3.13.7.final.0", is64_bit: true, symlinks: Some(["/sbin/python3"]) } and reported as Some(GlobalPaths)
2025-11-16 17:44:52.696 [info] Discovered env: /sbin/python3
2025-11-16 17:44:52.697 [info] Env ("/usr/sbin/python3.13") in Path resolved as ResolvedPythonEnv { executable: "/usr/sbin/python3.13", prefix: "/usr", version: "3.13.7.final.0", is64_bit: true, symlinks: Some(["/usr/sbin/python3.13"]) } and reported as Some(GlobalPaths)
2025-11-16 17:44:52.697 [info] Discovered env: /usr/sbin/python3.13
2025-11-16 17:44:52.697 [info] Env ("/sbin/python3.13") in Path resolved as ResolvedPythonEnv { executable: "/sbin/python3.13", prefix: "/usr", version: "3.13.7.final.0", is64_bit: true, symlinks: Some(["/sbin/python3.13"]) } and reported as Some(GlobalPaths)
2025-11-16 17:44:52.697 [info] Discovered env: /sbin/python3.13
2025-11-16 17:44:52.698 [info] Locator Conda took 80.17451ms
2025-11-16 17:44:52.698 [info] Locator Homebrew took 157.601µs
2025-11-16 17:44:52.698 [info] Locator LinuxGlobal took 75.153557ms
2025-11-16 17:44:52.698 [info] Locator PipEnv took 83.931µs
2025-11-16 17:44:52.698 [info] Locator Pixi took 11.161µs
2025-11-16 17:44:52.698 [info] Locator Poetry took 1.453447ms
2025-11-16 17:44:52.698 [info] Locator PyEnv took 150.308µs
2025-11-16 17:44:52.698 [info] Locator Venv took 82.508µs
2025-11-16 17:44:52.698 [info] Locator VirtualEnv took 182.639µs
2025-11-16 17:44:52.698 [info] Locator VirtualEnvWrapper took 134.698µs
2025-11-16 17:44:52.698 [info] Locator GlobalVirtualEnvs took 33.211577ms
2025-11-16 17:44:52.698 [info] Locator Locators took 80.376907ms
2025-11-16 17:44:52.698 [info] Locator Path took 144.889472ms
2025-11-16 17:44:52.698 [info] Locator Workspaces took 31.580341ms
2025-11-16 17:44:52.699 [info] Refresh completed in 145ms
2025-11-16 17:47:44.856 [info] Resolved Python Environment /home/peaches/basic-movie-recommendation/.venv/bin/python
2025-11-16 17:48:09.177 [info] Resolved Python Environment /opt/anaconda/bin/python
