2025-11-17 12:40:48.926 [info] Name: Ruff
2025-11-17 12:40:48.926 [info] Module: ruff
2025-11-17 12:40:48.926 [info] Python extension loading
2025-11-17 12:40:48.926 [info] Waiting for interpreter from python extension.
2025-11-17 12:40:48.988 [info] Python extension loaded
2025-11-17 12:40:48.994 [info] Using interpreter: /bin/python
2025-11-17 12:40:49.023 [info] Workspace settings for /home/peaches/mllearn/movie-recc: {
    "nativeServer": "auto",
    "cwd": "/home/peaches/mllearn/movie-recc",
    "workspace": "file:///home/peaches/mllearn/movie-recc",
    "path": [],
    "ignoreStandardLibrary": true,
    "interpreter": [
        "/bin/python"
    ],
    "configuration": null,
    "importStrategy": "fromEnvironment",
    "codeAction": {
        "fixViolation": {
            "enable": true
        },
        "disableRuleComment": {
            "enable": true
        }
    },
    "lint": {
        "enable": true,
        "run": "onType",
        "args": [],
        "preview": null,
        "select": null,
        "extendSelect": null,
        "ignore": null
    },
    "format": {
        "args": [],
        "preview": null,
        "backend": "internal"
    },
    "enable": true,
    "organizeImports": true,
    "fixAll": true,
    "showNotifications": "off",
    "exclude": null,
    "lineLength": null,
    "configurationPreference": "editorFirst",
    "showSyntaxErrors": true,
    "logLevel": null,
    "logFile": null
}
2025-11-17 12:40:49.029 [info] Global settings: {
    "nativeServer": "auto",
    "cwd": "/home/peaches",
    "workspace": "/home/peaches",
    "path": [],
    "ignoreStandardLibrary": true,
    "interpreter": [],
    "configuration": null,
    "importStrategy": "fromEnvironment",
    "codeAction": {
        "fixViolation": {
            "enable": true
        },
        "disableRuleComment": {
            "enable": true
        }
    },
    "lint": {
        "enable": true,
        "run": "onType",
        "args": []
    },
    "format": {
        "args": [],
        "backend": "internal"
    },
    "enable": true,
    "organizeImports": true,
    "fixAll": true,
    "showNotifications": "off",
    "configurationPreference": "editorFirst",
    "showSyntaxErrors": true
}
2025-11-17 12:40:49.064 [info] Falling back to bundled executable: /home/peaches/.vscode/extensions/charliermarsh.ruff-2025.28.0-linux-x64/bundled/libs/bin/ruff
2025-11-17 12:40:49.088 [info] Resolved 'ruff.nativeServer: auto' to use the native server
2025-11-17 12:40:49.092 [info] Found Ruff 0.14.0 at /home/peaches/.vscode/extensions/charliermarsh.ruff-2025.28.0-linux-x64/bundled/libs/bin/ruff
2025-11-17 12:40:49.092 [info] Server run command: /home/peaches/.vscode/extensions/charliermarsh.ruff-2025.28.0-linux-x64/bundled/libs/bin/ruff server
2025-11-17 12:40:49.093 [info] Server: Start requested.
