2025-11-11 21:26:43.066 [info] [main] Log level: Info
2025-11-11 21:26:43.066 [info] [main] Validating found git in: "git"
2025-11-11 21:26:43.066 [info] [main] Using git "2.51.2" from "git"
2025-11-11 21:26:43.066 [info] [Model][doInitialScan] Initial repository scan started
2025-11-11 21:26:43.066 [info] > git rev-parse --show-toplevel [6ms]
2025-11-11 21:26:43.066 [info] fatal: not a git repository (or any of the parent directories): .git
2025-11-11 21:26:43.066 [info] > git rev-parse --show-toplevel [1ms]
2025-11-11 21:26:43.066 [info] fatal: not a git repository (or any of the parent directories): .git
2025-11-11 21:26:43.066 [info] > git rev-parse --show-toplevel [1ms]
2025-11-11 21:26:43.066 [info] fatal: not a git repository (or any of the parent directories): .git
2025-11-11 21:26:43.066 [info] [Model][doInitialScan] Initial repository scan completed - repositories (0), closed repositories (0), parent repositories (0), unsafe repositories (0)
2025-11-11 21:26:43.112 [info] > git rev-parse --show-toplevel [0ms]
2025-11-11 21:26:43.112 [info] fatal: not a git repository (or any of the parent directories): .git
2025-11-11 21:26:43.144 [info] > git rev-parse --show-toplevel [1ms]
2025-11-11 21:26:43.145 [info] fatal: not a git repository (or any of the parent directories): .git
2025-11-11 21:26:45.029 [info] > git rev-parse --show-toplevel [1ms]
2025-11-11 21:26:45.029 [info] fatal: not a git repository (or any of the parent directories): .git
2025-11-11 21:26:45.352 [info] > git rev-parse --show-toplevel [1ms]
2025-11-11 21:26:45.352 [info] fatal: not a git repository (or any of the parent directories): .git
2025-11-11 21:26:54.027 [info] > git rev-parse --show-toplevel [0ms]
2025-11-11 21:26:54.027 [info] fatal: not a git repository (or any of the parent directories): .git
2025-11-11 21:26:55.983 [info] > git rev-parse --show-toplevel [0ms]
2025-11-11 21:26:55.983 [info] fatal: not a git repository (or any of the parent directories): .git
