2025-11-12 09:46:57.096 [info] Getting Manifest... ms-python.python
2025-11-12 09:46:57.395 [info] Installing extension: ms-python.python {"isMachineScoped":false,"installPreReleaseVersion":false,"pinned":false,"profileLocation":{"$mid":1,"external":"vscode-userdata:/home/peaches/.vscode/extensions/extensions.json","path":"/home/peaches/.vscode/extensions/extensions.json","scheme":"vscode-userdata"},"isApplicationScoped":false,"productVersion":{"version":"1.105.1","date":"2025-10-14T22:33:36.618Z"}}
2025-11-12 09:46:57.970 [info] Getting Manifest... ms-python.vscode-python-envs
2025-11-12 09:46:58.029 [info] Getting Manifest... ms-python.debugpy
2025-11-12 09:46:58.114 [info] Getting Manifest... ms-python.vscode-pylance
2025-11-12 09:46:58.201 [info] Installing extension: ms-python.vscode-python-envs {"isMachineScoped":false,"installPreReleaseVersion":false,"pinned":false,"profileLocation":{"$mid":1,"external":"vscode-userdata:/home/peaches/.vscode/extensions/extensions.json","path":"/home/peaches/.vscode/extensions/extensions.json","scheme":"vscode-userdata"},"isApplicationScoped":false,"productVersion":{"version":"1.105.1","date":"2025-10-14T22:33:36.618Z"},"installGivenVersion":false,"context":{"dependecyOrPackExtensionInstall":true}}
2025-11-12 09:46:58.201 [info] Installing extension: ms-python.debugpy {"isMachineScoped":false,"installPreReleaseVersion":false,"pinned":false,"profileLocation":{"$mid":1,"external":"vscode-userdata:/home/peaches/.vscode/extensions/extensions.json","path":"/home/peaches/.vscode/extensions/extensions.json","scheme":"vscode-userdata"},"isApplicationScoped":false,"productVersion":{"version":"1.105.1","date":"2025-10-14T22:33:36.618Z"},"installGivenVersion":false,"context":{"dependecyOrPackExtensionInstall":true}}
2025-11-12 09:46:58.201 [info] Installing extension: ms-python.vscode-pylance {"isMachineScoped":false,"installPreReleaseVersion":false,"pinned":false,"profileLocation":{"$mid":1,"external":"vscode-userdata:/home/peaches/.vscode/extensions/extensions.json","path":"/home/peaches/.vscode/extensions/extensions.json","scheme":"vscode-userdata"},"isApplicationScoped":false,"productVersion":{"version":"1.105.1","date":"2025-10-14T22:33:36.618Z"},"installGivenVersion":false,"context":{"dependecyOrPackExtensionInstall":true}}
2025-11-12 09:47:01.341 [info] Getting Manifest... ms-toolsai.jupyter
2025-11-12 09:47:01.825 [info] Installing extension: ms-toolsai.jupyter {"isMachineScoped":false,"installPreReleaseVersion":false,"pinned":false,"profileLocation":{"$mid":1,"external":"vscode-userdata:/home/peaches/.vscode/extensions/extensions.json","path":"/home/peaches/.vscode/extensions/extensions.json","scheme":"vscode-userdata"},"isApplicationScoped":false,"productVersion":{"version":"1.105.1","date":"2025-10-14T22:33:36.618Z"}}
2025-11-12 09:47:02.134 [info] Getting Manifest... ms-toolsai.jupyter-renderers
2025-11-12 09:47:02.224 [info] Getting Manifest... ms-toolsai.jupyter-keymap
2025-11-12 09:47:02.364 [info] Getting Manifest... ms-toolsai.vscode-jupyter-cell-tags
2025-11-12 09:47:02.435 [info] Getting Manifest... ms-toolsai.vscode-jupyter-slideshow
2025-11-12 09:47:02.506 [info] Installing extension: ms-toolsai.jupyter-renderers {"isMachineScoped":false,"installPreReleaseVersion":false,"pinned":false,"profileLocation":{"$mid":1,"external":"vscode-userdata:/home/peaches/.vscode/extensions/extensions.json","path":"/home/peaches/.vscode/extensions/extensions.json","scheme":"vscode-userdata"},"isApplicationScoped":false,"productVersion":{"version":"1.105.1","date":"2025-10-14T22:33:36.618Z"},"installGivenVersion":false,"context":{"dependecyOrPackExtensionInstall":true}}
2025-11-12 09:47:02.506 [info] Installing extension: ms-toolsai.jupyter-keymap {"isMachineScoped":false,"installPreReleaseVersion":false,"pinned":false,"profileLocation":{"$mid":1,"external":"vscode-userdata:/home/peaches/.vscode/extensions/extensions.json","path":"/home/peaches/.vscode/extensions/extensions.json","scheme":"vscode-userdata"},"isApplicationScoped":false,"productVersion":{"version":"1.105.1","date":"2025-10-14T22:33:36.618Z"},"installGivenVersion":false,"context":{"dependecyOrPackExtensionInstall":true}}
2025-11-12 09:47:02.506 [info] Installing extension: ms-toolsai.vscode-jupyter-cell-tags {"isMachineScoped":false,"installPreReleaseVersion":false,"pinned":false,"profileLocation":{"$mid":1,"external":"vscode-userdata:/home/peaches/.vscode/extensions/extensions.json","path":"/home/peaches/.vscode/extensions/extensions.json","scheme":"vscode-userdata"},"isApplicationScoped":false,"productVersion":{"version":"1.105.1","date":"2025-10-14T22:33:36.618Z"},"installGivenVersion":false,"context":{"dependecyOrPackExtensionInstall":true}}
2025-11-12 09:47:02.506 [info] Installing extension: ms-toolsai.vscode-jupyter-slideshow {"isMachineScoped":false,"installPreReleaseVersion":false,"pinned":false,"profileLocation":{"$mid":1,"external":"vscode-userdata:/home/peaches/.vscode/extensions/extensions.json","path":"/home/peaches/.vscode/extensions/extensions.json","scheme":"vscode-userdata"},"isApplicationScoped":false,"productVersion":{"version":"1.105.1","date":"2025-10-14T22:33:36.618Z"},"installGivenVersion":false,"context":{"dependecyOrPackExtensionInstall":true}}
2025-11-12 09:47:06.936 [info] Extension signature verification result for ms-python.vscode-python-envs: Success. Internal Code: 0. Executed: true. Duration: 1023ms.
2025-11-12 09:47:07.026 [info] Extracted extension to file:///home/peaches/.vscode/extensions/ms-python.vscode-python-envs-1.10.0-linux-x64: ms-python.vscode-python-envs
2025-11-12 09:47:07.040 [info] Renamed to /home/peaches/.vscode/extensions/ms-python.vscode-python-envs-1.10.0-linux-x64
2025-11-12 09:47:07.141 [info] Extension signature verification result for ms-python.python: Success. Internal Code: 0. Executed: true. Duration: 420ms.
2025-11-12 09:47:07.740 [info] Extracted extension to file:///home/peaches/.vscode/extensions/ms-python.python-2025.16.0-linux-x64: ms-python.python
2025-11-12 09:47:07.788 [info] Renamed to /home/peaches/.vscode/extensions/ms-python.python-2025.16.0-linux-x64
2025-11-12 09:47:08.193 [info] Getting Manifest... esbenp.prettier-vscode
2025-11-12 09:47:08.490 [info] Installing extension: esbenp.prettier-vscode {"isMachineScoped":false,"installPreReleaseVersion":false,"pinned":false,"profileLocation":{"$mid":1,"external":"vscode-userdata:/home/peaches/.vscode/extensions/extensions.json","path":"/home/peaches/.vscode/extensions/extensions.json","scheme":"vscode-userdata"},"isApplicationScoped":false,"productVersion":{"version":"1.105.1","date":"2025-10-14T22:33:36.618Z"}}
2025-11-12 09:47:09.785 [info] Extension signature verification result for ms-toolsai.vscode-jupyter-slideshow: Success. Internal Code: 0. Executed: true. Duration: 5697ms.
2025-11-12 09:47:09.785 [info] Extension signature verification result for ms-toolsai.jupyter-keymap: Success. Internal Code: 0. Executed: true. Duration: 5969ms.
2025-11-12 09:47:09.788 [info] Extension signature verification result for ms-toolsai.vscode-jupyter-cell-tags: Success. Internal Code: 0. Executed: true. Duration: 5898ms.
2025-11-12 09:47:09.793 [info] Extracted extension to file:///home/peaches/.vscode/extensions/ms-toolsai.jupyter-keymap-1.1.2: ms-toolsai.jupyter-keymap
2025-11-12 09:47:09.795 [info] Renamed to /home/peaches/.vscode/extensions/ms-toolsai.jupyter-keymap-1.1.2
2025-11-12 09:47:09.803 [info] Extracted extension to file:///home/peaches/.vscode/extensions/ms-toolsai.vscode-jupyter-slideshow-0.1.6: ms-toolsai.vscode-jupyter-slideshow
2025-11-12 09:47:09.804 [info] Renamed to /home/peaches/.vscode/extensions/ms-toolsai.vscode-jupyter-slideshow-0.1.6
2025-11-12 09:47:09.806 [info] Extracted extension to file:///home/peaches/.vscode/extensions/ms-toolsai.vscode-jupyter-cell-tags-0.1.9: ms-toolsai.vscode-jupyter-cell-tags
2025-11-12 09:47:09.808 [info] Renamed to /home/peaches/.vscode/extensions/ms-toolsai.vscode-jupyter-cell-tags-0.1.9
2025-11-12 09:47:11.712 [info] Extension signature verification result for ms-python.vscode-pylance: Success. Internal Code: 0. Executed: true. Duration: 443ms.
2025-11-12 09:47:11.883 [info] Extension signature verification result for ms-python.debugpy: Success. Internal Code: 0. Executed: true. Duration: 393ms.
2025-11-12 09:47:12.111 [info] Extracted extension to file:///home/peaches/.vscode/extensions/ms-python.debugpy-2025.14.1-linux-x64: ms-python.debugpy
2025-11-12 09:47:12.127 [info] Renamed to /home/peaches/.vscode/extensions/ms-python.debugpy-2025.14.1-linux-x64
2025-11-12 09:47:12.153 [info] Extension signature verification result for esbenp.prettier-vscode: Success. Internal Code: 0. Executed: true. Duration: 403ms.
2025-11-12 09:47:12.209 [info] Extracted extension to file:///home/peaches/.vscode/extensions/esbenp.prettier-vscode-11.0.0: esbenp.prettier-vscode
2025-11-12 09:47:12.212 [info] Renamed to /home/peaches/.vscode/extensions/esbenp.prettier-vscode-11.0.0
2025-11-12 09:47:12.220 [info] Extension installed successfully: esbenp.prettier-vscode vscode-userdata:/home/peaches/.vscode/extensions/extensions.json
2025-11-12 09:47:12.944 [info] Extension signature verification result for ms-toolsai.jupyter: Success. Internal Code: 0. Executed: true. Duration: 390ms.
2025-11-12 09:47:13.064 [info] Extracted extension to file:///home/peaches/.vscode/extensions/ms-toolsai.jupyter-2025.9.1-linux-x64: ms-toolsai.jupyter
2025-11-12 09:47:13.086 [info] Renamed to /home/peaches/.vscode/extensions/ms-toolsai.jupyter-2025.9.1-linux-x64
2025-11-12 09:47:13.632 [info] Extracted extension to file:///home/peaches/.vscode/extensions/ms-python.vscode-pylance-2025.9.1: ms-python.vscode-pylance
2025-11-12 09:47:13.758 [info] Renamed to /home/peaches/.vscode/extensions/ms-python.vscode-pylance-2025.9.1
2025-11-12 09:47:13.770 [info] Extension installed successfully: ms-python.vscode-python-envs vscode-userdata:/home/peaches/.vscode/extensions/extensions.json
2025-11-12 09:47:13.770 [info] Extension installed successfully: ms-python.python vscode-userdata:/home/peaches/.vscode/extensions/extensions.json
2025-11-12 09:47:13.771 [info] Extension installed successfully: ms-python.debugpy vscode-userdata:/home/peaches/.vscode/extensions/extensions.json
2025-11-12 09:47:13.771 [info] Extension installed successfully: ms-python.vscode-pylance vscode-userdata:/home/peaches/.vscode/extensions/extensions.json
2025-11-12 09:47:14.642 [info] Extension signature verification result for ms-toolsai.jupyter-renderers: Success. Internal Code: 0. Executed: true. Duration: 679ms.
2025-11-12 09:47:14.742 [info] Extracted extension to file:///home/peaches/.vscode/extensions/ms-toolsai.jupyter-renderers-1.3.0: ms-toolsai.jupyter-renderers
2025-11-12 09:47:14.756 [info] Renamed to /home/peaches/.vscode/extensions/ms-toolsai.jupyter-renderers-1.3.0
2025-11-12 09:47:14.767 [info] Extension installed successfully: ms-toolsai.jupyter-keymap vscode-userdata:/home/peaches/.vscode/extensions/extensions.json
2025-11-12 09:47:14.767 [info] Extension installed successfully: ms-toolsai.vscode-jupyter-slideshow vscode-userdata:/home/peaches/.vscode/extensions/extensions.json
2025-11-12 09:47:14.767 [info] Extension installed successfully: ms-toolsai.vscode-jupyter-cell-tags vscode-userdata:/home/peaches/.vscode/extensions/extensions.json
2025-11-12 09:47:14.767 [info] Extension installed successfully: ms-toolsai.jupyter vscode-userdata:/home/peaches/.vscode/extensions/extensions.json
2025-11-12 09:47:14.767 [info] Extension installed successfully: ms-toolsai.jupyter-renderers vscode-userdata:/home/peaches/.vscode/extensions/extensions.json
