2025-11-12 09:56:16.533 [info] Reading sessions from keychain...
2025-11-12 09:56:16.533 [info] Getting sessions for all scopes...
2025-11-12 09:56:16.533 [info] Got 0 sessions for ...
2025-11-12 09:56:16.533 [info] Getting sessions for all scopes...
2025-11-12 09:56:16.533 [info] Got 0 sessions for ...
2025-11-12 09:56:16.545 [info] Getting sessions for all scopes...
2025-11-12 09:56:16.545 [info] Got 0 sessions for ...
2025-11-12 09:56:16.545 [info] Getting sessions for all scopes...
2025-11-12 09:56:16.545 [info] Got 0 sessions for ...
2025-11-12 09:56:16.545 [info] Getting sessions for all scopes...
2025-11-12 09:56:16.545 [info] Got 0 sessions for ...
2025-11-12 09:56:16.545 [info] Getting sessions for all scopes...
2025-11-12 09:56:16.545 [info] Got 0 sessions for ...
2025-11-12 09:56:16.545 [info] Getting sessions for all scopes...
2025-11-12 09:56:16.545 [info] Got 0 sessions for ...
2025-11-12 09:56:16.549 [info] Getting sessions for all scopes...
2025-11-12 09:56:16.549 [info] Got 0 sessions for ...
2025-11-12 09:56:16.550 [info] Getting sessions for all scopes...
2025-11-12 09:56:16.550 [info] Got 0 sessions for ...
2025-11-12 09:56:16.550 [info] Getting sessions for all scopes...
2025-11-12 09:56:16.550 [info] Got 0 sessions for ...
2025-11-12 09:56:16.551 [info] Getting sessions for all scopes...
2025-11-12 09:56:16.551 [info] Got 0 sessions for ...
2025-11-12 09:56:16.552 [info] Getting sessions for all scopes...
2025-11-12 09:56:16.552 [info] Got 0 sessions for ...
2025-11-12 09:56:16.552 [info] Getting sessions for all scopes...
2025-11-12 09:56:16.552 [info] Got 0 sessions for ...
2025-11-12 09:56:16.668 [info] Getting sessions for all scopes...
2025-11-12 09:56:16.668 [info] Got 0 sessions for ...
2025-11-12 09:56:16.838 [info] Getting sessions for all scopes...
2025-11-12 09:56:16.838 [info] Got 0 sessions for ...
2025-11-12 09:56:18.719 [info] Getting sessions for all scopes...
2025-11-12 09:56:18.719 [info] Got 0 sessions for ...
2025-11-12 09:56:18.719 [info] Getting sessions for all scopes...
2025-11-12 09:56:18.719 [info] Got 0 sessions for ...
2025-11-12 09:56:18.726 [info] Getting sessions for all scopes...
2025-11-12 09:56:18.726 [info] Got 0 sessions for ...
2025-11-12 09:56:43.324 [info] Reading sessions from keychain...
2025-11-12 09:56:43.324 [info] Getting sessions for all scopes...
2025-11-12 09:56:43.324 [info] Got 0 sessions for ...
2025-11-12 09:56:43.324 [info] Getting sessions for all scopes...
2025-11-12 09:56:43.324 [info] Got 0 sessions for ...
2025-11-12 09:56:43.324 [info] Getting sessions for all scopes...
2025-11-12 09:56:43.324 [info] Got 0 sessions for ...
2025-11-12 09:56:43.324 [info] Getting sessions for all scopes...
2025-11-12 09:56:43.324 [info] Got 0 sessions for ...
2025-11-12 09:56:43.324 [info] Getting sessions for all scopes...
2025-11-12 09:56:43.324 [info] Got 0 sessions for ...
2025-11-12 09:56:43.324 [info] Getting sessions for all scopes...
2025-11-12 09:56:43.324 [info] Got 0 sessions for ...
2025-11-12 09:56:43.324 [info] Getting sessions for all scopes...
2025-11-12 09:56:43.324 [info] Got 0 sessions for ...
2025-11-12 09:56:43.324 [info] Getting sessions for all scopes...
2025-11-12 09:56:43.324 [info] Got 0 sessions for ...
2025-11-12 09:56:43.324 [info] Getting sessions for all scopes...
2025-11-12 09:56:43.324 [info] Got 0 sessions for ...
2025-11-12 09:56:43.335 [info] Getting sessions for all scopes...
2025-11-12 09:56:43.335 [info] Got 0 sessions for ...
2025-11-12 09:56:43.335 [info] Getting sessions for all scopes...
2025-11-12 09:56:43.335 [info] Got 0 sessions for ...
2025-11-12 09:56:43.335 [info] Getting sessions for all scopes...
2025-11-12 09:56:43.335 [info] Got 0 sessions for ...
2025-11-12 09:56:43.335 [info] Getting sessions for all scopes...
2025-11-12 09:56:43.335 [info] Got 0 sessions for ...
2025-11-12 09:56:43.335 [info] Getting sessions for all scopes...
2025-11-12 09:56:43.335 [info] Got 0 sessions for ...
2025-11-12 09:56:43.335 [info] Getting sessions for all scopes...
2025-11-12 09:56:43.335 [info] Got 0 sessions for ...
2025-11-12 09:56:43.553 [info] Getting sessions for all scopes...
2025-11-12 09:56:43.553 [info] Got 0 sessions for ...
2025-11-12 09:56:45.466 [info] Getting sessions for all scopes...
2025-11-12 09:56:45.466 [info] Got 0 sessions for ...
2025-11-12 09:56:45.466 [info] Getting sessions for all scopes...
2025-11-12 09:56:45.466 [info] Got 0 sessions for ...
2025-11-12 09:56:45.467 [info] Getting sessions for all scopes...
2025-11-12 09:56:45.467 [info] Got 0 sessions for ...
2025-11-12 09:57:36.948 [info] Getting sessions for read:user,repo,user:email,workflow...
2025-11-12 09:57:36.948 [info] Got 0 sessions for read:user,repo,user:email,workflow...
