Visual Studio Code (1.105.1, undefined, desktop)
Jupyter Extension Version: 2025.9.1.
Python Extension Version: 2025.18.0.
Python Environment Extension Version: 1.12.0.
Pylance Extension Version: 2025.9.1.
Platform: linux (x64).
Home = /home/peaches
Temp Storage folder ~/.config/Code/User/globalStorage/ms-toolsai.jupyter/version-2025.9.1
Workspace folder ~/basic-movie-recommendation
17:48:09.098 [info] Starting Kernel (Python Path: /opt/anaconda/bin/python, Conda, 3.13.5) for '~/basic-movie-recommendation/train.ipynb' (disableUI=true)
17:48:10.177 [info] Dispose Kernel '~/basic-movie-recommendation/train.ipynb' associated with '~/basic-movie-recommendation/train.ipynb'
17:48:10.199 [info] Dispose Kernel '~/basic-movie-recommendation/train.ipynb' associated with '~/basic-movie-recommendation/train.ipynb'
17:48:10.201 [warn] Failed to shutdown kernel, .jvsc74a57bd0586ad1ed5c97141e2437e681efbf1ec0adcd17d830cf5af2ca3d2819e743e158./opt/anaconda/python./opt/anaconda/python.-m#ipykernel_launcher TypeError: Cannot read properties of undefined (reading 'dispose')
    at JT.shutdown (~/.vscode/extensions/ms-toolsai.jupyter-2025.9.1-linux-x64/dist/extension.node.js:309:13632)
    at processTicksAndRejections (node:internal/process/task_queues:105:5)
    at qT.shutdown (~/.vscode/extensions/ms-toolsai.jupyter-2025.9.1-linux-x64/dist/extension.node.js:309:22453)
17:48:10.223 [warn] Failed to delete connection file file:///run/user/1000/jupyter/runtime/kernel-v399a8611421669ef11d474ba20c5516f6dffaa3c4.json for pid undefined Canceled (FileSystemError): Canceled
    at ws.e (file:///opt/visual-studio-code/resources/app/out/vs/workbench/api/node/extensionHostProcess.js:114:18860)
    at Object.stat (file:///opt/visual-studio-code/resources/app/out/vs/workbench/api/node/extensionHostProcess.js:114:16011)
    at ou.delete (~/.vscode/extensions/ms-toolsai.jupyter-2025.9.1-linux-x64/dist/extension.node.js:236:16320)
    at ~/.vscode/extensions/ms-toolsai.jupyter-2025.9.1-linux-x64/dist/extension.node.js:308:469 {
  code: 'Unknown'
}
