(VSCode) 2025-11-17 12:19:38.009 [INFO]: No proxy settings found
(VSCode) 2025-11-17 12:19:40.661 [INFO]: Checking network connection...
(VSCode) 2025-11-17 12:19:41.043 [INFO]: Creating manager directory: /tmp/3acf018d-76e6-4a0c-8a14-8c43043aeda4/codeium/manager
(VSCode) 2025-11-17 12:19:41.440 [INFO]: Using cached LS with valid crc32: /home/peaches/.vscode/extensions/codeium.codeium-1.48.2/dist/e03af6ebc40b844314d448f947c80b636d093049/language_server_linux_x64
(VSCode) 2025-11-17 12:19:41.445 [INFO]: Language server started
2025/11/17 12:19:41 maxprocs: Leaving GOMAXPROCS=16: CPU quota undefined
I1117 12:19:41.599363  7212 main.go:604] [Language Server Manager] Setting GOMAXPROCS to 4
I1117 12:19:41.599450  7212 main.go:750] [Language Server Manager] Release 1.48.2 (e03af6ebc40b844314d448f947c80b636d093049)
I1117 12:19:41.599462  7212 main.go:829] [Language Server Manager] Starting language server manager with pid 7212
I1117 12:19:41.599519  7212 main.go:138] [Language Server Manager] Manager acquired its lock file /tmp/3acf018d-76e6-4a0c-8a14-8c43043aeda4/codeium/manager/locks/manager.lock
I1117 12:19:41.600252  7212 main.go:283] [Language Server Manager] Waiting for random port file in /tmp/3acf018d-76e6-4a0c-8a14-8c43043aeda4/codeium/manager/child_random_port_1763362181599611832_9072071079767432772 to be created
2025/11/17 12:19:41 maxprocs: Leaving GOMAXPROCS=16: CPU quota undefined
I1117 12:19:41.723808  7232 main.go:604] Setting GOMAXPROCS to 4
I1117 12:19:41.723917  7232 main.go:823] Starting language server process with pid 7232
I1117 12:19:41.723939  7232 server.go:296] Language server will attempt to listen on host 127.0.0.1
I1117 12:19:41.724085  7232 server.go:303] Language server listening on random port at 46491
(VSCode) 2025-11-17 12:19:42.003 [INFO]: No Network Issue connecting to https://server.codeium.com/healthz
I1117 12:19:43.621397  7232 web_server.go:256] Chat Web Server listening at ws://127.0.0.1:38961
I1117 12:19:43.744064  7232 server.go:955] Local search is enabled, will index local files.
I1117 12:19:43.744076  7232 server.go:959] Using 4 indexer workers
I1117 12:19:44.684754  7232 server.go:1196] Child process attempting to acquire lock file /tmp/3acf018d-76e6-4a0c-8a14-8c43043aeda4/codeium/manager/locks/child_lock_1763362181599654507_1656275283065189820
I1117 12:19:44.684787  7232 server.go:1204] Child process acquired lock file /tmp/3acf018d-76e6-4a0c-8a14-8c43043aeda4/codeium/manager/locks/child_lock_1763362181599654507_1656275283065189820
40385
I1117 12:19:44.712116  7212 main.go:319] [Language Server Manager] Found random server port 46491
I1117 12:19:44.712143  7212 main.go:320] [Language Server Manager] Found random lsp port 40385
I1117 12:19:44.712162  7212 main.go:327] [Language Server Manager] Attempting to connect to language server at 127.0.0.1:46491
I1117 12:19:44.724041  7212 main.go:192] [Language Server Manager] Fixing language server port at 46491
I1117 12:19:44.724088  7212 main.go:381] [Language Server Manager] Successfully connected to new language server at 127.0.0.1:46491
(VSCode) 2025-11-17 12:19:44.773 [INFO]: Found language server running on port 46491
BEWARE: your OS is not officially supported by Playwright; downloading fallback build for ubuntu20.04-x64.
(VSCode) 2025-11-17 12:19:44.969 [ERROR]: Invalid LSP port: BEWARE: your OS is not officially supported by Playwright; downloading fallback build for ubuntu20.04-x64.

BEWARE: your OS is not officially supported by Playwright; downloading fallback build for ubuntu20.04-x64.
BEWARE: your OS is not officially supported by Playwright; downloading fallback build for ubuntu20.04-x64.
(VSCode) 2025-11-17 12:19:44.970 [ERROR]: Invalid LSP port: BEWARE: your OS is not officially supported by Playwright; downloading fallback build for ubuntu20.04-x64.
BEWARE: your OS is not officially supported by Playwright; downloading fallback build for ubuntu20.04-x64.

(VSCode) 2025-11-17 12:19:45.111 [INFO]: openAllTextDocuments took 2.6589590000003227ms
(VSCode) 2025-11-17 12:21:46.979 [WARN]: User not logged in
(VSCode) 2025-11-17 12:21:50.564 [WARN]: User not logged in
(VSCode) 2025-11-17 12:21:50.913 [WARN]: User not logged in
(VSCode) 2025-11-17 12:21:51.071 [WARN]: User not logged in
(VSCode) 2025-11-17 12:21:51.215 [WARN]: User not logged in
(VSCode) 2025-11-17 12:21:51.425 [WARN]: User not logged in
(VSCode) 2025-11-17 12:21:51.560 [WARN]: User not logged in
(VSCode) 2025-11-17 12:21:51.762 [WARN]: User not logged in
(VSCode) 2025-11-17 12:21:52.014 [WARN]: User not logged in
(VSCode) 2025-11-17 12:21:52.967 [WARN]: User not logged in
(VSCode) 2025-11-17 12:21:53.187 [WARN]: User not logged in
(VSCode) 2025-11-17 12:21:53.389 [WARN]: User not logged in
(VSCode) 2025-11-17 12:21:53.507 [WARN]: User not logged in
(VSCode) 2025-11-17 12:21:54.055 [WARN]: User not logged in
(VSCode) 2025-11-17 12:21:54.150 [WARN]: User not logged in
(VSCode) 2025-11-17 12:21:54.647 [WARN]: User not logged in
(VSCode) 2025-11-17 12:21:55.326 [WARN]: User not logged in
(VSCode) 2025-11-17 12:21:55.682 [WARN]: User not logged in
(VSCode) 2025-11-17 12:21:55.942 [WARN]: User not logged in
(VSCode) 2025-11-17 12:21:56.254 [WARN]: User not logged in
(VSCode) 2025-11-17 12:21:56.481 [WARN]: User not logged in
(VSCode) 2025-11-17 12:21:56.589 [WARN]: User not logged in
(VSCode) 2025-11-17 12:21:57.013 [WARN]: User not logged in
(VSCode) 2025-11-17 12:21:57.324 [WARN]: User not logged in
(VSCode) 2025-11-17 12:21:57.442 [WARN]: User not logged in
(VSCode) 2025-11-17 12:21:57.553 [WARN]: User not logged in
(VSCode) 2025-11-17 12:21:58.429 [WARN]: User not logged in
(VSCode) 2025-11-17 12:21:58.521 [WARN]: User not logged in
(VSCode) 2025-11-17 12:22:13.325 [WARN]: User not logged in
(VSCode) 2025-11-17 12:22:18.250 [WARN]: User not logged in
(VSCode) 2025-11-17 12:22:19.043 [WARN]: User not logged in
(VSCode) 2025-11-17 12:22:19.191 [WARN]: User not logged in
(VSCode) 2025-11-17 12:22:19.519 [WARN]: User not logged in
(VSCode) 2025-11-17 12:22:19.737 [WARN]: User not logged in
(VSCode) 2025-11-17 12:22:20.526 [WARN]: User not logged in
(VSCode) 2025-11-17 12:22:21.181 [WARN]: User not logged in
(VSCode) 2025-11-17 12:22:21.458 [WARN]: User not logged in
(VSCode) 2025-11-17 12:22:22.956 [WARN]: User not logged in
(VSCode) 2025-11-17 12:22:23.402 [WARN]: User not logged in
(VSCode) 2025-11-17 12:22:25.510 [WARN]: User not logged in
(VSCode) 2025-11-17 12:22:25.687 [WARN]: User not logged in
(VSCode) 2025-11-17 12:22:26.167 [WARN]: User not logged in
(VSCode) 2025-11-17 12:22:26.502 [WARN]: User not logged in
(VSCode) 2025-11-17 12:22:26.603 [WARN]: User not logged in
(VSCode) 2025-11-17 12:22:33.160 [WARN]: User not logged in
(VSCode) 2025-11-17 12:22:33.308 [WARN]: User not logged in
(VSCode) 2025-11-17 12:22:34.142 [WARN]: User not logged in
(VSCode) 2025-11-17 12:22:34.201 [WARN]: User not logged in
(VSCode) 2025-11-17 12:22:34.817 [WARN]: User not logged in
(VSCode) 2025-11-17 12:22:36.029 [WARN]: User not logged in
(VSCode) 2025-11-17 12:22:36.147 [WARN]: User not logged in
(VSCode) 2025-11-17 12:22:36.316 [WARN]: User not logged in
(VSCode) 2025-11-17 12:22:36.862 [WARN]: User not logged in
(VSCode) 2025-11-17 12:22:36.998 [WARN]: User not logged in
(VSCode) 2025-11-17 12:22:37.127 [WARN]: User not logged in
(VSCode) 2025-11-17 12:22:39.880 [WARN]: User not logged in
(VSCode) 2025-11-17 12:22:41.835 [WARN]: User not logged in
(VSCode) 2025-11-17 12:22:44.135 [WARN]: User not logged in
(VSCode) 2025-11-17 12:22:45.071 [WARN]: User not logged in
(VSCode) 2025-11-17 12:22:46.167 [WARN]: User not logged in
(VSCode) 2025-11-17 12:22:47.334 [WARN]: User not logged in
(VSCode) 2025-11-17 12:22:47.606 [WARN]: User not logged in
(VSCode) 2025-11-17 12:22:50.155 [WARN]: User not logged in
(VSCode) 2025-11-17 12:22:51.569 [WARN]: User not logged in
(VSCode) 2025-11-17 12:22:51.674 [WARN]: User not logged in
(VSCode) 2025-11-17 12:22:52.434 [WARN]: User not logged in
(VSCode) 2025-11-17 12:22:52.560 [WARN]: User not logged in
(VSCode) 2025-11-17 12:22:53.528 [WARN]: User not logged in
(VSCode) 2025-11-17 12:22:54.588 [WARN]: User not logged in
(VSCode) 2025-11-17 12:22:54.831 [WARN]: User not logged in
(VSCode) 2025-11-17 12:22:55.412 [WARN]: User not logged in
(VSCode) 2025-11-17 12:22:58.822 [WARN]: User not logged in
(VSCode) 2025-11-17 12:22:59.698 [WARN]: User not logged in
(VSCode) 2025-11-17 12:22:59.863 [WARN]: User not logged in
(VSCode) 2025-11-17 12:23:00.563 [WARN]: User not logged in
(VSCode) 2025-11-17 12:23:00.866 [WARN]: User not logged in
(VSCode) 2025-11-17 12:23:01.397 [WARN]: User not logged in
(VSCode) 2025-11-17 12:23:02.426 [WARN]: User not logged in
(VSCode) 2025-11-17 12:23:02.761 [WARN]: User not logged in
(VSCode) 2025-11-17 12:23:03.231 [WARN]: User not logged in
(VSCode) 2025-11-17 12:23:03.646 [WARN]: User not logged in
(VSCode) 2025-11-17 12:23:04.294 [WARN]: User not logged in
(VSCode) 2025-11-17 12:23:04.579 [WARN]: User not logged in
(VSCode) 2025-11-17 12:23:04.705 [WARN]: User not logged in
(VSCode) 2025-11-17 12:23:05.423 [WARN]: User not logged in
(VSCode) 2025-11-17 12:23:05.752 [WARN]: User not logged in
(VSCode) 2025-11-17 12:23:06.079 [WARN]: User not logged in
(VSCode) 2025-11-17 12:23:06.392 [WARN]: User not logged in
(VSCode) 2025-11-17 12:23:06.887 [WARN]: User not logged in
(VSCode) 2025-11-17 12:23:07.023 [WARN]: User not logged in
(VSCode) 2025-11-17 12:23:08.436 [WARN]: User not logged in
(VSCode) 2025-11-17 12:23:12.559 [WARN]: User not logged in
(VSCode) 2025-11-17 12:24:01.288 [WARN]: User not logged in
(VSCode) 2025-11-17 12:24:01.535 [WARN]: User not logged in
(VSCode) 2025-11-17 12:24:01.671 [WARN]: User not logged in
(VSCode) 2025-11-17 12:24:01.821 [WARN]: User not logged in
(VSCode) 2025-11-17 12:24:02.846 [WARN]: User not logged in
(VSCode) 2025-11-17 12:24:03.237 [WARN]: User not logged in
(VSCode) 2025-11-17 12:24:03.862 [WARN]: User not logged in
(VSCode) 2025-11-17 12:24:11.651 [WARN]: User not logged in
(VSCode) 2025-11-17 12:24:11.801 [WARN]: User not logged in
(VSCode) 2025-11-17 12:24:12.188 [WARN]: User not logged in
(VSCode) 2025-11-17 12:24:12.988 [WARN]: User not logged in
(VSCode) 2025-11-17 12:24:13.931 [WARN]: User not logged in
(VSCode) 2025-11-17 12:24:15.983 [WARN]: User not logged in
(VSCode) 2025-11-17 12:24:16.222 [WARN]: User not logged in
(VSCode) 2025-11-17 12:24:17.375 [WARN]: User not logged in
(VSCode) 2025-11-17 12:24:17.475 [WARN]: User not logged in
(VSCode) 2025-11-17 12:24:19.055 [WARN]: User not logged in
(VSCode) 2025-11-17 12:24:19.795 [WARN]: User not logged in
(VSCode) 2025-11-17 12:24:19.996 [WARN]: User not logged in
(VSCode) 2025-11-17 12:24:20.203 [WARN]: User not logged in
(VSCode) 2025-11-17 12:24:23.297 [WARN]: User not logged in
(VSCode) 2025-11-17 12:24:24.295 [WARN]: User not logged in
(VSCode) 2025-11-17 12:24:26.682 [WARN]: User not logged in
(VSCode) 2025-11-17 12:24:26.800 [WARN]: User not logged in
(VSCode) 2025-11-17 12:24:49.098 [WARN]: User not logged in
(VSCode) 2025-11-17 12:24:50.006 [WARN]: User not logged in
(VSCode) 2025-11-17 12:24:50.184 [WARN]: User not logged in
(VSCode) 2025-11-17 12:24:50.385 [WARN]: User not logged in
(VSCode) 2025-11-17 12:24:50.639 [WARN]: User not logged in
(VSCode) 2025-11-17 12:24:50.965 [WARN]: User not logged in
(VSCode) 2025-11-17 12:24:52.627 [WARN]: User not logged in
(VSCode) 2025-11-17 12:24:53.259 [WARN]: User not logged in
(VSCode) 2025-11-17 12:24:53.384 [WARN]: User not logged in
(VSCode) 2025-11-17 12:24:53.509 [WARN]: User not logged in
(VSCode) 2025-11-17 12:24:53.712 [WARN]: User not logged in
(VSCode) 2025-11-17 12:24:55.601 [WARN]: User not logged in
(VSCode) 2025-11-17 12:24:56.280 [WARN]: User not logged in
(VSCode) 2025-11-17 12:24:56.415 [WARN]: User not logged in
(VSCode) 2025-11-17 12:24:57.056 [WARN]: User not logged in
(VSCode) 2025-11-17 12:24:57.225 [WARN]: User not logged in
(VSCode) 2025-11-17 12:24:57.501 [WARN]: User not logged in
(VSCode) 2025-11-17 12:24:57.711 [WARN]: User not logged in
(VSCode) 2025-11-17 12:24:58.200 [WARN]: User not logged in
(VSCode) 2025-11-17 12:24:58.422 [WARN]: User not logged in
(VSCode) 2025-11-17 12:24:59.572 [WARN]: User not logged in
(VSCode) 2025-11-17 12:25:01.365 [WARN]: User not logged in
(VSCode) 2025-11-17 12:25:01.959 [WARN]: User not logged in
(VSCode) 2025-11-17 12:25:02.752 [WARN]: User not logged in
(VSCode) 2025-11-17 12:25:02.970 [WARN]: User not logged in
(VSCode) 2025-11-17 12:25:03.297 [WARN]: User not logged in
(VSCode) 2025-11-17 12:25:03.761 [WARN]: User not logged in
(VSCode) 2025-11-17 12:25:04.746 [WARN]: User not logged in
(VSCode) 2025-11-17 12:25:08.108 [WARN]: User not logged in
(VSCode) 2025-11-17 12:25:10.281 [WARN]: User not logged in
(VSCode) 2025-11-17 12:25:10.524 [WARN]: User not logged in
(VSCode) 2025-11-17 12:25:10.749 [WARN]: User not logged in
(VSCode) 2025-11-17 12:25:13.691 [WARN]: User not logged in
(VSCode) 2025-11-17 12:25:14.651 [WARN]: User not logged in
(VSCode) 2025-11-17 12:25:14.852 [WARN]: User not logged in
(VSCode) 2025-11-17 12:25:14.988 [WARN]: User not logged in
(VSCode) 2025-11-17 12:25:15.180 [WARN]: User not logged in
(VSCode) 2025-11-17 12:25:15.710 [WARN]: User not logged in
(VSCode) 2025-11-17 12:25:17.119 [WARN]: User not logged in
(VSCode) 2025-11-17 12:25:19.401 [WARN]: User not logged in
(VSCode) 2025-11-17 12:25:19.517 [WARN]: User not logged in
(VSCode) 2025-11-17 12:25:19.787 [WARN]: User not logged in
(VSCode) 2025-11-17 12:25:20.453 [WARN]: User not logged in
(VSCode) 2025-11-17 12:25:20.606 [WARN]: User not logged in
(VSCode) 2025-11-17 12:25:21.379 [WARN]: User not logged in
(VSCode) 2025-11-17 12:25:21.488 [WARN]: User not logged in
(VSCode) 2025-11-17 12:25:22.397 [WARN]: User not logged in
(VSCode) 2025-11-17 12:25:24.006 [WARN]: User not logged in
(VSCode) 2025-11-17 12:25:24.468 [WARN]: User not logged in
(VSCode) 2025-11-17 12:25:24.830 [WARN]: User not logged in
(VSCode) 2025-11-17 12:25:25.784 [WARN]: User not logged in
(VSCode) 2025-11-17 12:25:26.070 [WARN]: User not logged in
(VSCode) 2025-11-17 12:25:28.720 [WARN]: User not logged in
(VSCode) 2025-11-17 12:25:29.886 [WARN]: User not logged in
(VSCode) 2025-11-17 12:25:30.121 [WARN]: User not logged in
(VSCode) 2025-11-17 12:25:32.264 [WARN]: User not logged in
(VSCode) 2025-11-17 12:25:33.477 [WARN]: User not logged in
(VSCode) 2025-11-17 12:25:33.616 [WARN]: User not logged in
(VSCode) 2025-11-17 12:25:33.743 [WARN]: User not logged in
(VSCode) 2025-11-17 12:25:33.964 [WARN]: User not logged in
(VSCode) 2025-11-17 12:25:39.565 [WARN]: User not logged in
(VSCode) 2025-11-17 12:25:39.723 [WARN]: User not logged in
(VSCode) 2025-11-17 12:25:42.002 [WARN]: User not logged in
(VSCode) 2025-11-17 12:25:44.671 [WARN]: User not logged in
(VSCode) 2025-11-17 12:25:45.646 [WARN]: User not logged in
(VSCode) 2025-11-17 12:25:46.481 [WARN]: User not logged in
(VSCode) 2025-11-17 12:25:46.605 [WARN]: User not logged in
(VSCode) 2025-11-17 12:25:47.297 [WARN]: User not logged in
(VSCode) 2025-11-17 12:25:47.510 [WARN]: User not logged in
(VSCode) 2025-11-17 12:25:47.700 [WARN]: User not logged in
(VSCode) 2025-11-17 12:25:49.766 [WARN]: User not logged in
(VSCode) 2025-11-17 12:25:50.059 [WARN]: User not logged in
(VSCode) 2025-11-17 12:25:50.547 [WARN]: User not logged in
(VSCode) 2025-11-17 12:25:51.085 [WARN]: User not logged in
(VSCode) 2025-11-17 12:25:53.641 [WARN]: User not logged in
(VSCode) 2025-11-17 12:25:53.959 [WARN]: User not logged in
(VSCode) 2025-11-17 12:25:54.641 [WARN]: User not logged in
(VSCode) 2025-11-17 12:25:59.218 [WARN]: User not logged in
(VSCode) 2025-11-17 12:25:59.386 [WARN]: User not logged in
(VSCode) 2025-11-17 12:26:00.144 [WARN]: User not logged in
(VSCode) 2025-11-17 12:26:01.928 [WARN]: User not logged in
(VSCode) 2025-11-17 12:26:02.390 [WARN]: User not logged in
(VSCode) 2025-11-17 12:26:02.822 [WARN]: User not logged in
(VSCode) 2025-11-17 12:26:03.032 [WARN]: User not logged in
(VSCode) 2025-11-17 12:26:03.444 [WARN]: User not logged in
(VSCode) 2025-11-17 12:26:05.665 [WARN]: User not logged in
(VSCode) 2025-11-17 12:26:06.748 [WARN]: User not logged in
(VSCode) 2025-11-17 12:26:09.975 [WARN]: User not logged in
(VSCode) 2025-11-17 12:26:10.471 [WARN]: User not logged in
(VSCode) 2025-11-17 12:26:10.632 [WARN]: User not logged in
(VSCode) 2025-11-17 12:26:10.747 [WARN]: User not logged in
(VSCode) 2025-11-17 12:26:10.999 [WARN]: User not logged in
(VSCode) 2025-11-17 12:26:11.177 [WARN]: User not logged in
(VSCode) 2025-11-17 12:26:12.974 [WARN]: User not logged in
(VSCode) 2025-11-17 12:26:13.420 [WARN]: User not logged in
(VSCode) 2025-11-17 12:26:14.448 [WARN]: User not logged in
(VSCode) 2025-11-17 12:26:17.471 [WARN]: User not logged in
(VSCode) 2025-11-17 12:26:17.759 [WARN]: User not logged in
(VSCode) 2025-11-17 12:26:19.220 [WARN]: User not logged in
(VSCode) 2025-11-17 12:26:21.030 [WARN]: User not logged in
(VSCode) 2025-11-17 12:26:21.207 [WARN]: User not logged in
(VSCode) 2025-11-17 12:26:21.503 [WARN]: User not logged in
(VSCode) 2025-11-17 12:26:22.352 [WARN]: User not logged in
(VSCode) 2025-11-17 12:26:22.529 [WARN]: User not logged in
(VSCode) 2025-11-17 12:26:22.672 [WARN]: User not logged in
(VSCode) 2025-11-17 12:26:23.509 [WARN]: User not logged in
(VSCode) 2025-11-17 12:26:24.274 [WARN]: User not logged in
(VSCode) 2025-11-17 12:26:24.460 [WARN]: User not logged in
(VSCode) 2025-11-17 12:26:24.679 [WARN]: User not logged in
(VSCode) 2025-11-17 12:26:25.027 [WARN]: User not logged in
(VSCode) 2025-11-17 12:26:25.427 [WARN]: User not logged in
(VSCode) 2025-11-17 12:26:25.581 [WARN]: User not logged in
(VSCode) 2025-11-17 12:26:27.729 [WARN]: User not logged in
(VSCode) 2025-11-17 12:26:34.993 [WARN]: User not logged in
(VSCode) 2025-11-17 12:26:38.346 [WARN]: User not logged in
(VSCode) 2025-11-17 12:27:00.558 [WARN]: User not logged in
(VSCode) 2025-11-17 12:27:15.830 [WARN]: User not logged in
(VSCode) 2025-11-17 12:27:18.159 [WARN]: User not logged in
(VSCode) 2025-11-17 12:27:20.729 [WARN]: User not logged in
(VSCode) 2025-11-17 12:27:21.098 [WARN]: User not logged in
(VSCode) 2025-11-17 12:27:22.569 [WARN]: User not logged in
(VSCode) 2025-11-17 12:27:23.990 [WARN]: User not logged in
(VSCode) 2025-11-17 12:27:25.120 [WARN]: User not logged in
(VSCode) 2025-11-17 12:27:46.533 [WARN]: User not logged in
(VSCode) 2025-11-17 12:28:01.645 [WARN]: User not logged in
(VSCode) 2025-11-17 12:28:39.906 [WARN]: User not logged in
(VSCode) 2025-11-17 12:28:40.622 [WARN]: User not logged in
(VSCode) 2025-11-17 12:28:51.220 [WARN]: User not logged in
(VSCode) 2025-11-17 12:29:23.190 [WARN]: User not logged in
(VSCode) 2025-11-17 12:29:23.871 [WARN]: User not logged in
(VSCode) 2025-11-17 12:29:37.616 [WARN]: User not logged in
(VSCode) 2025-11-17 12:29:38.933 [WARN]: User not logged in
(VSCode) 2025-11-17 12:29:39.326 [WARN]: User not logged in
(VSCode) 2025-11-17 12:29:39.461 [WARN]: User not logged in
(VSCode) 2025-11-17 12:29:39.825 [WARN]: User not logged in
(VSCode) 2025-11-17 12:29:40.455 [WARN]: User not logged in
(VSCode) 2025-11-17 12:29:40.580 [WARN]: User not logged in
(VSCode) 2025-11-17 12:29:40.757 [WARN]: User not logged in
(VSCode) 2025-11-17 12:29:41.146 [WARN]: User not logged in
(VSCode) 2025-11-17 12:29:41.290 [WARN]: User not logged in
(VSCode) 2025-11-17 12:29:41.862 [WARN]: User not logged in
(VSCode) 2025-11-17 12:29:42.006 [WARN]: User not logged in
(VSCode) 2025-11-17 12:29:42.149 [WARN]: User not logged in
(VSCode) 2025-11-17 12:29:42.899 [WARN]: User not logged in
(VSCode) 2025-11-17 12:29:43.691 [WARN]: User not logged in
(VSCode) 2025-11-17 12:29:43.793 [WARN]: User not logged in
(VSCode) 2025-11-17 12:29:43.893 [WARN]: User not logged in
(VSCode) 2025-11-17 12:29:44.426 [WARN]: User not logged in
(VSCode) 2025-11-17 12:29:44.577 [WARN]: User not logged in
(VSCode) 2025-11-17 12:29:45.216 [WARN]: User not logged in
(VSCode) 2025-11-17 12:29:45.426 [WARN]: User not logged in
(VSCode) 2025-11-17 12:29:45.586 [WARN]: User not logged in
(VSCode) 2025-11-17 12:29:46.125 [WARN]: User not logged in
(VSCode) 2025-11-17 12:29:46.269 [WARN]: User not logged in
(VSCode) 2025-11-17 12:29:46.412 [WARN]: User not logged in
(VSCode) 2025-11-17 12:29:48.226 [WARN]: User not logged in
(VSCode) 2025-11-17 12:29:50.102 [WARN]: User not logged in
(VSCode) 2025-11-17 12:29:50.262 [WARN]: User not logged in
(VSCode) 2025-11-17 12:29:50.470 [WARN]: User not logged in
(VSCode) 2025-11-17 12:29:50.740 [WARN]: User not logged in
(VSCode) 2025-11-17 12:29:53.820 [WARN]: User not logged in
(VSCode) 2025-11-17 12:29:55.705 [WARN]: User not logged in
(VSCode) 2025-11-17 12:29:56.835 [WARN]: User not logged in
(VSCode) 2025-11-17 12:29:56.985 [WARN]: User not logged in
(VSCode) 2025-11-17 12:29:57.136 [WARN]: User not logged in
(VSCode) 2025-11-17 12:29:58.089 [WARN]: User not logged in
(VSCode) 2025-11-17 12:29:58.317 [WARN]: User not logged in
(VSCode) 2025-11-17 12:29:58.819 [WARN]: User not logged in
(VSCode) 2025-11-17 12:29:59.073 [WARN]: User not logged in
(VSCode) 2025-11-17 12:29:59.324 [WARN]: User not logged in
(VSCode) 2025-11-17 12:29:59.513 [WARN]: User not logged in
(VSCode) 2025-11-17 12:30:00.068 [WARN]: User not logged in
(VSCode) 2025-11-17 12:30:00.210 [WARN]: User not logged in
(VSCode) 2025-11-17 12:30:00.429 [WARN]: User not logged in
(VSCode) 2025-11-17 12:30:00.551 [WARN]: User not logged in
(VSCode) 2025-11-17 12:30:01.533 [WARN]: User not logged in
(VSCode) 2025-11-17 12:30:01.667 [WARN]: User not logged in
(VSCode) 2025-11-17 12:30:01.904 [WARN]: User not logged in
(VSCode) 2025-11-17 12:30:02.023 [WARN]: User not logged in
(VSCode) 2025-11-17 12:30:02.860 [WARN]: User not logged in
(VSCode) 2025-11-17 12:30:05.923 [WARN]: User not logged in
(VSCode) 2025-11-17 12:30:08.039 [WARN]: User not logged in
(VSCode) 2025-11-17 12:30:09.001 [WARN]: User not logged in
(VSCode) 2025-11-17 12:30:09.368 [WARN]: User not logged in
(VSCode) 2025-11-17 12:30:10.606 [WARN]: User not logged in
(VSCode) 2025-11-17 12:30:13.257 [WARN]: User not logged in
(VSCode) 2025-11-17 12:30:19.988 [WARN]: User not logged in
(VSCode) 2025-11-17 12:30:27.249 [WARN]: User not logged in
(VSCode) 2025-11-17 12:30:27.408 [WARN]: User not logged in
(VSCode) 2025-11-17 12:30:27.769 [WARN]: User not logged in
(VSCode) 2025-11-17 12:30:28.760 [WARN]: User not logged in
(VSCode) 2025-11-17 12:30:28.965 [WARN]: User not logged in
(VSCode) 2025-11-17 12:30:29.177 [WARN]: User not logged in
(VSCode) 2025-11-17 12:30:29.353 [WARN]: User not logged in
(VSCode) 2025-11-17 12:30:29.994 [WARN]: User not logged in
(VSCode) 2025-11-17 12:30:30.082 [WARN]: User not logged in
(VSCode) 2025-11-17 12:30:31.647 [WARN]: User not logged in
(VSCode) 2025-11-17 12:30:31.839 [WARN]: User not logged in
(VSCode) 2025-11-17 12:30:32.168 [WARN]: User not logged in
(VSCode) 2025-11-17 12:30:32.465 [WARN]: User not logged in
(VSCode) 2025-11-17 12:30:32.979 [WARN]: User not logged in
(VSCode) 2025-11-17 12:30:33.205 [WARN]: User not logged in
(VSCode) 2025-11-17 12:30:33.845 [WARN]: User not logged in
(VSCode) 2025-11-17 12:30:33.987 [WARN]: User not logged in
(VSCode) 2025-11-17 12:30:34.384 [WARN]: User not logged in
(VSCode) 2025-11-17 12:30:36.356 [WARN]: User not logged in
(VSCode) 2025-11-17 12:30:36.522 [WARN]: User not logged in
(VSCode) 2025-11-17 12:30:36.791 [WARN]: User not logged in
(VSCode) 2025-11-17 12:30:36.978 [WARN]: User not logged in
(VSCode) 2025-11-17 12:30:38.083 [WARN]: User not logged in
(VSCode) 2025-11-17 12:30:39.758 [WARN]: User not logged in
(VSCode) 2025-11-17 12:30:39.920 [WARN]: User not logged in
(VSCode) 2025-11-17 12:30:41.814 [WARN]: User not logged in
(VSCode) 2025-11-17 12:30:41.973 [WARN]: User not logged in
(VSCode) 2025-11-17 12:30:43.991 [WARN]: User not logged in
(VSCode) 2025-11-17 12:30:44.414 [WARN]: User not logged in
(VSCode) 2025-11-17 12:30:44.713 [WARN]: User not logged in
(VSCode) 2025-11-17 12:30:45.328 [WARN]: User not logged in
(VSCode) 2025-11-17 12:30:45.498 [WARN]: User not logged in
(VSCode) 2025-11-17 12:30:45.952 [WARN]: User not logged in
(VSCode) 2025-11-17 12:30:46.752 [WARN]: User not logged in
(VSCode) 2025-11-17 12:30:47.317 [WARN]: User not logged in
(VSCode) 2025-11-17 12:30:47.444 [WARN]: User not logged in
(VSCode) 2025-11-17 12:30:47.629 [WARN]: User not logged in
(VSCode) 2025-11-17 12:30:48.563 [WARN]: User not logged in
(VSCode) 2025-11-17 12:30:48.690 [WARN]: User not logged in
(VSCode) 2025-11-17 12:30:52.432 [WARN]: User not logged in
(VSCode) 2025-11-17 12:30:54.270 [WARN]: User not logged in
(VSCode) 2025-11-17 12:30:54.900 [WARN]: User not logged in
(VSCode) 2025-11-17 12:30:54.994 [WARN]: User not logged in
(VSCode) 2025-11-17 12:30:56.426 [WARN]: User not logged in
(VSCode) 2025-11-17 12:30:57.194 [WARN]: User not logged in
(VSCode) 2025-11-17 12:30:59.141 [WARN]: User not logged in
(VSCode) 2025-11-17 12:30:59.301 [WARN]: User not logged in
(VSCode) 2025-11-17 12:31:02.713 [WARN]: User not logged in
(VSCode) 2025-11-17 12:31:03.496 [WARN]: User not logged in
(VSCode) 2025-11-17 12:31:03.808 [WARN]: User not logged in
(VSCode) 2025-11-17 12:31:03.993 [WARN]: User not logged in
(VSCode) 2025-11-17 12:31:21.064 [WARN]: User not logged in
(VSCode) 2025-11-17 12:31:22.684 [WARN]: User not logged in
(VSCode) 2025-11-17 12:31:25.887 [WARN]: User not logged in
(VSCode) 2025-11-17 12:31:26.505 [WARN]: User not logged in
(VSCode) 2025-11-17 12:31:27.114 [WARN]: User not logged in
(VSCode) 2025-11-17 12:31:27.283 [WARN]: User not logged in
(VSCode) 2025-11-17 12:31:27.901 [WARN]: User not logged in
(VSCode) 2025-11-17 12:31:28.714 [WARN]: User not logged in
(VSCode) 2025-11-17 12:31:29.068 [WARN]: User not logged in
(VSCode) 2025-11-17 12:31:29.828 [WARN]: User not logged in
(VSCode) 2025-11-17 12:31:30.349 [WARN]: User not logged in
(VSCode) 2025-11-17 12:31:31.266 [WARN]: User not logged in
(VSCode) 2025-11-17 12:31:32.026 [WARN]: User not logged in
(VSCode) 2025-11-17 12:31:32.178 [WARN]: User not logged in
(VSCode) 2025-11-17 12:31:32.978 [WARN]: User not logged in
(VSCode) 2025-11-17 12:31:33.128 [WARN]: User not logged in
(VSCode) 2025-11-17 12:31:33.398 [WARN]: User not logged in
(VSCode) 2025-11-17 12:31:37.098 [WARN]: User not logged in
(VSCode) 2025-11-17 12:31:37.710 [WARN]: User not logged in
(VSCode) 2025-11-17 12:31:37.896 [WARN]: User not logged in
(VSCode) 2025-11-17 12:31:38.150 [WARN]: User not logged in
(VSCode) 2025-11-17 12:31:39.624 [WARN]: User not logged in
(VSCode) 2025-11-17 12:31:40.594 [WARN]: User not logged in
(VSCode) 2025-11-17 12:31:40.711 [WARN]: User not logged in
(VSCode) 2025-11-17 12:31:40.812 [WARN]: User not logged in
(VSCode) 2025-11-17 12:31:41.049 [WARN]: User not logged in
(VSCode) 2025-11-17 12:31:44.101 [WARN]: User not logged in
(VSCode) 2025-11-17 12:31:44.961 [WARN]: User not logged in
(VSCode) 2025-11-17 12:31:45.599 [WARN]: User not logged in
(VSCode) 2025-11-17 12:31:45.769 [WARN]: User not logged in
(VSCode) 2025-11-17 12:31:46.155 [WARN]: User not logged in
(VSCode) 2025-11-17 12:31:46.620 [WARN]: User not logged in
(VSCode) 2025-11-17 12:31:46.872 [WARN]: User not logged in
(VSCode) 2025-11-17 12:31:47.192 [WARN]: User not logged in
(VSCode) 2025-11-17 12:31:47.418 [WARN]: User not logged in
(VSCode) 2025-11-17 12:31:47.663 [WARN]: User not logged in
(VSCode) 2025-11-17 12:32:11.397 [WARN]: User not logged in
(VSCode) 2025-11-17 12:32:13.659 [WARN]: User not logged in
(VSCode) 2025-11-17 12:32:13.814 [WARN]: User not logged in
(VSCode) 2025-11-17 12:32:14.233 [WARN]: User not logged in
(VSCode) 2025-11-17 12:32:14.376 [WARN]: User not logged in
(VSCode) 2025-11-17 12:32:16.215 [WARN]: User not logged in
(VSCode) 2025-11-17 12:32:17.021 [WARN]: User not logged in
(VSCode) 2025-11-17 12:32:17.157 [WARN]: User not logged in
(VSCode) 2025-11-17 12:32:17.350 [WARN]: User not logged in
(VSCode) 2025-11-17 12:32:17.646 [WARN]: User not logged in
(VSCode) 2025-11-17 12:32:17.947 [WARN]: User not logged in
(VSCode) 2025-11-17 12:32:18.680 [WARN]: User not logged in
(VSCode) 2025-11-17 12:32:18.942 [WARN]: User not logged in
(VSCode) 2025-11-17 12:32:19.264 [WARN]: User not logged in
(VSCode) 2025-11-17 12:32:20.225 [WARN]: User not logged in
(VSCode) 2025-11-17 12:32:20.848 [WARN]: User not logged in
(VSCode) 2025-11-17 12:32:22.925 [WARN]: User not logged in
(VSCode) 2025-11-17 12:32:23.023 [WARN]: User not logged in
(VSCode) 2025-11-17 12:32:25.215 [WARN]: User not logged in
(VSCode) 2025-11-17 12:32:26.142 [WARN]: User not logged in
(VSCode) 2025-11-17 12:32:26.470 [WARN]: User not logged in
(VSCode) 2025-11-17 12:32:27.320 [WARN]: User not logged in
(VSCode) 2025-11-17 12:32:27.495 [WARN]: User not logged in
(VSCode) 2025-11-17 12:32:27.673 [WARN]: User not logged in
(VSCode) 2025-11-17 12:32:29.084 [WARN]: User not logged in
(VSCode) 2025-11-17 12:32:29.603 [WARN]: User not logged in
(VSCode) 2025-11-17 12:32:29.780 [WARN]: User not logged in
(VSCode) 2025-11-17 12:32:29.940 [WARN]: User not logged in
(VSCode) 2025-11-17 12:32:31.274 [WARN]: User not logged in
(VSCode) 2025-11-17 12:32:31.472 [WARN]: User not logged in
(VSCode) 2025-11-17 12:32:32.301 [WARN]: User not logged in
(VSCode) 2025-11-17 12:32:32.386 [WARN]: User not logged in
(VSCode) 2025-11-17 12:32:33.388 [WARN]: User not logged in
(VSCode) 2025-11-17 12:32:33.794 [WARN]: User not logged in
(VSCode) 2025-11-17 12:32:34.132 [WARN]: User not logged in
(VSCode) 2025-11-17 12:32:37.303 [WARN]: User not logged in
(VSCode) 2025-11-17 12:32:37.640 [WARN]: User not logged in
(VSCode) 2025-11-17 12:32:37.885 [WARN]: User not logged in
(VSCode) 2025-11-17 12:32:40.044 [WARN]: User not logged in
(VSCode) 2025-11-17 12:32:41.156 [WARN]: User not logged in
(VSCode) 2025-11-17 12:32:41.313 [WARN]: User not logged in
(VSCode) 2025-11-17 12:32:42.042 [WARN]: User not logged in
(VSCode) 2025-11-17 12:32:42.252 [WARN]: User not logged in
(VSCode) 2025-11-17 12:32:43.109 [WARN]: User not logged in
(VSCode) 2025-11-17 12:32:43.463 [WARN]: User not logged in
(VSCode) 2025-11-17 12:32:43.700 [WARN]: User not logged in
(VSCode) 2025-11-17 12:32:43.910 [WARN]: User not logged in
(VSCode) 2025-11-17 12:32:44.296 [WARN]: User not logged in
(VSCode) 2025-11-17 12:32:45.207 [WARN]: User not logged in
(VSCode) 2025-11-17 12:32:45.324 [WARN]: User not logged in
(VSCode) 2025-11-17 12:32:46.117 [WARN]: User not logged in
(VSCode) 2025-11-17 12:32:46.260 [WARN]: User not logged in
(VSCode) 2025-11-17 12:32:46.393 [WARN]: User not logged in
(VSCode) 2025-11-17 12:32:46.797 [WARN]: User not logged in
(VSCode) 2025-11-17 12:32:47.743 [WARN]: User not logged in
(VSCode) 2025-11-17 12:32:48.081 [WARN]: User not logged in
(VSCode) 2025-11-17 12:32:49.058 [WARN]: User not logged in
(VSCode) 2025-11-17 12:32:49.167 [WARN]: User not logged in
(VSCode) 2025-11-17 12:33:19.215 [WARN]: User not logged in
(VSCode) 2025-11-17 12:33:26.117 [WARN]: User not logged in
(VSCode) 2025-11-17 12:33:26.677 [WARN]: User not logged in
(VSCode) 2025-11-17 12:33:27.445 [WARN]: User not logged in
(VSCode) 2025-11-17 12:33:27.648 [WARN]: User not logged in
(VSCode) 2025-11-17 12:33:28.031 [WARN]: User not logged in
(VSCode) 2025-11-17 12:33:28.242 [WARN]: User not logged in
(VSCode) 2025-11-17 12:33:42.455 [WARN]: User not logged in
(VSCode) 2025-11-17 12:33:44.239 [WARN]: User not logged in
(VSCode) 2025-11-17 12:33:44.756 [WARN]: User not logged in
(VSCode) 2025-11-17 12:33:44.872 [WARN]: User not logged in
(VSCode) 2025-11-17 12:33:45.413 [WARN]: User not logged in
(VSCode) 2025-11-17 12:33:45.503 [WARN]: User not logged in
(VSCode) 2025-11-17 12:33:46.792 [WARN]: User not logged in
(VSCode) 2025-11-17 12:33:48.875 [WARN]: User not logged in
(VSCode) 2025-11-17 12:33:49.091 [WARN]: User not logged in
(VSCode) 2025-11-17 12:33:49.849 [WARN]: User not logged in
(VSCode) 2025-11-17 12:33:50.034 [WARN]: User not logged in
(VSCode) 2025-11-17 12:33:50.253 [WARN]: User not logged in
(VSCode) 2025-11-17 12:33:50.481 [WARN]: User not logged in
(VSCode) 2025-11-17 12:33:50.929 [WARN]: User not logged in
(VSCode) 2025-11-17 12:33:51.105 [WARN]: User not logged in
(VSCode) 2025-11-17 12:33:53.526 [WARN]: User not logged in
(VSCode) 2025-11-17 12:33:54.191 [WARN]: User not logged in
(VSCode) 2025-11-17 12:33:54.789 [WARN]: User not logged in
(VSCode) 2025-11-17 12:33:55.276 [WARN]: User not logged in
(VSCode) 2025-11-17 12:33:55.452 [WARN]: User not logged in
(VSCode) 2025-11-17 12:33:55.646 [WARN]: User not logged in
(VSCode) 2025-11-17 12:33:56.677 [WARN]: User not logged in
(VSCode) 2025-11-17 12:33:56.894 [WARN]: User not logged in
(VSCode) 2025-11-17 12:33:57.308 [WARN]: User not logged in
(VSCode) 2025-11-17 12:33:58.023 [WARN]: User not logged in
(VSCode) 2025-11-17 12:33:58.232 [WARN]: User not logged in
(VSCode) 2025-11-17 12:33:58.675 [WARN]: User not logged in
(VSCode) 2025-11-17 12:33:58.765 [WARN]: User not logged in
(VSCode) 2025-11-17 12:33:59.192 [WARN]: User not logged in
(VSCode) 2025-11-17 12:33:59.377 [WARN]: User not logged in
(VSCode) 2025-11-17 12:33:59.530 [WARN]: User not logged in
(VSCode) 2025-11-17 12:34:00.187 [WARN]: User not logged in
(VSCode) 2025-11-17 12:34:02.439 [WARN]: User not logged in
(VSCode) 2025-11-17 12:34:04.629 [WARN]: User not logged in
(VSCode) 2025-11-17 12:34:05.311 [WARN]: User not logged in
(VSCode) 2025-11-17 12:34:07.201 [WARN]: User not logged in
(VSCode) 2025-11-17 12:34:08.626 [WARN]: User not logged in
(VSCode) 2025-11-17 12:34:09.366 [WARN]: User not logged in
(VSCode) 2025-11-17 12:34:09.949 [WARN]: User not logged in
(VSCode) 2025-11-17 12:34:10.152 [WARN]: User not logged in
(VSCode) 2025-11-17 12:34:11.433 [WARN]: User not logged in
(VSCode) 2025-11-17 12:34:13.109 [WARN]: User not logged in
(VSCode) 2025-11-17 12:34:13.453 [WARN]: User not logged in
(VSCode) 2025-11-17 12:34:16.580 [WARN]: User not logged in
(VSCode) 2025-11-17 12:34:16.746 [WARN]: User not logged in
(VSCode) 2025-11-17 12:34:16.991 [WARN]: User not logged in
(VSCode) 2025-11-17 12:34:17.311 [WARN]: User not logged in
(VSCode) 2025-11-17 12:34:17.910 [WARN]: User not logged in
(VSCode) 2025-11-17 12:34:18.110 [WARN]: User not logged in
(VSCode) 2025-11-17 12:34:19.134 [WARN]: User not logged in
(VSCode) 2025-11-17 12:34:19.899 [WARN]: User not logged in
(VSCode) 2025-11-17 12:34:25.343 [WARN]: User not logged in
(VSCode) 2025-11-17 12:34:27.980 [WARN]: User not logged in
(VSCode) 2025-11-17 12:34:29.499 [WARN]: User not logged in
(VSCode) 2025-11-17 12:34:33.622 [WARN]: User not logged in
(VSCode) 2025-11-17 12:34:35.179 [WARN]: User not logged in
(VSCode) 2025-11-17 12:34:36.346 [WARN]: User not logged in
(VSCode) 2025-11-17 12:34:42.270 [WARN]: User not logged in
(VSCode) 2025-11-17 12:34:42.663 [WARN]: User not logged in
(VSCode) 2025-11-17 12:34:43.297 [WARN]: User not logged in
(VSCode) 2025-11-17 12:34:43.431 [WARN]: User not logged in
(VSCode) 2025-11-17 12:34:43.624 [WARN]: User not logged in
(VSCode) 2025-11-17 12:34:44.153 [WARN]: User not logged in
(VSCode) 2025-11-17 12:34:45.347 [WARN]: User not logged in
(VSCode) 2025-11-17 12:34:46.321 [WARN]: User not logged in
(VSCode) 2025-11-17 12:34:46.487 [WARN]: User not logged in
(VSCode) 2025-11-17 12:34:47.303 [WARN]: User not logged in
(VSCode) 2025-11-17 12:34:47.607 [WARN]: User not logged in
(VSCode) 2025-11-17 12:34:47.843 [WARN]: User not logged in
(VSCode) 2025-11-17 12:34:48.745 [WARN]: User not logged in
(VSCode) 2025-11-17 12:34:50.170 [WARN]: User not logged in
(VSCode) 2025-11-17 12:34:50.343 [WARN]: User not logged in
(VSCode) 2025-11-17 12:34:50.511 [WARN]: User not logged in
(VSCode) 2025-11-17 12:34:51.273 [WARN]: User not logged in
(VSCode) 2025-11-17 12:34:53.657 [WARN]: User not logged in
(VSCode) 2025-11-17 12:34:54.686 [WARN]: User not logged in
(VSCode) 2025-11-17 12:34:54.937 [WARN]: User not logged in
(VSCode) 2025-11-17 12:34:58.127 [WARN]: User not logged in
(VSCode) 2025-11-17 12:34:59.002 [WARN]: User not logged in
(VSCode) 2025-11-17 12:35:00.494 [WARN]: User not logged in
(VSCode) 2025-11-17 12:35:01.207 [WARN]: User not logged in
(VSCode) 2025-11-17 12:35:01.378 [WARN]: User not logged in
(VSCode) 2025-11-17 12:35:01.689 [WARN]: User not logged in
(VSCode) 2025-11-17 12:35:01.917 [WARN]: User not logged in
(VSCode) 2025-11-17 12:35:04.645 [WARN]: User not logged in
(VSCode) 2025-11-17 12:35:06.435 [WARN]: User not logged in
(VSCode) 2025-11-17 12:35:19.481 [WARN]: User not logged in
(VSCode) 2025-11-17 12:35:21.896 [WARN]: User not logged in
(VSCode) 2025-11-17 12:35:24.271 [WARN]: User not logged in
(VSCode) 2025-11-17 12:35:25.695 [WARN]: User not logged in
(VSCode) 2025-11-17 12:35:27.549 [WARN]: User not logged in
(VSCode) 2025-11-17 12:35:28.795 [WARN]: User not logged in
(VSCode) 2025-11-17 12:35:29.901 [WARN]: User not logged in
(VSCode) 2025-11-17 12:35:32.523 [WARN]: User not logged in
(VSCode) 2025-11-17 12:35:33.050 [WARN]: User not logged in
(VSCode) 2025-11-17 12:35:35.001 [WARN]: User not logged in
(VSCode) 2025-11-17 12:35:35.261 [WARN]: User not logged in
(VSCode) 2025-11-17 12:35:36.904 [WARN]: User not logged in
(VSCode) 2025-11-17 12:35:37.149 [WARN]: User not logged in
(VSCode) 2025-11-17 12:35:37.829 [WARN]: User not logged in
(VSCode) 2025-11-17 12:35:38.007 [WARN]: User not logged in
(VSCode) 2025-11-17 12:35:38.394 [WARN]: User not logged in
(VSCode) 2025-11-17 12:35:38.612 [WARN]: User not logged in
(VSCode) 2025-11-17 12:35:40.602 [WARN]: User not logged in
(VSCode) 2025-11-17 12:35:40.895 [WARN]: User not logged in
(VSCode) 2025-11-17 12:35:42.296 [WARN]: User not logged in
(VSCode) 2025-11-17 12:35:42.564 [WARN]: User not logged in
(VSCode) 2025-11-17 12:35:43.333 [WARN]: User not logged in
(VSCode) 2025-11-17 12:35:44.275 [WARN]: User not logged in
(VSCode) 2025-11-17 12:35:44.512 [WARN]: User not logged in
(VSCode) 2025-11-17 12:35:44.821 [WARN]: User not logged in
(VSCode) 2025-11-17 12:35:45.166 [WARN]: User not logged in
(VSCode) 2025-11-17 12:35:47.081 [WARN]: User not logged in
(VSCode) 2025-11-17 12:35:54.658 [WARN]: User not logged in
(VSCode) 2025-11-17 12:35:56.820 [WARN]: User not logged in
(VSCode) 2025-11-17 12:36:01.742 [WARN]: User not logged in
(VSCode) 2025-11-17 12:36:02.197 [WARN]: User not logged in
(VSCode) 2025-11-17 12:36:03.893 [WARN]: User not logged in
(VSCode) 2025-11-17 12:36:04.118 [WARN]: User not logged in
(VSCode) 2025-11-17 12:36:05.088 [WARN]: User not logged in
(VSCode) 2025-11-17 12:36:05.291 [WARN]: User not logged in
(VSCode) 2025-11-17 12:36:05.888 [WARN]: User not logged in
(VSCode) 2025-11-17 12:36:06.046 [WARN]: User not logged in
(VSCode) 2025-11-17 12:36:06.375 [WARN]: User not logged in
(VSCode) 2025-11-17 12:36:06.719 [WARN]: User not logged in
(VSCode) 2025-11-17 12:36:07.894 [WARN]: User not logged in
(VSCode) 2025-11-17 12:36:12.947 [WARN]: User not logged in
(VSCode) 2025-11-17 12:36:14.127 [WARN]: User not logged in
(VSCode) 2025-11-17 12:36:14.437 [WARN]: User not logged in
(VSCode) 2025-11-17 12:36:14.912 [WARN]: User not logged in
(VSCode) 2025-11-17 12:36:16.009 [WARN]: User not logged in
(VSCode) 2025-11-17 12:36:16.141 [WARN]: User not logged in
(VSCode) 2025-11-17 12:36:30.069 [WARN]: User not logged in
(VSCode) 2025-11-17 12:36:30.245 [WARN]: User not logged in
(VSCode) 2025-11-17 12:36:30.546 [WARN]: User not logged in
(VSCode) 2025-11-17 12:36:30.733 [WARN]: User not logged in
(VSCode) 2025-11-17 12:36:31.360 [WARN]: User not logged in
(VSCode) 2025-11-17 12:36:31.701 [WARN]: User not logged in
(VSCode) 2025-11-17 12:36:32.774 [WARN]: User not logged in
(VSCode) 2025-11-17 12:36:34.336 [WARN]: User not logged in
(VSCode) 2025-11-17 12:36:35.138 [WARN]: User not logged in
(VSCode) 2025-11-17 12:36:35.307 [WARN]: User not logged in
(VSCode) 2025-11-17 12:36:36.127 [WARN]: User not logged in
(VSCode) 2025-11-17 12:36:37.027 [WARN]: User not logged in
(VSCode) 2025-11-17 12:36:37.220 [WARN]: User not logged in
(VSCode) 2025-11-17 12:36:37.633 [WARN]: User not logged in
(VSCode) 2025-11-17 12:36:37.777 [WARN]: User not logged in
(VSCode) 2025-11-17 12:36:57.527 [WARN]: User not logged in
(VSCode) 2025-11-17 12:36:57.759 [WARN]: User not logged in
(VSCode) 2025-11-17 12:36:57.884 [WARN]: User not logged in
(VSCode) 2025-11-17 12:36:58.104 [WARN]: User not logged in
(VSCode) 2025-11-17 12:36:58.264 [WARN]: User not logged in
(VSCode) 2025-11-17 12:37:00.289 [WARN]: User not logged in
(VSCode) 2025-11-17 12:37:00.531 [WARN]: User not logged in
(VSCode) 2025-11-17 12:37:01.258 [WARN]: User not logged in
(VSCode) 2025-11-17 12:37:01.608 [WARN]: User not logged in
(VSCode) 2025-11-17 12:37:03.723 [WARN]: User not logged in
(VSCode) 2025-11-17 12:37:03.950 [WARN]: User not logged in
(VSCode) 2025-11-17 12:37:04.328 [WARN]: User not logged in
(VSCode) 2025-11-17 12:37:04.580 [WARN]: User not logged in
(VSCode) 2025-11-17 12:37:04.842 [WARN]: User not logged in
(VSCode) 2025-11-17 12:37:05.770 [WARN]: User not logged in
(VSCode) 2025-11-17 12:37:07.462 [WARN]: User not logged in
(VSCode) 2025-11-17 12:37:07.655 [WARN]: User not logged in
(VSCode) 2025-11-17 12:37:07.883 [WARN]: User not logged in
(VSCode) 2025-11-17 12:37:08.851 [WARN]: User not logged in
(VSCode) 2025-11-17 12:37:09.383 [WARN]: User not logged in
(VSCode) 2025-11-17 12:37:09.796 [WARN]: User not logged in
(VSCode) 2025-11-17 12:37:11.446 [WARN]: User not logged in
(VSCode) 2025-11-17 12:37:11.623 [WARN]: User not logged in
(VSCode) 2025-11-17 12:37:11.858 [WARN]: User not logged in
(VSCode) 2025-11-17 12:37:12.009 [WARN]: User not logged in
(VSCode) 2025-11-17 12:37:12.406 [WARN]: User not logged in
(VSCode) 2025-11-17 12:37:12.535 [WARN]: User not logged in
(VSCode) 2025-11-17 12:37:12.895 [WARN]: User not logged in
(VSCode) 2025-11-17 12:37:13.190 [WARN]: User not logged in
(VSCode) 2025-11-17 12:37:13.359 [WARN]: User not logged in
(VSCode) 2025-11-17 12:37:13.493 [WARN]: User not logged in
(VSCode) 2025-11-17 12:37:13.678 [WARN]: User not logged in
(VSCode) 2025-11-17 12:37:15.795 [WARN]: User not logged in
(VSCode) 2025-11-17 12:37:16.475 [WARN]: User not logged in
(VSCode) 2025-11-17 12:37:16.569 [WARN]: User not logged in
(VSCode) 2025-11-17 12:37:16.796 [WARN]: User not logged in
(VSCode) 2025-11-17 12:37:19.005 [WARN]: User not logged in
(VSCode) 2025-11-17 12:37:20.808 [WARN]: User not logged in
(VSCode) 2025-11-17 12:37:22.806 [WARN]: User not logged in
(VSCode) 2025-11-17 12:37:23.117 [WARN]: User not logged in
(VSCode) 2025-11-17 12:37:23.360 [WARN]: User not logged in
(VSCode) 2025-11-17 12:37:23.545 [WARN]: User not logged in
(VSCode) 2025-11-17 12:37:26.715 [WARN]: User not logged in
(VSCode) 2025-11-17 12:37:27.127 [WARN]: User not logged in
(VSCode) 2025-11-17 12:37:27.457 [WARN]: User not logged in
(VSCode) 2025-11-17 12:37:29.791 [WARN]: User not logged in
(VSCode) 2025-11-17 12:37:30.430 [WARN]: User not logged in
(VSCode) 2025-11-17 12:37:31.071 [WARN]: User not logged in
(VSCode) 2025-11-17 12:37:31.197 [WARN]: User not logged in
(VSCode) 2025-11-17 12:37:32.597 [WARN]: User not logged in
(VSCode) 2025-11-17 12:37:33.465 [WARN]: User not logged in
(VSCode) 2025-11-17 12:37:33.901 [WARN]: User not logged in
(VSCode) 2025-11-17 12:37:34.112 [WARN]: User not logged in
(VSCode) 2025-11-17 12:37:49.551 [WARN]: User not logged in
(VSCode) 2025-11-17 12:37:50.121 [WARN]: User not logged in
(VSCode) 2025-11-17 12:37:53.085 [WARN]: User not logged in
(VSCode) 2025-11-17 12:37:55.389 [WARN]: User not logged in
(VSCode) 2025-11-17 12:37:55.504 [WARN]: User not logged in
(VSCode) 2025-11-17 12:37:55.561 [WARN]: User not logged in
(VSCode) 2025-11-17 12:37:56.380 [WARN]: User not logged in
(VSCode) 2025-11-17 12:37:56.531 [WARN]: User not logged in
(VSCode) 2025-11-17 12:37:58.404 [WARN]: User not logged in
(VSCode) 2025-11-17 12:37:58.546 [WARN]: User not logged in
(VSCode) 2025-11-17 12:37:59.237 [WARN]: User not logged in
(VSCode) 2025-11-17 12:37:59.412 [WARN]: User not logged in
(VSCode) 2025-11-17 12:38:03.279 [WARN]: User not logged in
(VSCode) 2025-11-17 12:38:03.702 [WARN]: User not logged in
(VSCode) 2025-11-17 12:38:05.260 [WARN]: User not logged in
(VSCode) 2025-11-17 12:38:06.381 [WARN]: User not logged in
(VSCode) 2025-11-17 12:38:07.127 [WARN]: User not logged in
(VSCode) 2025-11-17 12:38:08.782 [WARN]: User not logged in
(VSCode) 2025-11-17 12:38:11.726 [WARN]: User not logged in
(VSCode) 2025-11-17 12:38:32.695 [WARN]: User not logged in
(VSCode) 2025-11-17 12:38:34.465 [WARN]: User not logged in
(VSCode) 2025-11-17 12:38:34.902 [WARN]: User not logged in
(VSCode) 2025-11-17 12:38:35.019 [WARN]: User not logged in
(VSCode) 2025-11-17 12:38:35.172 [WARN]: User not logged in
(VSCode) 2025-11-17 12:38:35.392 [WARN]: User not logged in
(VSCode) 2025-11-17 12:38:38.376 [WARN]: User not logged in
(VSCode) 2025-11-17 12:38:38.559 [WARN]: User not logged in
(VSCode) 2025-11-17 12:38:38.855 [WARN]: User not logged in
(VSCode) 2025-11-17 12:38:38.980 [WARN]: User not logged in
(VSCode) 2025-11-17 12:38:39.166 [WARN]: User not logged in
(VSCode) 2025-11-17 12:38:39.509 [WARN]: User not logged in
(VSCode) 2025-11-17 12:38:40.685 [WARN]: User not logged in
(VSCode) 2025-11-17 12:38:42.959 [WARN]: User not logged in
(VSCode) 2025-11-17 12:38:43.219 [WARN]: User not logged in
(VSCode) 2025-11-17 12:38:44.012 [WARN]: User not logged in
(VSCode) 2025-11-17 12:38:44.636 [WARN]: User not logged in
(VSCode) 2025-11-17 12:38:44.770 [WARN]: User not logged in
(VSCode) 2025-11-17 12:38:45.029 [WARN]: User not logged in
(VSCode) 2025-11-17 12:38:45.916 [WARN]: User not logged in
(VSCode) 2025-11-17 12:38:46.674 [WARN]: User not logged in
(VSCode) 2025-11-17 12:38:47.382 [WARN]: User not logged in
(VSCode) 2025-11-17 12:38:48.074 [WARN]: User not logged in
(VSCode) 2025-11-17 12:38:48.216 [WARN]: User not logged in
(VSCode) 2025-11-17 12:38:49.094 [WARN]: User not logged in
(VSCode) 2025-11-17 12:38:49.573 [WARN]: User not logged in
(VSCode) 2025-11-17 12:38:49.758 [WARN]: User not logged in
(VSCode) 2025-11-17 12:38:56.420 [WARN]: User not logged in
(VSCode) 2025-11-17 12:38:56.553 [WARN]: User not logged in
(VSCode) 2025-11-17 12:38:57.194 [WARN]: User not logged in
(VSCode) 2025-11-17 12:38:59.809 [WARN]: User not logged in
(VSCode) 2025-11-17 12:39:00.996 [WARN]: User not logged in
(VSCode) 2025-11-17 12:39:01.147 [WARN]: User not logged in
(VSCode) 2025-11-17 12:39:01.341 [WARN]: User not logged in
(VSCode) 2025-11-17 12:39:01.647 [WARN]: User not logged in
(VSCode) 2025-11-17 12:39:05.973 [WARN]: User not logged in
(VSCode) 2025-11-17 12:39:07.009 [WARN]: User not logged in
(VSCode) 2025-11-17 12:39:08.340 [WARN]: User not logged in
(VSCode) 2025-11-17 12:39:08.489 [WARN]: User not logged in
(VSCode) 2025-11-17 12:39:09.817 [WARN]: User not logged in
(VSCode) 2025-11-17 12:39:10.894 [WARN]: User not logged in
(VSCode) 2025-11-17 12:39:11.143 [WARN]: User not logged in
(VSCode) 2025-11-17 12:39:11.910 [WARN]: User not logged in
(VSCode) 2025-11-17 12:39:12.351 [WARN]: User not logged in
(VSCode) 2025-11-17 12:39:12.479 [WARN]: User not logged in
(VSCode) 2025-11-17 12:39:12.840 [WARN]: User not logged in
(VSCode) 2025-11-17 12:39:15.053 [WARN]: User not logged in
(VSCode) 2025-11-17 12:39:15.552 [WARN]: User not logged in
(VSCode) 2025-11-17 12:39:15.770 [WARN]: User not logged in
(VSCode) 2025-11-17 12:39:16.082 [WARN]: User not logged in
(VSCode) 2025-11-17 12:39:16.310 [WARN]: User not logged in
(VSCode) 2025-11-17 12:39:21.290 [WARN]: User not logged in
(VSCode) 2025-11-17 12:39:21.736 [WARN]: User not logged in
(VSCode) 2025-11-17 12:39:22.149 [WARN]: User not logged in
(VSCode) 2025-11-17 12:39:22.477 [WARN]: User not logged in
(VSCode) 2025-11-17 12:39:23.150 [WARN]: User not logged in
(VSCode) 2025-11-17 12:39:23.960 [WARN]: User not logged in
(VSCode) 2025-11-17 12:39:24.119 [WARN]: User not logged in
(VSCode) 2025-11-17 12:39:25.191 [WARN]: User not logged in
(VSCode) 2025-11-17 12:39:25.527 [WARN]: User not logged in
(VSCode) 2025-11-17 12:39:25.879 [WARN]: User not logged in
(VSCode) 2025-11-17 12:39:26.125 [WARN]: User not logged in
(VSCode) 2025-11-17 12:39:26.328 [WARN]: User not logged in
(VSCode) 2025-11-17 12:39:27.658 [WARN]: User not logged in
(VSCode) 2025-11-17 12:39:28.026 [WARN]: User not logged in
(VSCode) 2025-11-17 12:39:29.487 [WARN]: User not logged in
(VSCode) 2025-11-17 12:39:29.732 [WARN]: User not logged in
(VSCode) 2025-11-17 12:39:29.950 [WARN]: User not logged in
(VSCode) 2025-11-17 12:39:30.305 [WARN]: User not logged in
(VSCode) 2025-11-17 12:39:30.696 [WARN]: User not logged in
(VSCode) 2025-11-17 12:39:31.059 [WARN]: User not logged in
(VSCode) 2025-11-17 12:39:31.391 [WARN]: User not logged in
(VSCode) 2025-11-17 12:39:31.602 [WARN]: User not logged in
(VSCode) 2025-11-17 12:39:31.836 [WARN]: User not logged in
(VSCode) 2025-11-17 12:39:32.956 [WARN]: User not logged in
(VSCode) 2025-11-17 12:39:33.101 [WARN]: User not logged in
(VSCode) 2025-11-17 12:39:37.024 [WARN]: User not logged in
(VSCode) 2025-11-17 12:39:37.534 [WARN]: User not logged in
(VSCode) 2025-11-17 12:39:58.098 [WARN]: User not logged in
(VSCode) 2025-11-17 12:39:59.201 [WARN]: User not logged in
(VSCode) 2025-11-17 12:39:59.326 [WARN]: User not logged in
(VSCode) 2025-11-17 12:39:59.605 [WARN]: User not logged in
(VSCode) 2025-11-17 12:39:59.681 [WARN]: User not logged in
(VSCode) 2025-11-17 12:39:59.983 [WARN]: User not logged in
(VSCode) 2025-11-17 12:40:00.565 [WARN]: User not logged in
(VSCode) 2025-11-17 12:40:01.324 [WARN]: User not logged in
(VSCode) 2025-11-17 12:40:01.518 [WARN]: User not logged in
(VSCode) 2025-11-17 12:40:02.275 [WARN]: User not logged in
(VSCode) 2025-11-17 12:40:02.621 [WARN]: User not logged in
(VSCode) 2025-11-17 12:40:02.888 [WARN]: User not logged in
(VSCode) 2025-11-17 12:40:03.228 [WARN]: User not logged in
(VSCode) 2025-11-17 12:40:03.403 [WARN]: User not logged in
(VSCode) 2025-11-17 12:40:03.892 [WARN]: User not logged in
(VSCode) 2025-11-17 12:40:11.559 [WARN]: User not logged in
(VSCode) 2025-11-17 12:40:11.823 [WARN]: User not logged in
(VSCode) 2025-11-17 12:40:12.060 [WARN]: User not logged in
(VSCode) 2025-11-17 12:40:12.632 [WARN]: User not logged in
(VSCode) 2025-11-17 12:40:14.024 [WARN]: User not logged in
(VSCode) 2025-11-17 12:40:16.113 [WARN]: User not logged in
(VSCode) 2025-11-17 12:40:16.246 [WARN]: User not logged in
(VSCode) 2025-11-17 12:40:16.466 [WARN]: User not logged in
(VSCode) 2025-11-17 12:40:16.727 [WARN]: User not logged in
(VSCode) 2025-11-17 12:40:17.013 [WARN]: User not logged in
(VSCode) 2025-11-17 12:40:17.925 [WARN]: User not logged in
(VSCode) 2025-11-17 12:40:18.546 [WARN]: User not logged in
(VSCode) 2025-11-17 12:40:18.699 [WARN]: User not logged in
(VSCode) 2025-11-17 12:40:28.023 [INFO]: Disposing language server process
(VSCode) 2025-11-17 12:40:28.023 [INFO]: Deleting manager directory: /tmp/3acf018d-76e6-4a0c-8a14-8c43043aeda4/codeium/manager
(VSCode) 2025-11-17 12:40:28.023 [INFO]: Successfully disposed language server
W1117 12:40:28.023331  7212 main.go:142] [Language Server Manager] Got signal terminated, shutting down
I1117 12:40:28.143228  7232 server.go:1422] Exit requested on language server process 7232
I1117 12:40:28.143323  7232 server.go:1395] Language server shutting down
(VSCode) 2025-11-17 12:40:28.151 [INFO]: Language server exited with code 0
(VSCode) 2025-11-17 12:40:28.645 [ERROR]: [unavailable] connect ECONNREFUSED 127.0.0.1:46491
(VSCode) 2025-11-17 12:40:29.081 [ERROR]: [unavailable] connect ECONNREFUSED 127.0.0.1:46491
(VSCode) 2025-11-17 12:40:29.151 [ERROR]: connect ECONNREFUSED 127.0.0.1:38961
(VSCode) 2025-11-17 12:40:29.151 [ERROR]: connect ECONNREFUSED 127.0.0.1:38961
(VSCode) 2025-11-17 12:40:29.315 [ERROR]: connect ECONNREFUSED 127.0.0.1:38961
(VSCode) 2025-11-17 12:40:29.336 [ERROR]: connect ECONNREFUSED 127.0.0.1:38961
(VSCode) 2025-11-17 12:40:29.583 [ERROR]: [unavailable] connect ECONNREFUSED 127.0.0.1:46491
