Visual Studio Code (1.105.1, undefined, desktop)
Jupyter Extension Version: 2025.9.1.
Python Extension Version: 2025.18.0.
Python Environment Extension Version: 1.12.0.
Pylance Extension Version: 2025.9.1.
Platform: linux (x64).
Home = /home/peaches
Temp Storage folder ~/.config/Code/User/globalStorage/ms-toolsai.jupyter/version-2025.9.1
Workspace folder ~/mllearn/movie-recc
12:21:40.935 [warn] No interpreter with path ~/.local/share/mamba/envs/jupyter/bin/python found in Python API, will convert Uri path to string as Id ~/.local/share/mamba/envs/jupyter/bin/python
12:21:40.959 [warn] Kernel Spec for 'Conda (jupyter)' (~/.local/share/jupyter/kernels/jupyter/kernel.json) hidden, as we cannot find a matching interpreter argv = '~/.local/share/mamba/envs/jupyter/bin/python'. To resolve this, please change '~/.local/share/mamba/envs/jupyter/bin/python' to point to the fully qualified Python executable.
12:21:41.027 [info] Starting Kernel (Python Path: ~/anaconda3/bin/python, Conda, 3.13.5) for '~/mllearn/movie-recc/train.ipynb' (disableUI=true)
12:21:47.678 [info] Process Execution: ~/anaconda3/bin/python -m pip list
12:21:47.685 [info] Process Execution: ~/anaconda3/bin/python -c "import ipykernel; print(ipykernel.__version__); print("5dc3a68c-e34e-4080-9c3e-2a532b2ccb4d"); print(ipykernel.__file__)"
12:21:47.691 [info] Process Execution: ~/anaconda3/bin/python -m ipykernel_launcher --f=/run/user/1000/jupyter/runtime/kernel-v3f159868a03773c61459f7ce084de525ef1af195a.json
    > cwd: ~/mllearn/movie-recc
12:21:48.347 [info] Kernel successfully started
12:21:48.354 [info] Process Execution: ~/anaconda3/bin/python ~/.vscode/extensions/ms-toolsai.jupyter-2025.9.1-linux-x64/pythonFiles/printJupyterDataDir.py
12:21:49.093 [error] Widget Error: Failed to access CDN https://unpkg.com/ after 0 attempt(s), TypeError: Failed to fetch
12:23:09.852 [warn] Cell completed with errors [Iu [Error]: name 'moviess' is not defined
	at n.execute (~/.vscode/extensions/ms-toolsai.jupyter-2025.9.1-linux-x64/dist/extension.node.js:302:4958)] {
  ename: 'NameError',
  evalue: "name 'moviess' is not defined",
  traceback: [
    '\x1B[0;31m---------------------------------------------------------------------------\x1B[0m',
    '\x1B[0;31mNameError\x1B[0m                                 Traceback (most recent call last)',
    'Cell \x1B[0;32mIn[2], line 2\x1B[0m\n' +
      '\x1B[1;32m      1\x1B[0m movies \x1B[38;5;241m=\x1B[39m pd\x1B[38;5;241m.\x1B[39mread_csv(\x1B[38;5;124m"\x1B[39m\x1B[38;5;124mdata/tmdb_5000_movies.csv\x1B[39m\x1B[38;5;124m"\x1B[39m)\n' +
      '\x1B[0;32m----> 2\x1B[0m moviess\x1B[38;5;241m.\x1B[39mdescribe()\n',
    "\x1B[0;31mNameError\x1B[0m: name 'moviess' is not defined"
  ]
}
12:23:25.990 [info] Starting Kernel (Python Path: ~/anaconda3/bin/python, Conda, 3.13.5) for 'kernel-service9a55aafe-6801-4471-87a5-e5e00720e42e' (disableUI=false)
12:23:26.007 [error] stat() failed for "vscode-data-wrangler:kernel-service9a55aafe-6801-4471-87a5-e5e00720e42e" [Error (FileSystemError): Unable to resolve filesystem provider with relative file path 'vscode-data-wrangler:kernel-service9a55aafe-6801-4471-87a5-e5e00720e42e'
	at ws.e (file:///opt/visual-studio-code/resources/app/out/vs/workbench/api/node/extensionHostProcess.js:114:18860)
	at Object.stat (file:///opt/visual-studio-code/resources/app/out/vs/workbench/api/node/extensionHostProcess.js:114:16011)
	at async ou.exists (~/.vscode/extensions/ms-toolsai.jupyter-2025.9.1-linux-x64/dist/extension.node.js:236:15233)
	at async Fme (~/.vscode/extensions/ms-toolsai.jupyter-2025.9.1-linux-x64/dist/extension.node.js:309:32039)
	at async Promise.all (index 1)
	at async Ib.computeWorkingDirectory (~/.vscode/extensions/ms-toolsai.jupyter-2025.9.1-linux-x64/dist/extension.node.js:309:31694)
	at async Promise.all (index 0)
	at async fb.create (~/.vscode/extensions/ms-toolsai.jupyter-2025.9.1-linux-x64/dist/extension.node.js:309:23460)
	at async uT.createJupyterSession (~/.vscode/extensions/ms-toolsai.jupyter-2025.9.1-linux-x64/dist/extension.node.js:282:37907)
	at async uT.startJupyterSession (~/.vscode/extensions/ms-toolsai.jupyter-2025.9.1-linux-x64/dist/extension.node.js:282:35559)
	at async uT.start (~/.vscode/extensions/ms-toolsai.jupyter-2025.9.1-linux-x64/dist/extension.node.js:282:31032)
	at async n.wrapKernelMethodImpl (~/.vscode/extensions/ms-toolsai.jupyter-2025.9.1-linux-x64/dist/extension.node.js:309:84556)] {
  code: 'Unknown'
}
12:23:28.631 [info] Process Execution: ~/anaconda3/bin/python -c "import ipykernel; print(ipykernel.__version__); print("5dc3a68c-e34e-4080-9c3e-2a532b2ccb4d"); print(ipykernel.__file__)"
12:23:28.750 [info] Process Execution: ~/anaconda3/bin/python -m ipykernel_launcher --f=/run/user/1000/jupyter/runtime/kernel-v3659df7294a7234cfd052bbeb1a7c92b0eadfa596.json
    > cwd: ~/mllearn/movie-recc
12:23:29.660 [info] Kernel successfully started
12:27:05.837 [warn] Cell completed with errors [Iu [Error]: invalid syntax. Perhaps you forgot a comma? (2532647143.py, line 2)
	at n.execute (~/.vscode/extensions/ms-toolsai.jupyter-2025.9.1-linux-x64/dist/extension.node.js:302:4958)] {
  ename: 'SyntaxError',
  evalue: 'invalid syntax. Perhaps you forgot a comma? (2532647143.py, line 2)',
  traceback: [
    '\x1B[0;36m  Cell \x1B[0;32mIn[4], line 2\x1B[0;36m\x1B[0m\n' +
      `\x1B[0;31m    movies['geners_name'] = movies['genres'].apply(lambad x: [d['name'] for d in ast.literl_eval(x)] if x != "[]" else {})\x1B[0m\n` +
      '\x1B[0m                                                   ^\x1B[0m\n' +
      '\x1B[0;31mSyntaxError\x1B[0m\x1B[0;31m:\x1B[0m invalid syntax. Perhaps you forgot a comma?\n'
  ]
}
12:27:49.382 [warn] Cell completed with errors [Iu [Error]: invalid syntax. Perhaps you forgot a comma? (3298375424.py, line 3)
	at n.execute (~/.vscode/extensions/ms-toolsai.jupyter-2025.9.1-linux-x64/dist/extension.node.js:302:4958)] {
  ename: 'SyntaxError',
  evalue: 'invalid syntax. Perhaps you forgot a comma? (3298375424.py, line 3)',
  traceback: [
    '\x1B[0;36m  Cell \x1B[0;32mIn[5], line 3\x1B[0;36m\x1B[0m\n' +
      `\x1B[0;31m    lambad x : [d['name'] for d in ast.literal_eval(x)] if x != "[]" else {})\x1B[0m\n` +
      '\x1B[0m    ^\x1B[0m\n' +
      '\x1B[0;31mSyntaxError\x1B[0m\x1B[0;31m:\x1B[0m invalid syntax. Perhaps you forgot a comma?\n'
  ]
}
12:28:02.748 [warn] Cell completed with errors [Iu [Error]: invalid syntax. Perhaps you forgot a comma? (1169864159.py, line 3)
	at n.execute (~/.vscode/extensions/ms-toolsai.jupyter-2025.9.1-linux-x64/dist/extension.node.js:302:4958)] {
  ename: 'SyntaxError',
  evalue: 'invalid syntax. Perhaps you forgot a comma? (1169864159.py, line 3)',
  traceback: [
    '\x1B[0;36m  Cell \x1B[0;32mIn[6], line 3\x1B[0;36m\x1B[0m\n' +
      `\x1B[0;31m    lambad x: [d['name'] for d in ast.literal_eval(x)] if x != "[]" else {})\x1B[0m\n` +
      '\x1B[0m    ^\x1B[0m\n' +
      '\x1B[0;31mSyntaxError\x1B[0m\x1B[0;31m:\x1B[0m invalid syntax. Perhaps you forgot a comma?\n'
  ]
}
12:32:51.650 [warn] Cell completed with errors [Iu [Error]: "['genre_name'] not in index"
	at n.execute (~/.vscode/extensions/ms-toolsai.jupyter-2025.9.1-linux-x64/dist/extension.node.js:302:4958)] {
  ename: 'KeyError',
  evalue: `"['genre_name'] not in index"`,
  traceback: [
    '\x1B[0;31m---------------------------------------------------------------------------\x1B[0m',
    '\x1B[0;31mKeyError\x1B[0m                                  Traceback (most recent call last)',
    'Cell \x1B[0;32mIn[9], line 1\x1B[0m\n' +
      "\x1B[0;32m----> 1\x1B[0m movies \x1B[38;5;241m=\x1B[39m movies[[\x1B[38;5;124m'\x1B[39m\x1B[38;5;124mtitle\x1B[39m\x1B[38;5;124m'\x1B[39m,\x1B[38;5;124m'\x1B[39m\x1B[38;5;124mid\x1B[39m\x1B[38;5;124m'\x1B[39m,\x1B[38;5;124m'\x1B[39m\x1B[38;5;124moverview\x1B[39m\x1B[38;5;124m'\x1B[39m,\x1B[38;5;124m'\x1B[39m\x1B[38;5;124mgenre_name\x1B[39m\x1B[38;5;124m'\x1B[39m,\x1B[38;5;124m'\x1B[39m\x1B[38;5;124mkeywords\x1B[39m\x1B[38;5;124m'\x1B[39m]]\n" +
      '\x1B[1;32m      2\x1B[0m movies\x1B[38;5;241m.\x1B[39mdropna(inplace\x1B[38;5;241m=\x1B[39m\x1B[38;5;28;01mTrue\x1B[39;00m)\n',
    'File \x1B[0;32m~/anaconda3/lib/python3.13/site-packages/pandas/core/frame.py:4108\x1B[0m, in \x1B[0;36mDataFrame.__getitem__\x1B[0;34m(self, key)\x1B[0m\n' +
      '\x1B[1;32m   4106\x1B[0m     \x1B[38;5;28;01mif\x1B[39;00m is_iterator(key):\n' +
      '\x1B[1;32m   4107\x1B[0m         key \x1B[38;5;241m=\x1B[39m \x1B[38;5;28mlist\x1B[39m(key)\n' +
      '\x1B[0;32m-> 4108\x1B[0m     indexer \x1B[38;5;241m=\x1B[39m \x1B[38;5;28mself\x1B[39m\x1B[38;5;241m.\x1B[39mcolumns\x1B[38;5;241m.\x1B[39m_get_indexer_strict(key, \x1B[38;5;124m"\x1B[39m\x1B[38;5;124mcolumns\x1B[39m\x1B[38;5;124m"\x1B[39m)[\x1B[38;5;241m1\x1B[39m]\n' +
      '\x1B[1;32m   4110\x1B[0m \x1B[38;5;66;03m# take() does not accept boolean indexers\x1B[39;00m\n' +
      '\x1B[1;32m   4111\x1B[0m \x1B[38;5;28;01mif\x1B[39;00m \x1B[38;5;28mgetattr\x1B[39m(indexer, \x1B[38;5;124m"\x1B[39m\x1B[38;5;124mdtype\x1B[39m\x1B[38;5;124m"\x1B[39m, \x1B[38;5;28;01mNone\x1B[39;00m) \x1B[38;5;241m==\x1B[39m \x1B[38;5;28mbool\x1B[39m:\n',
    'File \x1B[0;32m~/anaconda3/lib/python3.13/site-packages/pandas/core/indexes/base.py:6200\x1B[0m, in \x1B[0;36mIndex._get_indexer_strict\x1B[0;34m(self, key, axis_name)\x1B[0m\n' +
      '\x1B[1;32m   6197\x1B[0m \x1B[38;5;28;01melse\x1B[39;00m:\n' +
      '\x1B[1;32m   6198\x1B[0m     keyarr, indexer, new_indexer \x1B[38;5;241m=\x1B[39m \x1B[38;5;28mself\x1B[39m\x1B[38;5;241m.\x1B[39m_reindex_non_unique(keyarr)\n' +
      '\x1B[0;32m-> 6200\x1B[0m \x1B[38;5;28mself\x1B[39m\x1B[38;5;241m.\x1B[39m_raise_if_missing(keyarr, indexer, axis_name)\n' +
      '\x1B[1;32m   6202\x1B[0m keyarr \x1B[38;5;241m=\x1B[39m \x1B[38;5;28mself\x1B[39m\x1B[38;5;241m.\x1B[39mtake(indexer)\n' +
      '\x1B[1;32m   6203\x1B[0m \x1B[38;5;28;01mif\x1B[39;00m \x1B[38;5;28misinstance\x1B[39m(key, Index):\n' +
      '\x1B[1;32m   6204\x1B[0m     \x1B[38;5;66;03m# GH 42790 - Preserve name from an Index\x1B[39;00m\n',
    'File \x1B[0;32m~/anaconda3/lib/python3.13/site-packages/pandas/core/indexes/base.py:6252\x1B[0m, in \x1B[0;36mIndex._raise_if_missing\x1B[0;34m(self, key, indexer, axis_name)\x1B[0m\n' +
      '\x1B[1;32m   6249\x1B[0m     \x1B[38;5;28;01mraise\x1B[39;00m \x1B[38;5;167;01mKeyError\x1B[39;00m(\x1B[38;5;124mf\x1B[39m\x1B[38;5;124m"\x1B[39m\x1B[38;5;124mNone of [\x1B[39m\x1B[38;5;132;01m{\x1B[39;00mkey\x1B[38;5;132;01m}\x1B[39;00m\x1B[38;5;124m] are in the [\x1B[39m\x1B[38;5;132;01m{\x1B[39;00maxis_name\x1B[38;5;132;01m}\x1B[39;00m\x1B[38;5;124m]\x1B[39m\x1B[38;5;124m"\x1B[39m)\n' +
      '\x1B[1;32m   6251\x1B[0m not_found \x1B[38;5;241m=\x1B[39m \x1B[38;5;28mlist\x1B[39m(ensure_index(key)[missing_mask\x1B[38;5;241m.\x1B[39mnonzero()[\x1B[38;5;241m0\x1B[39m]]\x1B[38;5;241m.\x1B[39munique())\n' +
      '\x1B[0;32m-> 6252\x1B[0m \x1B[38;5;28;01mraise\x1B[39;00m \x1B[38;5;167;01mKeyError\x1B[39;00m(\x1B[38;5;124mf\x1B[39m\x1B[38;5;124m"\x1B[39m\x1B[38;5;132;01m{\x1B[39;00mnot_found\x1B[38;5;132;01m}\x1B[39;00m\x1B[38;5;124m not in index\x1B[39m\x1B[38;5;124m"\x1B[39m)\n',
    `\x1B[0;31mKeyError\x1B[0m: "['genre_name'] not in index"`
  ]
}
12:37:35.167 [warn] Cell completed with errors [Iu [Error]: No module named 'nltk.stem.poster'
	at n.execute (~/.vscode/extensions/ms-toolsai.jupyter-2025.9.1-linux-x64/dist/extension.node.js:302:4958)] {
  ename: 'ModuleNotFoundError',
  evalue: "No module named 'nltk.stem.poster'",
  traceback: [
    '\x1B[0;31m---------------------------------------------------------------------------\x1B[0m',
    '\x1B[0;31mModuleNotFoundError\x1B[0m                       Traceback (most recent call last)',
    'Cell \x1B[0;32mIn[13], line 1\x1B[0m\n' +
      '\x1B[0;32m----> 1\x1B[0m \x1B[38;5;28;01mfrom\x1B[39;00m\x1B[38;5;250m \x1B[39m\x1B[38;5;21;01mnltk\x1B[39;00m\x1B[38;5;21;01m.\x1B[39;00m\x1B[38;5;21;01mstem\x1B[39;00m\x1B[38;5;21;01m.\x1B[39;00m\x1B[38;5;21;01mposter\x1B[39;00m\x1B[38;5;250m \x1B[39m\x1B[38;5;28;01mimport\x1B[39;00m PorterStemmer\n',
    "\x1B[0;31mModuleNotFoundError\x1B[0m: No module named 'nltk.stem.poster'"
  ]
}
12:40:28.035 [info] Dispose Kernel '~/mllearn/movie-recc/train.ipynb' associated with '~/mllearn/movie-recc/train.ipynb'
12:40:28.043 [info] Dispose Kernel 'kernel-service9a55aafe-6801-4471-87a5-e5e00720e42e' associated with 'kernel-service9a55aafe-6801-4471-87a5-e5e00720e42e'
12:40:28.081 [warn] Failed to delete connection file file:///run/user/1000/jupyter/runtime/kernel-v3659df7294a7234cfd052bbeb1a7c92b0eadfa596.json for pid 10469 [Canceled (FileSystemError): Canceled
	at ws.e (file:///opt/visual-studio-code/resources/app/out/vs/workbench/api/node/extensionHostProcess.js:114:18860)
	at Object.stat (file:///opt/visual-studio-code/resources/app/out/vs/workbench/api/node/extensionHostProcess.js:114:16011)
	at async ou.delete (~/.vscode/extensions/ms-toolsai.jupyter-2025.9.1-linux-x64/dist/extension.node.js:236:16320)
	at async ~/.vscode/extensions/ms-toolsai.jupyter-2025.9.1-linux-x64/dist/extension.node.js:308:469] {
  code: 'Unknown'
}
12:40:28.082 [warn] Failed to delete connection file file:///run/user/1000/jupyter/runtime/kernel-v3f159868a03773c61459f7ce084de525ef1af195a.json for pid 9835 [Canceled (FileSystemError): Canceled
	at ws.e (file:///opt/visual-studio-code/resources/app/out/vs/workbench/api/node/extensionHostProcess.js:114:18860)
	at Object.stat (file:///opt/visual-studio-code/resources/app/out/vs/workbench/api/node/extensionHostProcess.js:114:16011)
	at async ou.delete (~/.vscode/extensions/ms-toolsai.jupyter-2025.9.1-linux-x64/dist/extension.node.js:236:16320)
	at async ~/.vscode/extensions/ms-toolsai.jupyter-2025.9.1-linux-x64/dist/extension.node.js:308:469] {
  code: 'Unknown'
}
