2025-11-11 19:42:37.753 [info] Extension host with pid 70436 started
2025-11-11 19:42:37.754 [info] Skipping acquiring lock for /home/peaches/.config/Code/User/workspaceStorage/7f0c209595871f2884d93ac29a242d3f.
2025-11-11 19:42:37.811 [info] ExtensionService#_doActivateExtension vscode.github-authentication, startup: false, activationEvent: 'onAuthenticationRequest:github'
2025-11-11 19:42:37.829 [info] ExtensionService#_doActivateExtension vscode.emmet, startup: false, activationEvent: 'onLanguage'
2025-11-11 19:42:37.871 [info] ExtensionService#_doActivateExtension vscode.git-base, startup: true, activationEvent: '*', root cause: vscode.git
2025-11-11 19:42:37.907 [info] ExtensionService#_doActivateExtension vscode.git, startup: true, activationEvent: '*'
2025-11-11 19:42:37.942 [info] ExtensionService#_doActivateExtension vscode.github, startup: true, activationEvent: '*'
2025-11-11 19:42:38.025 [info] Eager extensions activated
2025-11-11 19:42:38.029 [info] ExtensionService#_doActivateExtension vscode.debug-auto-launch, startup: false, activationEvent: 'onStartupFinished'
2025-11-11 19:42:38.030 [info] ExtensionService#_doActivateExtension vscode.merge-conflict, startup: false, activationEvent: 'onStartupFinished'
2025-11-11 19:42:45.644 [info] ExtensionService#_doActivateExtension vscode.microsoft-authentication, startup: false, activationEvent: 'onAuthenticationRequest:microsoft'
2025-11-11 20:52:24.426 [info] Extension host terminating: renderer closed the MessagePort
2025-11-11 20:52:24.432 [info] Extension host with pid 70436 exiting with code 0
2025-11-11 20:52:25.136 [info] Extension host with pid 87292 started
2025-11-11 20:52:25.136 [info] Skipping acquiring lock for /home/peaches/.config/Code/User/workspaceStorage/6d8783d92d5fd6fc96e4927592ac18bb.
2025-11-11 20:52:25.151 [info] ExtensionService#_doActivateExtension vscode.github-authentication, startup: false, activationEvent: 'onAuthenticationRequest:github'
2025-11-11 20:52:25.167 [info] ExtensionService#_doActivateExtension vscode.emmet, startup: false, activationEvent: 'onLanguage'
2025-11-11 20:52:25.213 [info] ExtensionService#_doActivateExtension vscode.git-base, startup: true, activationEvent: '*', root cause: vscode.git
2025-11-11 20:52:25.221 [info] ExtensionService#_doActivateExtension vscode.git, startup: true, activationEvent: '*'
2025-11-11 20:52:25.250 [info] ExtensionService#_doActivateExtension vscode.github, startup: true, activationEvent: '*'
2025-11-11 20:52:25.323 [info] Eager extensions activated
2025-11-11 20:52:25.324 [info] ExtensionService#_doActivateExtension vscode.debug-auto-launch, startup: false, activationEvent: 'onStartupFinished'
2025-11-11 20:52:25.325 [info] ExtensionService#_doActivateExtension vscode.merge-conflict, startup: false, activationEvent: 'onStartupFinished'
2025-11-11 21:19:56.271 [info] Extension host terminating: renderer closed the MessagePort
2025-11-11 21:19:56.280 [info] Extension host with pid 87292 exiting with code 0
