2025-11-12 09:56:16.846 [info] [getSessions] [all] starting
2025-11-12 09:56:16.846 [info] [getSessions] [all] returned 0 session(s)
2025-11-12 09:56:16.846 [info] [getSessions] [all] starting
2025-11-12 09:56:16.847 [info] [getSessions] [all] returned 0 session(s)
2025-11-12 09:56:16.847 [info] [getSessions] [all] starting
2025-11-12 09:56:16.847 [info] [getSessions] [all] returned 0 session(s)
2025-11-12 09:56:16.847 [info] [getSessions] [email offline_access openid profile] starting
2025-11-12 09:56:16.847 [info] [aebc6443-996d-45c2-90f0-388ff96faa56] Native Broker is only available on Windows and macOS
2025-11-12 09:56:21.447 [info] [getSessions] [email offline_access openid profile] returned 0 session(s)
2025-11-12 09:56:21.447 [info] [getSessions] [all] starting
2025-11-12 09:56:21.447 [info] [getSessions] [all] returned 0 session(s)
2025-11-12 09:56:21.447 [info] [getSessions] [all] starting
2025-11-12 09:56:21.447 [info] [getSessions] [all] returned 0 session(s)
2025-11-12 09:56:21.447 [info] [getSessions] [all] starting
2025-11-12 09:56:21.447 [info] [getSessions] [all] returned 0 session(s)
2025-11-12 09:56:43.588 [info] [aebc6443-996d-45c2-90f0-388ff96faa56] Native Broker is only available on Windows and macOS
2025-11-12 09:56:43.594 [info] [getSessions] [all] starting
2025-11-12 09:56:43.594 [info] [getSessions] [all] returned 0 session(s)
2025-11-12 09:56:43.594 [info] [getSessions] [all] starting
2025-11-12 09:56:43.594 [info] [getSessions] [all] returned 0 session(s)
2025-11-12 09:56:43.594 [info] [getSessions] [all] starting
2025-11-12 09:56:43.594 [info] [getSessions] [all] returned 0 session(s)
2025-11-12 09:56:43.595 [info] [getSessions] [email offline_access openid profile] starting
2025-11-12 09:56:43.595 [info] [aebc6443-996d-45c2-90f0-388ff96faa56] Native Broker is only available on Windows and macOS
2025-11-12 09:56:43.596 [info] [getSessions] [email offline_access openid profile] returned 0 session(s)
2025-11-12 09:56:45.466 [info] [getSessions] [all] starting
2025-11-12 09:56:45.466 [info] [getSessions] [all] returned 0 session(s)
2025-11-12 09:56:45.466 [info] [getSessions] [all] starting
2025-11-12 09:56:45.466 [info] [getSessions] [all] returned 0 session(s)
2025-11-12 09:56:45.467 [info] [getSessions] [all] starting
2025-11-12 09:56:45.467 [info] [getSessions] [all] returned 0 session(s)
