2025-11-11 17:25:25.233 [info] [main] Log level: Info
2025-11-11 17:25:25.233 [info] [main] Validating found git in: "git"
2025-11-11 17:25:25.233 [info] [main] Using git "2.51.2" from "git"
2025-11-11 17:25:25.233 [info] [Model][doInitialScan] Initial repository scan started
2025-11-11 17:25:25.233 [info] > git rev-parse --show-toplevel [5ms]
2025-11-11 17:25:25.233 [info] fatal: not a git repository (or any of the parent directories): .git
2025-11-11 17:25:25.233 [info] > git rev-parse --show-toplevel [2ms]
2025-11-11 17:25:25.233 [info] fatal: not a git repository (or any of the parent directories): .git
2025-11-11 17:25:25.233 [info] > git rev-parse --show-toplevel [2ms]
2025-11-11 17:25:25.233 [info] fatal: not a git repository (or any of the parent directories): .git
2025-11-11 17:25:25.233 [info] > git rev-parse --show-toplevel [5ms]
2025-11-11 17:25:25.233 [info] fatal: not a git repository (or any of the parent directories): .git
2025-11-11 17:25:25.233 [info] [Model][doInitialScan] Initial repository scan completed - repositories (0), closed repositories (0), parent repositories (0), unsafe repositories (0)
2025-11-11 17:25:25.287 [info] > git rev-parse --show-toplevel [18ms]
2025-11-11 17:25:25.288 [info] fatal: not a git repository (or any of the parent directories): .git
2025-11-11 17:25:25.306 [info] > git rev-parse --show-toplevel [1ms]
2025-11-11 17:25:25.307 [info] fatal: not a git repository (or any of the parent directories): .git
2025-11-11 17:25:25.361 [info] > git rev-parse --show-toplevel [1ms]
2025-11-11 17:25:25.361 [info] fatal: not a git repository (or any of the parent directories): .git
2025-11-11 17:25:25.405 [info] > git rev-parse --show-toplevel [1ms]
2025-11-11 17:25:25.405 [info] fatal: not a git repository (or any of the parent directories): .git
2025-11-11 17:25:27.046 [info] > git rev-parse --show-toplevel [1ms]
2025-11-11 17:25:27.047 [info] fatal: not a git repository (or any of the parent directories): .git
