Visual Studio Code (1.105.1, undefined, desktop)
Jupyter Extension Version: 2025.9.1.
Python Extension Version: 2025.18.0.
Python Environment Extension Version: 1.12.0.
Pylance Extension Version: 2025.9.1.
Platform: linux (x64).
Home = /home/peaches
Temp Storage folder ~/.config/Code/User/globalStorage/ms-toolsai.jupyter/version-2025.9.1
Workspace folder ~/mllearn/movie-recc
15:52:52.113 [warn] No interpreter with path ~/.local/share/mamba/envs/jupyter/bin/python found in Python API, will convert Uri path to string as Id ~/.local/share/mamba/envs/jupyter/bin/python
15:52:52.342 [warn] Kernel Spec for 'Conda (jupyter)' (~/.local/share/jupyter/kernels/jupyter/kernel.json) hidden, as we cannot find a matching interpreter argv = '~/.local/share/mamba/envs/jupyter/bin/python'. To resolve this, please change '~/.local/share/mamba/envs/jupyter/bin/python' to point to the fully qualified Python executable.
15:52:53.307 [info] Starting Kernel (Python Path: ~/anaconda3/bin/python, Conda, 3.13.5) for '~/mllearn/movie-recc/train.ipynb' (disableUI=true)
15:52:57.505 [info] Dispose Kernel '~/mllearn/movie-recc/train.ipynb' associated with '~/mllearn/movie-recc/train.ipynb'
15:52:57.517 [info] Dispose Kernel '~/mllearn/movie-recc/train.ipynb' associated with '~/mllearn/movie-recc/train.ipynb'
15:52:57.518 [warn] Failed to shutdown kernel, .jvsc74a57bd05b6da1059da8e79bc9c7353d0a84349350a66b1789f0446970b069a6e15e8e27.~/anaconda3/python.~/anaconda3/python.-m#ipykernel_launcher [TypeError: Cannot read properties of undefined (reading 'dispose')
	at JT.shutdown (~/.vscode/extensions/ms-toolsai.jupyter-2025.9.1-linux-x64/dist/extension.node.js:309:13632)
	at process.processTicksAndRejections (node:internal/process/task_queues:105:5)
	at async qT.shutdown (~/.vscode/extensions/ms-toolsai.jupyter-2025.9.1-linux-x64/dist/extension.node.js:309:22453)]
15:52:57.526 [warn] Failed to delete connection file file:///run/user/1000/jupyter/runtime/kernel-v304e977c5916f80d09db512e136d936e908cede0d.json for pid undefined [Canceled (FileSystemError): Canceled
	at ws.e (file:///opt/visual-studio-code/resources/app/out/vs/workbench/api/node/extensionHostProcess.js:114:18860)
	at Object.stat (file:///opt/visual-studio-code/resources/app/out/vs/workbench/api/node/extensionHostProcess.js:114:16011)
	at async ou.delete (~/.vscode/extensions/ms-toolsai.jupyter-2025.9.1-linux-x64/dist/extension.node.js:236:16320)
	at async ~/.vscode/extensions/ms-toolsai.jupyter-2025.9.1-linux-x64/dist/extension.node.js:308:469] {
  code: 'Unknown'
}
