2025-11-17 15:52:53.650 [info] Name: Pylint
2025-11-17 15:52:53.650 [info] Module: pylint
2025-11-17 15:52:53.650 [info] Python extension loading
2025-11-17 15:52:53.650 [info] Waiting for interpreter from Python extension.
2025-11-17 15:52:53.650 [info] No interpreter found from setting pylint.interpreter
2025-11-17 15:52:53.650 [info] Getting interpreter from ms-python.python extension for workspace /home/peaches/mllearn/movie-recc
2025-11-17 15:52:53.650 [info] Python extension loaded
2025-11-17 15:52:53.650 [info] Interpreter from ms-python.python extension for /home/peaches/mllearn/movie-recc: /bin/python
2025-11-17 15:52:53.650 [info] No interpreter found from setting pylint.interpreter
2025-11-17 15:52:53.650 [info] Getting interpreter from ms-python.python extension for workspace /home/peaches/mllearn/movie-recc
2025-11-17 15:52:53.650 [info] Interpreter from ms-python.python extension for /home/peaches/mllearn/movie-recc: /bin/python
2025-11-17 15:52:53.650 [info] Server run command: /bin/python /home/peaches/.vscode/extensions/ms-python.pylint-2025.2.0/bundled/tool/lsp_server.py
2025-11-17 15:52:53.650 [info] Server: Start requested.
2025-11-17 15:52:53.650 [info] CWD Server: /home/peaches/mllearn/movie-recc
2025-11-17 15:52:53.650 [info] Settings used to run Server:
[
    {
        "enabled": true,
        "cwd": "/home/peaches/mllearn/movie-recc",
        "workspace": "file:///home/peaches/mllearn/movie-recc",
        "args": [],
        "severity": {
            "convention": "Information",
            "error": "Error",
            "fatal": "Error",
            "refactor": "Hint",
            "warning": "Warning",
            "info": "Information"
        },
        "path": [],
        "ignorePatterns": [],
        "interpreter": [
            "/bin/python"
        ],
        "importStrategy": "useBundled",
        "showNotifications": "off",
        "extraPaths": []
    }
]

2025-11-17 15:52:53.650 [info] Global settings:
{
    "cwd": "${workspaceFolder}",
    "enabled": true,
    "workspace": "/home/peaches",
    "args": [],
    "severity": {
        "convention": "Information",
        "error": "Error",
        "fatal": "Error",
        "refactor": "Hint",
        "warning": "Warning",
        "info": "Information"
    },
    "path": [],
    "ignorePatterns": [],
    "interpreter": [],
    "importStrategy": "useBundled",
    "showNotifications": "off",
    "extraPaths": []
}

2025-11-17 15:52:53.650 [info] sys.path used to run Server:
   /home/peaches/mllearn/movie-recc
   /home/peaches/.vscode/extensions/ms-python.pylint-2025.2.0/bundled/libs
   /home/peaches/.vscode/extensions/ms-python.pylint-2025.2.0/bundled/tool
   /usr/lib/python313.zip
   /usr/lib/python3.13
   /usr/lib/python3.13/lib-dynload
   /usr/lib/python3.13/site-packages
2025-11-17 15:52:53.650 [info] /bin/python -m pylint --version
2025-11-17 15:52:53.651 [info] CWD Linter: /home/peaches/mllearn/movie-recc
2025-11-17 15:52:53.666 [info] 
pylint 3.3.4
astroid 3.3.8
Python 3.13.7 (main, Aug 15 2025, 12:34:02) [GCC 15.2.1 20250813]


2025-11-17 15:52:53.695 [info] Version info for linter running for /home/peaches/mllearn/movie-recc:
pylint 3.3.4
astroid 3.3.8
Python 3.13.7 (main, Aug 15 2025, 12:34:02) [GCC 15.2.1 20250813]

2025-11-17 15:52:53.714 [info] SUPPORTED pylint>=2.12.2
FOUND pylint==3.3.4

2025-11-17 15:52:53.749 [info] [Trace - 3:52:53 PM] Sending request 'textDocument/codeAction - (1)'.
2025-11-17 15:52:53.751 [info] [Trace - 3:52:53 PM] Sending request 'textDocument/codeAction - (2)'.
2025-11-17 15:52:53.757 [info] [Trace - 3:52:53 PM] Received notification 'window/logMessage'.
2025-11-17 15:52:53.757 [info] [Warn  - 3:52:53 PM] Skipping notebook cells [Not Supported]: vscode-notebook-cell:/home/peaches/mllearn/movie-recc/train.ipynb#W0sZmlsZQ%3D%3D
2025-11-17 15:52:53.758 [info] [Trace - 3:52:53 PM] Received notification 'textDocument/publishDiagnostics'.
2025-11-17 15:52:53.760 [info] [Trace - 3:52:53 PM] Received notification 'window/logMessage'.
2025-11-17 15:52:53.760 [info] [Warn  - 3:52:53 PM] Skipping notebook cells [Not Supported]: vscode-notebook-cell:/home/peaches/mllearn/movie-recc/train.ipynb#W1sZmlsZQ%3D%3D
2025-11-17 15:52:53.761 [info] [Trace - 3:52:53 PM] Received notification 'textDocument/publishDiagnostics'.
2025-11-17 15:52:53.761 [info] [Trace - 3:52:53 PM] Received notification 'window/logMessage'.
2025-11-17 15:52:53.761 [info] [Warn  - 3:52:53 PM] Skipping notebook cells [Not Supported]: vscode-notebook-cell:/home/peaches/mllearn/movie-recc/train.ipynb#W2sZmlsZQ%3D%3D
2025-11-17 15:52:53.761 [info] [Trace - 3:52:53 PM] Received notification 'textDocument/publishDiagnostics'.
2025-11-17 15:52:53.762 [info] [Trace - 3:52:53 PM] Received notification 'window/logMessage'.
2025-11-17 15:52:53.762 [info] [Warn  - 3:52:53 PM] Skipping notebook cells [Not Supported]: vscode-notebook-cell:/home/peaches/mllearn/movie-recc/train.ipynb#W3sZmlsZQ%3D%3D
2025-11-17 15:52:53.762 [info] [Trace - 3:52:53 PM] Received notification 'textDocument/publishDiagnostics'.
2025-11-17 15:52:53.762 [info] [Trace - 3:52:53 PM] Received notification 'window/logMessage'.
2025-11-17 15:52:53.762 [info] [Warn  - 3:52:53 PM] Skipping notebook cells [Not Supported]: vscode-notebook-cell:/home/peaches/mllearn/movie-recc/train.ipynb#W5sZmlsZQ%3D%3D
2025-11-17 15:52:53.762 [info] [Trace - 3:52:53 PM] Received notification 'textDocument/publishDiagnostics'.
2025-11-17 15:52:53.762 [info] [Trace - 3:52:53 PM] Received notification 'window/logMessage'.
2025-11-17 15:52:53.762 [info] [Warn  - 3:52:53 PM] Skipping notebook cells [Not Supported]: vscode-notebook-cell:/home/peaches/mllearn/movie-recc/train.ipynb#W6sZmlsZQ%3D%3D
2025-11-17 15:52:53.762 [info] [Trace - 3:52:53 PM] Received notification 'textDocument/publishDiagnostics'.
2025-11-17 15:52:53.763 [info] [Trace - 3:52:53 PM] Received notification 'window/logMessage'.
2025-11-17 15:52:53.763 [info] [Warn  - 3:52:53 PM] Skipping notebook cells [Not Supported]: vscode-notebook-cell:/home/peaches/mllearn/movie-recc/train.ipynb#X10sZmlsZQ%3D%3D
2025-11-17 15:52:53.763 [info] [Trace - 3:52:53 PM] Received notification 'textDocument/publishDiagnostics'.
2025-11-17 15:52:53.763 [info] [Trace - 3:52:53 PM] Received notification 'window/logMessage'.
2025-11-17 15:52:53.763 [info] [Warn  - 3:52:53 PM] Skipping notebook cells [Not Supported]: vscode-notebook-cell:/home/peaches/mllearn/movie-recc/train.ipynb#X11sZmlsZQ%3D%3D
2025-11-17 15:52:53.763 [info] [Trace - 3:52:53 PM] Received notification 'textDocument/publishDiagnostics'.
2025-11-17 15:52:53.763 [info] [Trace - 3:52:53 PM] Received notification 'window/logMessage'.
2025-11-17 15:52:53.763 [info] [Warn  - 3:52:53 PM] Skipping notebook cells [Not Supported]: vscode-notebook-cell:/home/peaches/mllearn/movie-recc/train.ipynb#X12sZmlsZQ%3D%3D
2025-11-17 15:52:53.764 [info] [Trace - 3:52:53 PM] Received notification 'textDocument/publishDiagnostics'.
2025-11-17 15:52:53.764 [info] [Trace - 3:52:53 PM] Received notification 'window/logMessage'.
2025-11-17 15:52:53.764 [info] [Warn  - 3:52:53 PM] Skipping notebook cells [Not Supported]: vscode-notebook-cell:/home/peaches/mllearn/movie-recc/train.ipynb#X13sZmlsZQ%3D%3D
2025-11-17 15:52:53.764 [info] [Trace - 3:52:53 PM] Received notification 'textDocument/publishDiagnostics'.
2025-11-17 15:52:53.764 [info] [Trace - 3:52:53 PM] Received notification 'window/logMessage'.
2025-11-17 15:52:53.764 [info] [Warn  - 3:52:53 PM] Skipping notebook cells [Not Supported]: vscode-notebook-cell:/home/peaches/mllearn/movie-recc/train.ipynb#X15sZmlsZQ%3D%3D
2025-11-17 15:52:53.813 [info] [Trace - 3:52:53 PM] Received notification 'textDocument/publishDiagnostics'.
2025-11-17 15:52:53.815 [info] [Trace - 3:52:53 PM] Received notification 'window/logMessage'.
2025-11-17 15:52:53.815 [info] [Warn  - 3:52:53 PM] Skipping notebook cells [Not Supported]: vscode-notebook-cell:/home/peaches/mllearn/movie-recc/train.ipynb#X16sZmlsZQ%3D%3D
2025-11-17 15:52:53.822 [info] [Warn  - 3:52:53 PM] Skipping notebook cells [Not Supported]: vscode-notebook-cell:/home/peaches/mllearn/movie-recc/train.ipynb#X20sZmlsZQ%3D%3D
2025-11-17 15:52:53.824 [info] [Warn  - 3:52:53 PM] Skipping notebook cells [Not Supported]: vscode-notebook-cell:/home/peaches/mllearn/movie-recc/train.ipynb#X21sZmlsZQ%3D%3D
2025-11-17 15:52:53.826 [info] [Warn  - 3:52:53 PM] Skipping notebook cells [Not Supported]: vscode-notebook-cell:/home/peaches/mllearn/movie-recc/train.ipynb#X22sZmlsZQ%3D%3D
2025-11-17 15:52:53.826 [info] [Warn  - 3:52:53 PM] Skipping notebook cells [Not Supported]: vscode-notebook-cell:/home/peaches/mllearn/movie-recc/train.ipynb#X23sZmlsZQ%3D%3D
2025-11-17 15:52:53.827 [info] [Warn  - 3:52:53 PM] Skipping notebook cells [Not Supported]: vscode-notebook-cell:/home/peaches/mllearn/movie-recc/train.ipynb#X24sZmlsZQ%3D%3D
2025-11-17 15:52:53.828 [info] [Warn  - 3:52:53 PM] Skipping notebook cells [Not Supported]: vscode-notebook-cell:/home/peaches/mllearn/movie-recc/train.ipynb#X25sZmlsZQ%3D%3D
