2025-11-16 17:43:34.644 [info] Reading sessions from keychain...
2025-11-16 17:43:34.644 [info] Getting sessions for all scopes...
2025-11-16 17:43:34.644 [info] Got 0 sessions for ...
2025-11-16 17:43:34.644 [info] Getting sessions for all scopes...
2025-11-16 17:43:34.644 [info] Got 0 sessions for ...
2025-11-16 17:43:34.644 [info] Getting sessions for all scopes...
2025-11-16 17:43:34.644 [info] Got 0 sessions for ...
2025-11-16 17:43:34.644 [info] Getting sessions for all scopes...
2025-11-16 17:43:34.644 [info] Got 0 sessions for ...
2025-11-16 17:43:34.644 [info] Getting sessions for all scopes...
2025-11-16 17:43:34.644 [info] Got 0 sessions for ...
2025-11-16 17:43:34.644 [info] Getting sessions for all scopes...
2025-11-16 17:43:34.644 [info] Got 0 sessions for ...
2025-11-16 17:43:34.644 [info] Getting sessions for all scopes...
2025-11-16 17:43:34.644 [info] Got 0 sessions for ...
2025-11-16 17:43:34.644 [info] Getting sessions for all scopes...
2025-11-16 17:43:34.644 [info] Got 0 sessions for ...
2025-11-16 17:43:34.644 [info] Getting sessions for all scopes...
2025-11-16 17:43:34.644 [info] Got 0 sessions for ...
2025-11-16 17:43:34.644 [info] Getting sessions for all scopes...
2025-11-16 17:43:34.644 [info] Got 0 sessions for ...
2025-11-16 17:43:34.644 [info] Getting sessions for all scopes...
2025-11-16 17:43:34.644 [info] Got 0 sessions for ...
2025-11-16 17:43:34.644 [info] Getting sessions for all scopes...
2025-11-16 17:43:34.644 [info] Got 0 sessions for ...
2025-11-16 17:43:34.644 [info] Getting sessions for all scopes...
2025-11-16 17:43:34.644 [info] Got 0 sessions for ...
2025-11-16 17:43:34.876 [info] Getting sessions for read:user,repo,user:email,workflow...
2025-11-16 17:43:34.876 [info] Got 0 sessions for read:user,repo,user:email,workflow...
2025-11-16 17:43:35.023 [info] Getting sessions for all scopes...
2025-11-16 17:43:35.023 [info] Got 0 sessions for ...
2025-11-16 17:43:35.197 [info] Getting sessions for all scopes...
2025-11-16 17:43:35.197 [info] Got 0 sessions for ...
2025-11-16 17:43:37.326 [info] Getting sessions for all scopes...
2025-11-16 17:43:37.326 [info] Got 0 sessions for ...
2025-11-16 17:43:37.326 [info] Getting sessions for all scopes...
2025-11-16 17:43:37.326 [info] Got 0 sessions for ...
2025-11-16 17:43:37.328 [info] Getting sessions for all scopes...
2025-11-16 17:43:37.328 [info] Got 0 sessions for ...
2025-11-16 17:43:38.914 [info] Getting sessions for all scopes...
2025-11-16 17:43:38.914 [info] Got 0 sessions for ...
2025-11-16 17:44:49.641 [info] Getting sessions for user:email...
2025-11-16 17:44:49.641 [info] Got 0 sessions for user:email...
2025-11-16 17:44:52.061 [info] Getting sessions for all scopes...
2025-11-16 17:44:52.061 [info] Got 0 sessions for ...
2025-11-16 17:44:52.697 [info] Getting sessions for all scopes...
2025-11-16 17:44:52.697 [info] Got 0 sessions for ...
2025-11-16 17:47:44.931 [info] Getting sessions for read:user,repo,user:email,workflow...
2025-11-16 17:47:44.931 [info] Got 0 sessions for read:user,repo,user:email,workflow...
2025-11-16 17:48:03.895 [info] Getting sessions for all scopes...
2025-11-16 17:48:03.895 [info] Got 0 sessions for ...
2025-11-16 17:48:03.896 [info] Getting sessions for all scopes...
2025-11-16 17:48:03.896 [info] Got 0 sessions for ...
2025-11-16 17:48:04.207 [info] Getting sessions for all scopes...
2025-11-16 17:48:04.207 [info] Got 0 sessions for ...
2025-11-16 17:48:04.335 [info] Getting sessions for all scopes...
2025-11-16 17:48:04.335 [info] Got 0 sessions for ...
2025-11-16 17:48:08.214 [info] Getting sessions for all scopes...
2025-11-16 17:48:08.214 [info] Got 0 sessions for ...
2025-11-16 17:48:08.501 [info] Getting sessions for all scopes...
2025-11-16 17:48:08.501 [info] Got 0 sessions for ...
2025-11-16 17:48:08.501 [info] Getting sessions for all scopes...
2025-11-16 17:48:08.501 [info] Got 0 sessions for ...
2025-11-16 17:48:08.909 [info] Getting sessions for user:email...
2025-11-16 17:48:08.909 [info] Got 0 sessions for user:email...
2025-11-16 17:48:08.909 [info] Getting sessions for read:user,repo,user:email,workflow...
2025-11-16 17:48:08.909 [info] Got 0 sessions for read:user,repo,user:email,workflow...
2025-11-16 17:48:08.970 [info] Getting sessions for all scopes...
2025-11-16 17:48:08.970 [info] Got 0 sessions for ...
2025-11-16 17:48:09.096 [info] Getting sessions for all scopes...
2025-11-16 17:48:09.096 [info] Got 0 sessions for ...
2025-11-16 17:48:09.096 [info] Getting sessions for read:user,repo,user:email,workflow...
2025-11-16 17:48:09.096 [info] Got 0 sessions for read:user,repo,user:email,workflow...
2025-11-16 17:48:09.152 [info] Getting sessions for all scopes...
2025-11-16 17:48:09.152 [info] Got 0 sessions for ...
2025-11-16 17:48:09.152 [info] Getting sessions for all scopes...
2025-11-16 17:48:09.152 [info] Got 0 sessions for ...
2025-11-16 17:48:09.166 [info] Getting sessions for read:user...
2025-11-16 17:48:09.166 [info] Got 0 sessions for read:user...
2025-11-16 17:48:09.171 [info] Getting sessions for user:email...
2025-11-16 17:48:09.171 [info] Got 0 sessions for user:email...
2025-11-16 17:48:09.174 [info] Getting sessions for user:email...
2025-11-16 17:48:09.174 [info] Got 0 sessions for user:email...
2025-11-16 17:48:09.368 [info] Getting sessions for all scopes...
2025-11-16 17:48:09.368 [info] Got 0 sessions for ...
2025-11-16 17:48:09.368 [info] Getting sessions for all scopes...
2025-11-16 17:48:09.368 [info] Got 0 sessions for ...
2025-11-16 17:48:09.369 [info] Getting sessions for all scopes...
2025-11-16 17:48:09.369 [info] Got 0 sessions for ...
2025-11-16 17:48:09.370 [info] Getting sessions for user:email...
2025-11-16 17:48:09.370 [info] Got 0 sessions for user:email...
2025-11-16 17:48:09.370 [info] Getting sessions for read:user,repo,user:email,workflow...
2025-11-16 17:48:09.370 [info] Got 0 sessions for read:user,repo,user:email,workflow...
2025-11-16 17:48:09.375 [info] Getting sessions for all scopes...
2025-11-16 17:48:09.375 [info] Got 0 sessions for ...
2025-11-16 17:48:09.379 [info] Getting sessions for user:email...
2025-11-16 17:48:09.379 [info] Got 0 sessions for user:email...
2025-11-16 17:48:09.382 [info] Getting sessions for all scopes...
2025-11-16 17:48:09.382 [info] Got 0 sessions for ...
2025-11-16 17:48:09.384 [info] Getting sessions for all scopes...
2025-11-16 17:48:09.384 [info] Got 0 sessions for ...
2025-11-16 17:48:09.385 [info] Getting sessions for all scopes...
2025-11-16 17:48:09.385 [info] Got 0 sessions for ...
2025-11-16 17:48:09.386 [info] Getting sessions for user:email...
2025-11-16 17:48:09.386 [info] Got 0 sessions for user:email...
