2025-11-16 17:24:44.959 [info] Reading sessions from keychain...
2025-11-16 17:24:44.959 [info] Getting sessions for all scopes...
2025-11-16 17:24:44.959 [info] Got 0 sessions for ...
2025-11-16 17:24:44.959 [info] Getting sessions for all scopes...
2025-11-16 17:24:44.959 [info] Got 0 sessions for ...
2025-11-16 17:24:44.959 [info] Getting sessions for all scopes...
2025-11-16 17:24:44.959 [info] Got 0 sessions for ...
2025-11-16 17:24:44.959 [info] Getting sessions for all scopes...
2025-11-16 17:24:44.959 [info] Got 0 sessions for ...
2025-11-16 17:24:44.959 [info] Getting sessions for all scopes...
2025-11-16 17:24:44.959 [info] Got 0 sessions for ...
2025-11-16 17:24:44.959 [info] Getting sessions for all scopes...
2025-11-16 17:24:44.959 [info] Got 0 sessions for ...
2025-11-16 17:24:44.959 [info] Getting sessions for all scopes...
2025-11-16 17:24:44.959 [info] Got 0 sessions for ...
2025-11-16 17:24:44.970 [info] Getting sessions for all scopes...
2025-11-16 17:24:44.970 [info] Got 0 sessions for ...
2025-11-16 17:24:44.970 [info] Getting sessions for all scopes...
2025-11-16 17:24:44.970 [info] Got 0 sessions for ...
2025-11-16 17:24:44.971 [info] Getting sessions for all scopes...
2025-11-16 17:24:44.971 [info] Got 0 sessions for ...
2025-11-16 17:24:44.971 [info] Getting sessions for all scopes...
2025-11-16 17:24:44.971 [info] Got 0 sessions for ...
2025-11-16 17:24:44.971 [info] Getting sessions for all scopes...
2025-11-16 17:24:44.971 [info] Got 0 sessions for ...
2025-11-16 17:24:44.971 [info] Getting sessions for all scopes...
2025-11-16 17:24:44.971 [info] Got 0 sessions for ...
2025-11-16 17:24:45.040 [info] Getting sessions for all scopes...
2025-11-16 17:24:45.040 [info] Got 0 sessions for ...
2025-11-16 17:24:45.356 [info] Getting sessions for all scopes...
2025-11-16 17:24:45.356 [info] Got 0 sessions for ...
2025-11-16 17:24:46.804 [info] Getting sessions for all scopes...
2025-11-16 17:24:46.804 [info] Got 0 sessions for ...
2025-11-16 17:24:46.804 [info] Getting sessions for all scopes...
2025-11-16 17:24:46.804 [info] Got 0 sessions for ...
2025-11-16 17:24:46.811 [info] Getting sessions for all scopes...
2025-11-16 17:24:46.811 [info] Got 0 sessions for ...
2025-11-16 17:24:59.762 [info] Reading sessions from keychain...
2025-11-16 17:24:59.762 [info] Getting sessions for all scopes...
2025-11-16 17:24:59.762 [info] Got 0 sessions for ...
2025-11-16 17:24:59.762 [info] Getting sessions for all scopes...
2025-11-16 17:24:59.762 [info] Got 0 sessions for ...
2025-11-16 17:24:59.762 [info] Getting sessions for all scopes...
2025-11-16 17:24:59.762 [info] Got 0 sessions for ...
2025-11-16 17:24:59.762 [info] Getting sessions for all scopes...
2025-11-16 17:24:59.762 [info] Got 0 sessions for ...
2025-11-16 17:24:59.762 [info] Getting sessions for all scopes...
2025-11-16 17:24:59.762 [info] Got 0 sessions for ...
2025-11-16 17:24:59.762 [info] Getting sessions for all scopes...
2025-11-16 17:24:59.762 [info] Got 0 sessions for ...
2025-11-16 17:24:59.762 [info] Getting sessions for all scopes...
2025-11-16 17:24:59.762 [info] Got 0 sessions for ...
2025-11-16 17:24:59.762 [info] Getting sessions for all scopes...
2025-11-16 17:24:59.762 [info] Got 0 sessions for ...
2025-11-16 17:24:59.766 [info] Getting sessions for all scopes...
2025-11-16 17:24:59.766 [info] Got 0 sessions for ...
2025-11-16 17:25:00.148 [info] Getting sessions for all scopes...
2025-11-16 17:25:00.148 [info] Got 0 sessions for ...
2025-11-16 17:25:00.148 [info] Getting sessions for all scopes...
2025-11-16 17:25:00.148 [info] Got 0 sessions for ...
2025-11-16 17:25:00.149 [info] Getting sessions for all scopes...
2025-11-16 17:25:00.149 [info] Got 0 sessions for ...
2025-11-16 17:25:00.149 [info] Getting sessions for all scopes...
2025-11-16 17:25:00.149 [info] Got 0 sessions for ...
2025-11-16 17:25:00.149 [info] Getting sessions for all scopes...
2025-11-16 17:25:00.149 [info] Got 0 sessions for ...
2025-11-16 17:25:00.163 [info] Getting sessions for all scopes...
2025-11-16 17:25:00.163 [info] Got 0 sessions for ...
2025-11-16 17:25:00.390 [info] Getting sessions for read:user,repo,user:email,workflow...
2025-11-16 17:25:00.391 [info] Got 0 sessions for read:user,repo,user:email,workflow...
2025-11-16 17:25:01.831 [info] Getting sessions for all scopes...
2025-11-16 17:25:01.831 [info] Got 0 sessions for ...
2025-11-16 17:25:01.831 [info] Getting sessions for all scopes...
2025-11-16 17:25:01.831 [info] Got 0 sessions for ...
2025-11-16 17:25:01.835 [info] Getting sessions for all scopes...
2025-11-16 17:25:01.835 [info] Got 0 sessions for ...
2025-11-16 17:34:40.440 [info] Getting sessions for read:user,repo,user:email,workflow...
2025-11-16 17:34:40.440 [info] Got 0 sessions for read:user,repo,user:email,workflow...
