2025-11-12 09:43:59.302 [info] Reading sessions from keychain...
2025-11-12 09:43:59.302 [info] Getting sessions for all scopes...
2025-11-12 09:43:59.302 [info] Got 0 sessions for ...
2025-11-12 09:43:59.302 [info] Getting sessions for all scopes...
2025-11-12 09:43:59.302 [info] Got 0 sessions for ...
2025-11-12 09:43:59.302 [info] Getting sessions for all scopes...
2025-11-12 09:43:59.302 [info] Got 0 sessions for ...
2025-11-12 09:43:59.302 [info] Getting sessions for all scopes...
2025-11-12 09:43:59.302 [info] Got 0 sessions for ...
2025-11-12 09:43:59.302 [info] Getting sessions for all scopes...
2025-11-12 09:43:59.302 [info] Got 0 sessions for ...
2025-11-12 09:43:59.302 [info] Getting sessions for all scopes...
2025-11-12 09:43:59.302 [info] Got 0 sessions for ...
2025-11-12 09:43:59.302 [info] Getting sessions for all scopes...
2025-11-12 09:43:59.302 [info] Got 0 sessions for ...
2025-11-12 09:43:59.302 [info] Getting sessions for all scopes...
2025-11-12 09:43:59.302 [info] Got 0 sessions for ...
2025-11-12 09:43:59.302 [info] Getting sessions for all scopes...
2025-11-12 09:43:59.302 [info] Got 0 sessions for ...
2025-11-12 09:43:59.302 [info] Getting sessions for all scopes...
2025-11-12 09:43:59.302 [info] Got 0 sessions for ...
2025-11-12 09:43:59.302 [info] Getting sessions for all scopes...
2025-11-12 09:43:59.302 [info] Got 0 sessions for ...
2025-11-12 09:43:59.302 [info] Getting sessions for all scopes...
2025-11-12 09:43:59.302 [info] Got 0 sessions for ...
2025-11-12 09:43:59.302 [info] Getting sessions for all scopes...
2025-11-12 09:43:59.302 [info] Got 0 sessions for ...
2025-11-12 09:43:59.379 [info] Getting sessions for all scopes...
2025-11-12 09:43:59.379 [info] Got 0 sessions for ...
2025-11-12 09:43:59.487 [info] Getting sessions for all scopes...
2025-11-12 09:43:59.487 [info] Got 0 sessions for ...
2025-11-12 09:44:01.470 [info] Getting sessions for all scopes...
2025-11-12 09:44:01.470 [info] Got 0 sessions for ...
2025-11-12 09:44:01.470 [info] Getting sessions for all scopes...
2025-11-12 09:44:01.470 [info] Got 0 sessions for ...
2025-11-12 09:44:01.472 [info] Getting sessions for all scopes...
2025-11-12 09:44:01.472 [info] Got 0 sessions for ...
2025-11-12 09:44:06.100 [info] Getting sessions for user:email...
2025-11-12 09:44:06.100 [info] Got 0 sessions for user:email...
2025-11-12 09:44:06.156 [info] Getting sessions for all scopes...
2025-11-12 09:44:06.156 [info] Got 0 sessions for ...
2025-11-12 09:47:13.817 [info] Getting sessions for all scopes...
2025-11-12 09:47:13.817 [info] Got 0 sessions for ...
