[1763295496149] INFO  (ext): SQLTools is starting
[1763295496150] INFO  (ext): initializing language client...
[1763295496151] INFO  (ext): Registering client for languages [{"scheme":"sqltools"},{"language":"sql","scheme":"untitled"},{"language":"sql","scheme":"file"},{"language":"sql","scheme":"sqltools"}]
    ns: "lc"
[1763295496153] INFO  (ext): loading plugins...
[1763295496153] INFO  (ext): registering Formatter Plugin.
    plugin: {
      "name": "Formatter Plugin"
    }
[1763295496154] INFO  (ext): registering Connection Manager Plugin.
    plugin: {
      "name": "Connection Manager Plugin"
    }
[1763295496154] INFO  (ext): registering CodeLens Plugin.
    plugin: {
      "name": "CodeLens Plugin",
      "registeredLanguages": []
    }
[1763295496154] INFO  (ext): registering Dependency Manager Plugin.
    plugin: {
      "name": "Dependency Manager Plugin",
      "installingDrivers": []
    }
[1763295496156] INFO  (ext): Connection explorer changed. Will be updated.
    ns: "conn-man:explorer"
[1763295496156] INFO  (ext): registering History Manager Plugin.
    plugin: {
      "name": "History Manager Plugin"
    }
[1763295496156] INFO  (ext): registering Bookmarks Manager Plugin.
    plugin: {
      "name": "Bookmarks Manager Plugin"
    }
[1763295496157] INFO  (ext): registering Authentication Provider Plugin.
    plugin: {
      "name": "Authentication Provider Plugin",
      "isRegistered": false
    }
[1763295496157] INFO  (ext): registering Object Drop-in Provider (plugin).
    plugin: {
      "type": "plugin",
      "name": "Object Drop-in Provider",
      "isRegistered": false
    }
[1763295496157] INFO  (ext): SQLTools activation completed. 7.96437 ms
[1763295496157] INFO  (ext): Formatter Plugin registered!
[1763295496157] INFO  (ext): CodeLens Plugin registered!
[1763295496157] INFO  (ext): Dependency Manager Plugin registered!
[1763295496157] INFO  (ext): Connection Manager Plugin registered!
[1763295496157] INFO  (ext): History Manager Plugin registered!
[1763295496157] INFO  (ext): Bookmarks Manager Plugin registered!
[1763295496157] INFO  (ext): Authentication Provider Plugin registered!
[1763295496157] INFO  (ext): Object Drop-in Provider (plugin) registered!
[1763295497436] INFO  (ext): registering MySQL/MariaDB/TiDB Plugin (driver).
    plugin: {
      "extensionId": "mtxr.sqltools-driver-mysql",
      "name": "MySQL/MariaDB/TiDB Plugin",
      "type": "driver"
    }
[1763295497437] INFO  (ext): registering PostgreSQL/Cockroach Plugin (driver).
    plugin: {
      "extensionId": "mtxr.sqltools-driver-pg",
      "name": "PostgreSQL/Cockroach Plugin",
      "type": "driver"
    }
[1763295496311] INFO  (ls): SQLTools Server started!
===============================
Using node runtime?: no
ExecPath: /opt/visual-studio-code/code 
===============================
[1763295497447] INFO  (ext): LanguageClient ready
    ns: "lc"
[1763295497446] INFO  (ls): Initialized with node version:v22.19.0
[1763295497448] INFO  (ls): REQUEST RECEIVED => ls/RegisterPlugin
[1763295497448] INFO  (ls): request to register plugin: "/home/peaches/.vscode/extensions/mtxr.sqltools-driver-mysql-0.6.6/out/ls/plugin.js"
[1763295497529] INFO  (ls): Driver mysql registered!
    place: "driver-map"
    ns: "ls-context"
[1763295497529] INFO  (ls): Driver mariadb registered!
    place: "driver-map"
    ns: "ls-context"
[1763295497529] INFO  (ls): Driver tidb registered!
    place: "driver-map"
    ns: "ls-context"
[1763295497529] INFO  (ls): REQUEST RECEIVED => ls/RegisterPlugin
[1763295497529] INFO  (ls): request to register plugin: "/home/peaches/.vscode/extensions/mtxr.sqltools-driver-pg-0.5.7/out/ls/plugin.js"
[1763295497563] INFO  (ls): Driver postgresql registered!
    place: "driver-map"
    ns: "ls-context"
[1763295497563] INFO  (ls): Driver aws redshift registered!
    place: "driver-map"
    ns: "ls-context"
[1763295497563] INFO  (ls): Driver cockroachdb registered!
    place: "driver-map"
    ns: "ls-context"
[1763295497738] INFO  (ext): Connection explorer changed. Will be updated.
    ns: "conn-man:explorer"
[1763295497781] INFO  (ext): MySQL/MariaDB/TiDB Plugin (driver) registered!
[1763295497822] INFO  (ext): PostgreSQL/Cockroach Plugin (driver) registered!
[1763295498192] INFO  (ext): Connection explorer changed. Will be updated.
    ns: "conn-man:explorer"
[1763295499094] INFO  (ext): EXECUTING COMMAND => sqltools.refreshTree
[1763295499094] INFO  (ext): Connection explorer changed. Will be updated.
    ns: "conn-man:explorer"
[1763295499114] INFO  (ext): Connection explorer changed. Will be updated.
    ns: "conn-man:explorer"
[1763295559017] INFO  (ext): Connection explorer changed. Will be updated.
    ns: "conn-man:explorer"
[1763295630184] INFO  (ext): EXECUTING COMMAND => sqltools.getConnections
[1763295630185] INFO  (ls): REQUEST RECEIVED => connection/GetConnectionsRequest
[1763295815947] INFO  (ext): Connection explorer changed. Will be updated.
    ns: "conn-man:explorer"
[1763295833005] INFO  (ext): Connection explorer changed. Will be updated.
    ns: "conn-man:explorer"
