2025-11-12 09:43:59.334 [info] [main] Log level: Info
2025-11-12 09:43:59.334 [info] [main] Validating found git in: "git"
2025-11-12 09:43:59.334 [info] [main] Using git "2.51.2" from "git"
2025-11-12 09:43:59.334 [info] [Model][doInitialScan] Initial repository scan started
2025-11-12 09:43:59.334 [info] > git rev-parse --show-toplevel [2ms]
2025-11-12 09:43:59.334 [info] fatal: not a git repository (or any of the parent directories): .git
2025-11-12 09:43:59.334 [info] > git rev-parse --show-toplevel [2ms]
2025-11-12 09:43:59.334 [info] fatal: not a git repository (or any of the parent directories): .git
2025-11-12 09:43:59.334 [info] > git rev-parse --show-toplevel [0ms]
2025-11-12 09:43:59.334 [info] fatal: not a git repository (or any of the parent directories): .git
2025-11-12 09:43:59.334 [info] [Model][doInitialScan] Initial repository scan completed - repositories (0), closed repositories (0), parent repositories (0), unsafe repositories (0)
2025-11-12 09:43:59.354 [info] > git rev-parse --show-toplevel [1ms]
2025-11-12 09:43:59.354 [info] fatal: not a git repository (or any of the parent directories): .git
2025-11-12 09:43:59.398 [info] > git rev-parse --show-toplevel [0ms]
2025-11-12 09:43:59.398 [info] fatal: not a git repository (or any of the parent directories): .git
2025-11-12 09:43:59.463 [info] > git rev-parse --show-toplevel [0ms]
2025-11-12 09:43:59.463 [info] fatal: not a git repository (or any of the parent directories): .git
2025-11-12 09:43:59.495 [info] > git rev-parse --show-toplevel [1ms]
2025-11-12 09:43:59.495 [info] fatal: not a git repository (or any of the parent directories): .git
2025-11-12 09:44:01.448 [info] > git rev-parse --show-toplevel [1ms]
2025-11-12 09:44:01.448 [info] fatal: not a git repository (or any of the parent directories): .git
2025-11-12 09:47:12.249 [info] > git rev-parse --show-toplevel [1ms]
2025-11-12 09:47:12.249 [info] fatal: not a git repository (or any of the parent directories): .git
2025-11-12 09:47:13.800 [info] > git rev-parse --show-toplevel [0ms]
2025-11-12 09:47:13.800 [info] fatal: not a git repository (or any of the parent directories): .git
2025-11-12 09:47:13.833 [info] > git rev-parse --show-toplevel [1ms]
2025-11-12 09:47:13.833 [info] fatal: not a git repository (or any of the parent directories): .git
2025-11-12 09:47:14.795 [info] > git rev-parse --show-toplevel [1ms]
2025-11-12 09:47:14.795 [info] fatal: not a git repository (or any of the parent directories): .git
